2025-03-21 15:03:02.404 [info] Reading sessions from keychain...
2025-03-21 15:03:02.404 [info] Getting sessions for all scopes...
2025-03-21 15:03:02.404 [info] Getting sessions for all scopes...
2025-03-21 15:03:02.406 [info] Getting sessions for all scopes...
2025-03-21 15:03:02.407 [info] Getting sessions for all scopes...
2025-03-21 15:03:02.408 [info] Getting sessions for all scopes...
2025-03-21 15:03:02.409 [info] Getting sessions for all scopes...
2025-03-21 15:03:02.409 [info] Getting sessions for all scopes...
2025-03-21 15:03:02.463 [info] Got stored sessions!
2025-03-21 15:03:02.463 [info] Got 1 verified sessions.
2025-03-21 15:03:02.463 [info] Got 1 sessions for ...
2025-03-21 15:03:02.463 [info] Got 1 sessions for ...
2025-03-21 15:03:02.463 [info] Got 1 sessions for ...
2025-03-21 15:03:02.463 [info] Got 1 sessions for ...
2025-03-21 15:03:02.463 [info] Got 1 sessions for ...
2025-03-21 15:03:02.463 [info] Got 1 sessions for ...
2025-03-21 15:03:02.463 [info] Got 1 sessions for ...
2025-03-21 15:03:02.667 [info] Getting sessions for all scopes...
2025-03-21 15:03:02.667 [info] Got 1 sessions for ...
2025-03-21 15:03:04.333 [info] Getting sessions for user:email...
2025-03-21 15:03:04.333 [info] Got 1 sessions for user:email...
2025-03-21 15:03:04.814 [info] Getting sessions for all scopes...
2025-03-21 15:03:04.814 [info] Got 1 sessions for ...
2025-03-21 15:03:04.922 [info] Getting sessions for read:user,repo,user:email,workflow...
2025-03-21 15:03:04.922 [info] Got 0 sessions for read:user,repo,user:email,workflow...
2025-03-21 15:03:04.922 [info] Getting sessions for all scopes...
2025-03-21 15:03:04.922 [info] Got 1 sessions for ...
2025-03-21 15:03:04.922 [info] Getting sessions for all scopes...
2025-03-21 15:03:04.922 [info] Got 1 sessions for ...
2025-03-21 15:03:05.068 [info] Getting sessions for read:user...
2025-03-21 15:03:05.068 [info] Got 0 sessions for read:user...
2025-03-21 15:03:05.068 [info] Getting sessions for read:user,repo,user:email,workflow...
2025-03-21 15:03:05.068 [info] Got 0 sessions for read:user,repo,user:email,workflow...
2025-03-21 15:03:05.127 [info] Getting sessions for read:user,repo,user:email,workflow...
2025-03-21 15:03:05.127 [info] Got 0 sessions for read:user,repo,user:email,workflow...
2025-03-21 15:03:05.202 [info] Getting sessions for user:email...
2025-03-21 15:03:05.202 [info] Got 1 sessions for user:email...
2025-03-21 15:03:05.202 [info] Getting sessions for user:email...
2025-03-21 15:03:05.202 [info] Got 1 sessions for user:email...
2025-03-21 15:03:05.202 [info] Getting sessions for read:user,repo,user:email,workflow...
2025-03-21 15:03:05.202 [info] Got 0 sessions for read:user,repo,user:email,workflow...
2025-03-21 15:03:05.250 [info] Getting sessions for all scopes...
2025-03-21 15:03:05.250 [info] Got 1 sessions for ...
2025-03-21 15:03:06.804 [info] Getting sessions for read:user,repo,user:email,workflow...
2025-03-21 15:03:06.804 [info] Got 0 sessions for read:user,repo,user:email,workflow...
2025-03-21 15:03:06.805 [info] Getting sessions for user:email...
2025-03-21 15:03:06.805 [info] Got 1 sessions for user:email...
2025-03-21 15:03:06.807 [info] Getting sessions for all scopes...
2025-03-21 15:03:06.807 [info] Got 1 sessions for ...
2025-03-21 15:03:06.815 [info] Getting sessions for read:user,repo,user:email,workflow...
2025-03-21 15:03:06.815 [info] Got 0 sessions for read:user,repo,user:email,workflow...
2025-03-21 15:03:06.816 [info] Getting sessions for user:email...
2025-03-21 15:03:06.816 [info] Got 1 sessions for user:email...
2025-03-21 15:03:08.306 [info] Getting sessions for all scopes...
2025-03-21 15:03:08.306 [info] Got 1 sessions for ...
2025-03-21 15:03:08.311 [info] Getting sessions for read:user,repo,user:email,workflow...
2025-03-21 15:03:08.311 [info] Got 0 sessions for read:user,repo,user:email,workflow...
2025-03-21 15:03:08.313 [info] Getting sessions for user:email...
2025-03-21 15:03:08.313 [info] Got 1 sessions for user:email...
2025-03-21 15:03:09.035 [info] Getting sessions for all scopes...
2025-03-21 15:03:09.035 [info] Got 1 sessions for ...
2025-03-21 15:03:09.053 [info] Getting sessions for all scopes...
2025-03-21 15:03:09.053 [info] Got 1 sessions for ...
2025-03-21 15:03:09.054 [info] Getting sessions for read:user,repo,user:email,workflow...
2025-03-21 15:03:09.054 [info] Got 0 sessions for read:user,repo,user:email,workflow...
2025-03-21 15:03:09.055 [info] Getting sessions for user:email...
2025-03-21 15:03:09.055 [info] Got 1 sessions for user:email...
2025-03-21 15:03:09.055 [info] Getting sessions for read:user,repo,user:email,workflow...
2025-03-21 15:03:09.055 [info] Got 0 sessions for read:user,repo,user:email,workflow...
2025-03-21 15:03:09.060 [info] Getting sessions for all scopes...
2025-03-21 15:03:09.060 [info] Got 1 sessions for ...
2025-03-21 15:03:09.062 [info] Getting sessions for read:user,repo,user:email,workflow...
2025-03-21 15:03:09.062 [info] Got 0 sessions for read:user,repo,user:email,workflow...
2025-03-21 15:03:09.063 [info] Getting sessions for user:email...
2025-03-21 15:03:09.063 [info] Got 1 sessions for user:email...
2025-03-21 15:03:09.186 [info] Getting sessions for all scopes...
2025-03-21 15:03:09.187 [info] Got 1 sessions for ...
2025-03-21 15:03:09.188 [info] Getting sessions for all scopes...
2025-03-21 15:03:09.188 [info] Got 1 sessions for ...
2025-03-21 15:03:09.201 [info] Getting sessions for read:user,repo,user:email,workflow...
2025-03-21 15:03:09.201 [info] Got 0 sessions for read:user,repo,user:email,workflow...
2025-03-21 15:03:09.203 [info] Getting sessions for user:email...
2025-03-21 15:03:09.203 [info] Got 1 sessions for user:email...
2025-03-21 15:03:09.203 [info] Getting sessions for read:user,repo,user:email,workflow...
2025-03-21 15:03:09.203 [info] Got 0 sessions for read:user,repo,user:email,workflow...
2025-03-21 15:03:09.209 [info] Getting sessions for all scopes...
2025-03-21 15:03:09.209 [info] Got 1 sessions for ...
2025-03-21 15:03:09.210 [info] Getting sessions for read:user,repo,user:email,workflow...
2025-03-21 15:03:09.211 [info] Got 0 sessions for read:user,repo,user:email,workflow...
2025-03-21 15:03:09.212 [info] Getting sessions for user:email...
2025-03-21 15:03:09.212 [info] Got 1 sessions for user:email...
2025-03-21 15:03:11.473 [info] Getting sessions for all scopes...
2025-03-21 15:03:11.473 [info] Got 1 sessions for ...
2025-03-21 15:03:11.475 [info] Getting sessions for read:user,repo,user:email,workflow...
2025-03-21 15:03:11.475 [info] Got 0 sessions for read:user,repo,user:email,workflow...
2025-03-21 15:03:11.476 [info] Getting sessions for user:email...
2025-03-21 15:03:11.476 [info] Got 1 sessions for user:email...
