2025-03-19 20:35:12.694 [info] (Client) Pylance async client (2025.3.2) started with python extension (2025.2.0)
2025-03-19 20:35:13.525 [info] [Info  - 20:35:13] (31113) Server root directory: file:///home/shiv/.vscode/extensions/ms-python.vscode-pylance-2025.3.2/dist
2025-03-19 20:35:13.526 [info] [Info  - 20:35:13] (31113) Pylance language server 2025.3.2 (pyright version 1.1.396, commit 3e2236a7) starting
2025-03-19 20:35:13.729 [info] [Info  - 20:35:13] (31113) Starting service instance "<default>"
2025-03-19 20:35:13.813 [info] [Info  - 20:35:13] (31113) Setting environmentName for service "<default>": "3.13.2 (sip-dev venv)"
2025-03-19 20:35:13.813 [info] [Info  - 20:35:13] (31113) Setting pythonPath for service "<default>": "/home/shiv/devthon/sip-dev/bin/python"
2025-03-19 20:35:13.814 [info] [Info  - 20:35:13] (31113) No include entries specified; assuming /<default workspace root>
2025-03-19 20:35:13.816 [info] [Info  - 20:35:13] (31113) Auto-excluding **/node_modules
2025-03-19 20:35:13.817 [info] [Info  - 20:35:13] (31113) Auto-excluding **/__pycache__
2025-03-19 20:35:13.817 [info] [Info  - 20:35:13] (31113) Auto-excluding **/.*
2025-03-19 20:35:13.869 [info] [Info  - 20:35:13] (31113) Assuming Python version 3.13.2.final.0
2025-03-19 20:35:14.007 [info] [Error - 20:35:14] (31113) File or directory "/<default workspace root>" does not exist.
2025-03-19 20:35:14.009 [info] [Info  - 20:35:14] (31113) No source files found.
2025-03-19 20:35:14.078 [info] [Info  - 20:35:14] (31113) Setting environmentName for service "<default>": "3.13.2 (sip-dev venv)"
2025-03-19 20:35:14.078 [info] [Info  - 20:35:14] (31113) Setting pythonPath for service "<default>": "/home/shiv/devthon/sip-dev/bin/python"
2025-03-19 20:35:14.078 [info] [Info  - 20:35:14] (31113) No include entries specified; assuming /<default workspace root>
2025-03-19 20:35:14.078 [info] [Info  - 20:35:14] (31113) Auto-excluding **/node_modules
2025-03-19 20:35:14.078 [info] [Info  - 20:35:14] (31113) Auto-excluding **/__pycache__
2025-03-19 20:35:14.078 [info] [Info  - 20:35:14] (31113) Auto-excluding **/.*
2025-03-19 20:35:14.129 [info] [Info  - 20:35:14] (31113) Assuming Python version 3.13.2.final.0
2025-03-19 20:35:14.325 [info] [Error - 20:35:14] (31113) File or directory "/<default workspace root>" does not exist.
2025-03-19 20:35:14.362 [info] [Info  - 20:35:14] (31113) No source files found.
2025-03-19 20:35:15.089 [info] [Info  - 20:35:15] (31113) Priority queue background worker(2) root directory: file:///home/shiv/.vscode/extensions/ms-python.vscode-pylance-2025.3.2/dist
2025-03-19 20:35:15.089 [info] [Info  - 20:35:15] (31113) Priority queue background worker(2) started
2025-03-19 20:35:19.870 [info] [Info  - 20:35:19] (31113) [BG(1)] Long operation: SemanticTokens full at file:///home/shiv/devthon/gui.py (4549ms)
