2025-03-21 15:03:04.255 [info] [main] Log level: Info
2025-03-21 15:03:04.255 [info] [main] Validating found git in: "git"
2025-03-21 15:03:04.255 [info] [main] Using git "2.49.0" from "git"
2025-03-21 15:03:04.255 [info] [Model][doInitialScan] Initial repository scan started
2025-03-21 15:03:04.255 [info] > git rev-parse --show-toplevel [11ms]
2025-03-21 15:03:04.255 [info] > git rev-parse --git-dir --git-common-dir [2ms]
2025-03-21 15:03:04.255 [info] [Model][openRepository] Opened repository: /home/shiv/Documents/Clg-practicals
2025-03-21 15:03:04.255 [info] [Model][doInitialScan] Initial repository scan completed - repositories (1), closed repositories (0), parent repositories (0), unsafe repositories (0)
2025-03-21 15:03:04.257 [info] > git config --get commit.template [1435ms]
2025-03-21 15:03:04.903 [info] > git check-ignore -v -z --stdin [65ms]
2025-03-21 15:03:04.904 [info] > git show --textconv :C-bot/sjf-non-premptive.c [41ms]
2025-03-21 15:03:04.905 [info] > git ls-files --stage -- C-bot/sjf-non-premptive.c [25ms]
2025-03-21 15:03:04.926 [info] > git cat-file -s 3330694858e1327d6ba26b94306c64881383a35e [6ms]
2025-03-21 15:03:04.928 [info] > git for-each-ref --format=%(refname)%00%(upstream:short)%00%(objectname)%00%(upstream:track)%00%(upstream:remotename)%00%(upstream:remoteref) refs/heads/master refs/remotes/master [27ms]
2025-03-21 15:03:04.978 [info] > git status -z -uall [23ms]
2025-03-21 15:03:04.982 [info] > git for-each-ref --sort -committerdate --format %(refname) %(objectname) %(*objectname) [6ms]
2025-03-21 15:03:05.047 [info] > git for-each-ref --format=%(refname)%00%(upstream:short)%00%(objectname)%00%(upstream:track)%00%(upstream:remotename)%00%(upstream:remoteref) refs/heads/master refs/remotes/master [24ms]
2025-03-21 15:03:05.070 [info] > git config --get --local branch.master.vscode-merge-base [4ms]
2025-03-21 15:03:05.086 [info] > git config --get commit.template [40ms]
2025-03-21 15:03:05.093 [info] > git for-each-ref --format=%(refname)%00%(upstream:short)%00%(objectname)%00%(upstream:track)%00%(upstream:remotename)%00%(upstream:remoteref) refs/heads/origin/master refs/remotes/origin/master [8ms]
2025-03-21 15:03:05.186 [info] > git for-each-ref --format=%(refname)%00%(upstream:short)%00%(objectname)%00%(upstream:track)%00%(upstream:remotename)%00%(upstream:remoteref) refs/heads/master refs/remotes/master [60ms]
2025-03-21 15:03:05.187 [info] > git merge-base refs/heads/master refs/remotes/origin/master [78ms]
2025-03-21 15:03:05.204 [info] > git diff --name-status -z --diff-filter=ADMR 5c4aa68fa53a6c4bc4c692f836e25811b457f767...refs/remotes/origin/master [3ms]
2025-03-21 15:03:05.236 [info] > git status -z -uall [17ms]
2025-03-21 15:03:05.236 [info] > git for-each-ref --sort -committerdate --format %(refname) %(objectname) %(*objectname) [4ms]
2025-03-21 15:03:24.142 [info] > git blame --root --incremental 5c4aa68fa53a6c4bc4c692f836e25811b457f767 -- C-bot/sjf-non-premptive.c [6ms]
2025-03-21 15:05:34.688 [info] > git config --get commit.template [25ms]
2025-03-21 15:05:34.688 [info] > git for-each-ref --format=%(refname)%00%(upstream:short)%00%(objectname)%00%(upstream:track)%00%(upstream:remotename)%00%(upstream:remoteref) refs/heads/master refs/remotes/master [2ms]
2025-03-21 15:05:34.719 [info] > git status -z -uall [16ms]
2025-03-21 15:05:34.720 [info] > git for-each-ref --sort -committerdate --format %(refname) %(objectname) %(*objectname) [2ms]
2025-03-21 15:05:57.277 [info] > git config --get commit.template [23ms]
2025-03-21 15:05:57.279 [info] > git for-each-ref --format=%(refname)%00%(upstream:short)%00%(objectname)%00%(upstream:track)%00%(upstream:remotename)%00%(upstream:remoteref) refs/heads/master refs/remotes/master [3ms]
2025-03-21 15:05:57.348 [info] > git status -z -uall [21ms]
2025-03-21 15:05:57.350 [info] > git for-each-ref --sort -committerdate --format %(refname) %(objectname) %(*objectname) [3ms]
2025-03-21 15:07:02.374 [info] > git config --get commit.template [29ms]
2025-03-21 15:07:02.375 [info] > git for-each-ref --format=%(refname)%00%(upstream:short)%00%(objectname)%00%(upstream:track)%00%(upstream:remotename)%00%(upstream:remoteref) refs/heads/master refs/remotes/master [3ms]
2025-03-21 15:07:02.425 [info] > git status -z -uall [31ms]
2025-03-21 15:07:02.428 [info] > git for-each-ref --sort -committerdate --format %(refname) %(objectname) %(*objectname) [7ms]
