2025-03-19 21:10:43.969 [info] [main] Log level: Info
2025-03-19 21:10:43.969 [info] [main] Validating found git in: "git"
2025-03-19 21:10:43.969 [info] [main] Using git "2.49.0" from "git"
2025-03-19 21:10:43.969 [info] [Model][doInitialScan] Initial repository scan started
2025-03-19 21:10:43.969 [info] > git rev-parse --show-toplevel [13ms]
2025-03-19 21:10:43.969 [info] > git rev-parse --git-dir --git-common-dir [806ms]
2025-03-19 21:10:43.969 [info] [Model][openRepository] Opened repository: /home/shiv/devthon
2025-03-19 21:10:43.969 [info] [Model][doInitialScan] Initial repository scan completed - repositories (1), closed repositories (0), parent repositories (0), unsafe repositories (0)
2025-03-19 21:10:43.973 [info] > git config --get commit.template [33ms]
2025-03-19 21:10:43.997 [info] > git for-each-ref --format=%(refname)%00%(upstream:short)%00%(objectname)%00%(upstream:track)%00%(upstream:remotename)%00%(upstream:remoteref) refs/heads/master refs/remotes/master [3ms]
2025-03-19 21:10:44.050 [info] > git status -z -uall [37ms]
2025-03-19 21:10:44.051 [info] > git for-each-ref --sort -committerdate --format %(refname) %(objectname) %(*objectname) [21ms]
2025-03-19 21:10:44.132 [info] > git for-each-ref --format=%(refname)%00%(upstream:short)%00%(objectname)%00%(upstream:track)%00%(upstream:remotename)%00%(upstream:remoteref) refs/heads/master refs/remotes/master [45ms]
2025-03-19 21:10:44.174 [info] > git config --get --local branch.master.vscode-merge-base [26ms]
2025-03-19 21:10:44.174 [warning] [Git][config] git config failed: Failed to execute git
2025-03-19 21:10:44.190 [info] > git config --get commit.template [62ms]
2025-03-19 21:10:44.193 [info] > git reflog master --grep-reflog=branch: Created from *. [3ms]
2025-03-19 21:10:44.227 [info] > git symbolic-ref --short refs/remotes/origin/HEAD [18ms]
2025-03-19 21:10:44.227 [info] fatal: ref refs/remotes/origin/HEAD is not a symbolic ref
2025-03-19 21:10:44.227 [warning] [Repository][getDefaultBranch] Failed to get default branch details: Failed to execute git.
2025-03-19 21:10:44.266 [info] > git show --textconv :gui.py [17ms]
2025-03-19 21:10:44.267 [info] > git for-each-ref --format=%(refname)%00%(upstream:short)%00%(objectname)%00%(upstream:track)%00%(upstream:remotename)%00%(upstream:remoteref) refs/heads/master refs/remotes/master [40ms]
2025-03-19 21:10:44.300 [info] > git status -z -uall [19ms]
2025-03-19 21:10:44.300 [info] > git for-each-ref --sort -committerdate --format %(refname) %(objectname) %(*objectname) [3ms]
2025-03-19 21:10:44.303 [info] > git ls-files --stage -- gui.py [39ms]
2025-03-19 21:10:44.354 [info] > git cat-file -s e879ad4f268ec439c822a503fb2e0fe3414e28cf [36ms]
2025-03-19 21:10:46.430 [info] > git check-ignore -v -z --stdin [52ms]
2025-03-19 21:10:46.478 [info] > git blame --root --incremental 2de168ae375b1b620ef4b00b54285b2bb87e55a1 -- gui.py [22ms]
2025-03-19 21:11:51.299 [info] > git config --get commit.template [17ms]
2025-03-19 21:11:51.299 [info] > git for-each-ref --format=%(refname)%00%(upstream:short)%00%(objectname)%00%(upstream:track)%00%(upstream:remotename)%00%(upstream:remoteref) refs/heads/master refs/remotes/master [2ms]
2025-03-19 21:11:51.333 [info] > git status -z -uall [18ms]
2025-03-19 21:11:51.333 [info] > git for-each-ref --sort -committerdate --format %(refname) %(objectname) %(*objectname) [3ms]
2025-03-19 21:13:16.377 [info] > git config --get commit.template [23ms]
2025-03-19 21:13:16.378 [info] > git for-each-ref --format=%(refname)%00%(upstream:short)%00%(objectname)%00%(upstream:track)%00%(upstream:remotename)%00%(upstream:remoteref) refs/heads/master refs/remotes/master [1ms]
2025-03-19 21:13:16.411 [info] > git status -z -uall [17ms]
2025-03-19 21:13:16.412 [info] > git for-each-ref --sort -committerdate --format %(refname) %(objectname) %(*objectname) [2ms]
2025-03-19 21:13:24.493 [info] > git config --get commit.template [27ms]
2025-03-19 21:13:24.494 [info] > git for-each-ref --format=%(refname)%00%(upstream:short)%00%(objectname)%00%(upstream:track)%00%(upstream:remotename)%00%(upstream:remoteref) refs/heads/master refs/remotes/master [3ms]
2025-03-19 21:13:24.536 [info] > git status -z -uall [22ms]
2025-03-19 21:13:24.537 [info] > git for-each-ref --sort -committerdate --format %(refname) %(objectname) %(*objectname) [2ms]
2025-03-19 21:16:38.153 [info] > git config --get commit.template [19ms]
2025-03-19 21:16:38.154 [info] > git for-each-ref --format=%(refname)%00%(upstream:short)%00%(objectname)%00%(upstream:track)%00%(upstream:remotename)%00%(upstream:remoteref) refs/heads/master refs/remotes/master [2ms]
2025-03-19 21:16:38.190 [info] > git status -z -uall [19ms]
2025-03-19 21:16:38.191 [info] > git for-each-ref --sort -committerdate --format %(refname) %(objectname) %(*objectname) [2ms]
2025-03-19 21:17:18.125 [info] > git config --get commit.template [18ms]
2025-03-19 21:17:18.126 [info] > git for-each-ref --format=%(refname)%00%(upstream:short)%00%(objectname)%00%(upstream:track)%00%(upstream:remotename)%00%(upstream:remoteref) refs/heads/master refs/remotes/master [1ms]
2025-03-19 21:17:18.172 [info] > git status -z -uall [28ms]
2025-03-19 21:17:18.172 [info] > git for-each-ref --sort -committerdate --format %(refname) %(objectname) %(*objectname) [7ms]
2025-03-19 21:17:52.375 [info] > git config --get commit.template [30ms]
2025-03-19 21:17:52.376 [info] > git for-each-ref --format=%(refname)%00%(upstream:short)%00%(objectname)%00%(upstream:track)%00%(upstream:remotename)%00%(upstream:remoteref) refs/heads/master refs/remotes/master [1ms]
2025-03-19 21:17:52.431 [info] > git status -z -uall [29ms]
2025-03-19 21:17:52.433 [info] > git for-each-ref --sort -committerdate --format %(refname) %(objectname) %(*objectname) [7ms]
2025-03-19 21:18:05.921 [info] > git config --get commit.template [26ms]
2025-03-19 21:18:05.922 [info] > git for-each-ref --format=%(refname)%00%(upstream:short)%00%(objectname)%00%(upstream:track)%00%(upstream:remotename)%00%(upstream:remoteref) refs/heads/master refs/remotes/master [2ms]
2025-03-19 21:18:05.960 [info] > git status -z -uall [18ms]
2025-03-19 21:18:05.962 [info] > git for-each-ref --sort -committerdate --format %(refname) %(objectname) %(*objectname) [3ms]
2025-03-19 21:19:54.639 [info] > git config --get commit.template [19ms]
2025-03-19 21:19:54.640 [info] > git for-each-ref --format=%(refname)%00%(upstream:short)%00%(objectname)%00%(upstream:track)%00%(upstream:remotename)%00%(upstream:remoteref) refs/heads/master refs/remotes/master [2ms]
2025-03-19 21:19:54.674 [info] > git status -z -uall [17ms]
2025-03-19 21:19:54.676 [info] > git for-each-ref --sort -committerdate --format %(refname) %(objectname) %(*objectname) [2ms]
2025-03-19 21:21:06.729 [info] > git config --get commit.template [2ms]
2025-03-19 21:21:06.747 [info] > git for-each-ref --format=%(refname)%00%(upstream:short)%00%(objectname)%00%(upstream:track)%00%(upstream:remotename)%00%(upstream:remoteref) refs/heads/master refs/remotes/master [2ms]
2025-03-19 21:21:06.781 [info] > git status -z -uall [18ms]
2025-03-19 21:21:06.782 [info] > git for-each-ref --sort -committerdate --format %(refname) %(objectname) %(*objectname) [2ms]
2025-03-19 21:21:48.209 [info] > git config --get commit.template [34ms]
2025-03-19 21:21:48.210 [info] > git for-each-ref --format=%(refname)%00%(upstream:short)%00%(objectname)%00%(upstream:track)%00%(upstream:remotename)%00%(upstream:remoteref) refs/heads/master refs/remotes/master [2ms]
2025-03-19 21:21:48.252 [info] > git status -z -uall [21ms]
2025-03-19 21:21:48.253 [info] > git for-each-ref --sort -committerdate --format %(refname) %(objectname) %(*objectname) [2ms]
2025-03-19 21:22:07.590 [info] > git config --get commit.template [30ms]
2025-03-19 21:22:07.592 [info] > git for-each-ref --format=%(refname)%00%(upstream:short)%00%(objectname)%00%(upstream:track)%00%(upstream:remotename)%00%(upstream:remoteref) refs/heads/master refs/remotes/master [3ms]
2025-03-19 21:22:07.642 [info] > git status -z -uall [26ms]
2025-03-19 21:22:07.644 [info] > git for-each-ref --sort -committerdate --format %(refname) %(objectname) %(*objectname) [3ms]
2025-03-19 21:22:39.621 [info] > git config --get commit.template [18ms]
2025-03-19 21:22:39.622 [info] > git for-each-ref --format=%(refname)%00%(upstream:short)%00%(objectname)%00%(upstream:track)%00%(upstream:remotename)%00%(upstream:remoteref) refs/heads/master refs/remotes/master [1ms]
2025-03-19 21:22:39.658 [info] > git status -z -uall [19ms]
2025-03-19 21:22:39.660 [info] > git for-each-ref --sort -committerdate --format %(refname) %(objectname) %(*objectname) [2ms]
2025-03-19 21:23:39.667 [info] > git config --get commit.template [25ms]
2025-03-19 21:23:39.667 [info] > git for-each-ref --format=%(refname)%00%(upstream:short)%00%(objectname)%00%(upstream:track)%00%(upstream:remotename)%00%(upstream:remoteref) refs/heads/master refs/remotes/master [2ms]
2025-03-19 21:23:39.705 [info] > git status -z -uall [18ms]
2025-03-19 21:23:39.709 [info] > git for-each-ref --sort -committerdate --format %(refname) %(objectname) %(*objectname) [4ms]
2025-03-19 21:23:55.347 [info] > git config --get commit.template [19ms]
2025-03-19 21:23:55.348 [info] > git for-each-ref --format=%(refname)%00%(upstream:short)%00%(objectname)%00%(upstream:track)%00%(upstream:remotename)%00%(upstream:remoteref) refs/heads/master refs/remotes/master [2ms]
2025-03-19 21:23:55.384 [info] > git status -z -uall [18ms]
2025-03-19 21:23:55.385 [info] > git for-each-ref --sort -committerdate --format %(refname) %(objectname) %(*objectname) [2ms]
2025-03-19 21:24:12.884 [info] > git config --get commit.template [23ms]
2025-03-19 21:24:12.885 [info] > git for-each-ref --format=%(refname)%00%(upstream:short)%00%(objectname)%00%(upstream:track)%00%(upstream:remotename)%00%(upstream:remoteref) refs/heads/master refs/remotes/master [1ms]
2025-03-19 21:24:12.921 [info] > git status -z -uall [18ms]
2025-03-19 21:24:12.923 [info] > git for-each-ref --sort -committerdate --format %(refname) %(objectname) %(*objectname) [2ms]
2025-03-19 21:25:02.440 [info] > git config --get commit.template [29ms]
2025-03-19 21:25:02.441 [info] > git for-each-ref --format=%(refname)%00%(upstream:short)%00%(objectname)%00%(upstream:track)%00%(upstream:remotename)%00%(upstream:remoteref) refs/heads/master refs/remotes/master [6ms]
2025-03-19 21:25:02.493 [info] > git status -z -uall [28ms]
2025-03-19 21:25:02.495 [info] > git for-each-ref --sort -committerdate --format %(refname) %(objectname) %(*objectname) [2ms]
2025-03-19 21:25:11.428 [info] > git config --get commit.template [18ms]
2025-03-19 21:25:11.429 [info] > git for-each-ref --format=%(refname)%00%(upstream:short)%00%(objectname)%00%(upstream:track)%00%(upstream:remotename)%00%(upstream:remoteref) refs/heads/master refs/remotes/master [2ms]
2025-03-19 21:25:11.465 [info] > git status -z -uall [19ms]
2025-03-19 21:25:11.466 [info] > git for-each-ref --sort -committerdate --format %(refname) %(objectname) %(*objectname) [2ms]
2025-03-19 21:26:10.725 [info] > git config --get commit.template [25ms]
2025-03-19 21:26:10.726 [info] > git for-each-ref --format=%(refname)%00%(upstream:short)%00%(objectname)%00%(upstream:track)%00%(upstream:remotename)%00%(upstream:remoteref) refs/heads/master refs/remotes/master [1ms]
2025-03-19 21:26:10.783 [info] > git status -z -uall [29ms]
2025-03-19 21:26:10.784 [info] > git for-each-ref --sort -committerdate --format %(refname) %(objectname) %(*objectname) [6ms]
2025-03-19 21:26:44.967 [info] > git config --get commit.template [32ms]
2025-03-19 21:26:44.968 [info] > git for-each-ref --format=%(refname)%00%(upstream:short)%00%(objectname)%00%(upstream:track)%00%(upstream:remotename)%00%(upstream:remoteref) refs/heads/master refs/remotes/master [2ms]
2025-03-19 21:26:45.022 [info] > git status -z -uall [31ms]
2025-03-19 21:26:45.023 [info] > git for-each-ref --sort -committerdate --format %(refname) %(objectname) %(*objectname) [3ms]
2025-03-19 21:27:25.718 [info] > git config --get commit.template [26ms]
2025-03-19 21:27:25.719 [info] > git for-each-ref --format=%(refname)%00%(upstream:short)%00%(objectname)%00%(upstream:track)%00%(upstream:remotename)%00%(upstream:remoteref) refs/heads/master refs/remotes/master [2ms]
2025-03-19 21:27:25.776 [info] > git status -z -uall [28ms]
2025-03-19 21:27:25.778 [info] > git for-each-ref --sort -committerdate --format %(refname) %(objectname) %(*objectname) [6ms]
2025-03-19 21:28:22.603 [info] > git config --get commit.template [18ms]
2025-03-19 21:28:22.603 [info] > git for-each-ref --format=%(refname)%00%(upstream:short)%00%(objectname)%00%(upstream:track)%00%(upstream:remotename)%00%(upstream:remoteref) refs/heads/master refs/remotes/master [1ms]
2025-03-19 21:28:22.636 [info] > git status -z -uall [17ms]
2025-03-19 21:28:22.637 [info] > git for-each-ref --sort -committerdate --format %(refname) %(objectname) %(*objectname) [1ms]
2025-03-19 21:29:16.511 [info] > git config --get commit.template [2ms]
2025-03-19 21:29:16.531 [info] > git for-each-ref --format=%(refname)%00%(upstream:short)%00%(objectname)%00%(upstream:track)%00%(upstream:remotename)%00%(upstream:remoteref) refs/heads/master refs/remotes/master [2ms]
2025-03-19 21:29:16.567 [info] > git status -z -uall [19ms]
2025-03-19 21:29:16.568 [info] > git for-each-ref --sort -committerdate --format %(refname) %(objectname) %(*objectname) [2ms]
2025-03-19 21:31:59.321 [info] > git config --get commit.template [34ms]
2025-03-19 21:31:59.321 [info] > git for-each-ref --format=%(refname)%00%(upstream:short)%00%(objectname)%00%(upstream:track)%00%(upstream:remotename)%00%(upstream:remoteref) refs/heads/master refs/remotes/master [2ms]
2025-03-19 21:31:59.375 [info] > git status -z -uall [26ms]
2025-03-19 21:31:59.376 [info] > git for-each-ref --sort -committerdate --format %(refname) %(objectname) %(*objectname) [2ms]
2025-03-19 21:35:21.633 [info] > git config --get commit.template [20ms]
2025-03-19 21:35:21.634 [info] > git for-each-ref --format=%(refname)%00%(upstream:short)%00%(objectname)%00%(upstream:track)%00%(upstream:remotename)%00%(upstream:remoteref) refs/heads/master refs/remotes/master [2ms]
2025-03-19 21:35:21.671 [info] > git status -z -uall [20ms]
2025-03-19 21:35:21.672 [info] > git for-each-ref --sort -committerdate --format %(refname) %(objectname) %(*objectname) [3ms]
