2025-03-19 20:35:10.588 [info] [main] Log level: Info
2025-03-19 20:35:10.588 [info] [main] Validating found git in: "git"
2025-03-19 20:35:10.588 [info] [main] Using git "2.49.0" from "git"
2025-03-19 20:35:10.588 [info] [Model][doInitialScan] Initial repository scan started
2025-03-19 20:35:10.588 [info] > git rev-parse --show-toplevel [735ms]
2025-03-19 20:35:10.588 [info] > git rev-parse --git-dir --git-common-dir [789ms]
2025-03-19 20:35:10.588 [info] [Model][openRepository] Opened repository: /home/shiv/devthon
2025-03-19 20:35:10.588 [info] [Model][doInitialScan] Initial repository scan completed - repositories (1), closed repositories (0), parent repositories (0), unsafe repositories (0)
2025-03-19 20:35:10.614 [info] > git config --get commit.template [8ms]
2025-03-19 20:35:10.639 [info] > git for-each-ref --format=%(refname)%00%(upstream:short)%00%(objectname)%00%(upstream:track)%00%(upstream:remotename)%00%(upstream:remoteref) refs/heads/master refs/remotes/master [2ms]
2025-03-19 20:35:10.679 [info] > git status -z -uall [22ms]
2025-03-19 20:35:10.680 [info] > git for-each-ref --sort -committerdate --format %(refname) %(objectname) %(*objectname) [3ms]
2025-03-19 20:35:10.758 [info] > git for-each-ref --format=%(refname)%00%(upstream:short)%00%(objectname)%00%(upstream:track)%00%(upstream:remotename)%00%(upstream:remoteref) refs/heads/master refs/remotes/master [19ms]
2025-03-19 20:35:10.780 [info] > git config --get --local branch.master.vscode-merge-base [5ms]
2025-03-19 20:35:10.780 [warning] [Git][config] git config failed: Failed to execute git
2025-03-19 20:35:10.795 [info] > git config --get commit.template [39ms]
2025-03-19 20:35:10.799 [info] > git reflog master --grep-reflog=branch: Created from *. [4ms]
2025-03-19 20:35:10.830 [info] > git symbolic-ref --short refs/remotes/origin/HEAD [17ms]
2025-03-19 20:35:10.830 [info] fatal: ref refs/remotes/origin/HEAD is not a symbolic ref
2025-03-19 20:35:10.830 [warning] [Repository][getDefaultBranch] Failed to get default branch details: Failed to execute git.
2025-03-19 20:35:10.835 [info] > git for-each-ref --format=%(refname)%00%(upstream:short)%00%(objectname)%00%(upstream:track)%00%(upstream:remotename)%00%(upstream:remoteref) refs/heads/master refs/remotes/master [7ms]
2025-03-19 20:35:10.872 [info] > git status -z -uall [24ms]
2025-03-19 20:35:10.873 [info] > git for-each-ref --sort -committerdate --format %(refname) %(objectname) %(*objectname) [7ms]
2025-03-19 20:35:12.719 [info] > git check-ignore -v -z --stdin [42ms]
2025-03-19 20:35:12.762 [info] > git show --textconv :gui.py [25ms]
2025-03-19 20:35:12.764 [info] > git ls-files --stage -- gui.py [3ms]
2025-03-19 20:35:12.785 [info] > git cat-file -s a57226c459f6912951177728ccdae0973e446008 [4ms]
2025-03-19 20:35:20.225 [info] > git blame --root --incremental 5f188437932779c8905637df23db0d377fa9de3a -- gui.py [10ms]
2025-03-19 20:35:24.688 [info] > git config --get commit.template [27ms]
2025-03-19 20:35:24.689 [info] > git for-each-ref --format=%(refname)%00%(upstream:short)%00%(objectname)%00%(upstream:track)%00%(upstream:remotename)%00%(upstream:remoteref) refs/heads/master refs/remotes/master [2ms]
2025-03-19 20:35:24.741 [info] > git status -z -uall [32ms]
2025-03-19 20:35:24.743 [info] > git for-each-ref --sort -committerdate --format %(refname) %(objectname) %(*objectname) [9ms]
2025-03-19 20:35:45.339 [info] > git config --get commit.template [30ms]
2025-03-19 20:35:45.340 [info] > git for-each-ref --format=%(refname)%00%(upstream:short)%00%(objectname)%00%(upstream:track)%00%(upstream:remotename)%00%(upstream:remoteref) refs/heads/master refs/remotes/master [1ms]
2025-03-19 20:35:45.385 [info] > git status -z -uall [25ms]
2025-03-19 20:35:45.386 [info] > git for-each-ref --sort -committerdate --format %(refname) %(objectname) %(*objectname) [2ms]
2025-03-19 20:36:27.110 [info] > git config --get commit.template [2ms]
2025-03-19 20:36:27.130 [info] > git for-each-ref --format=%(refname)%00%(upstream:short)%00%(objectname)%00%(upstream:track)%00%(upstream:remotename)%00%(upstream:remoteref) refs/heads/master refs/remotes/master [2ms]
2025-03-19 20:36:27.167 [info] > git status -z -uall [19ms]
2025-03-19 20:36:27.168 [info] > git for-each-ref --sort -committerdate --format %(refname) %(objectname) %(*objectname) [2ms]
2025-03-19 20:36:40.629 [info] > git config --get commit.template [5ms]
2025-03-19 20:36:40.659 [info] > git for-each-ref --format=%(refname)%00%(upstream:short)%00%(objectname)%00%(upstream:track)%00%(upstream:remotename)%00%(upstream:remoteref) refs/heads/master refs/remotes/master [3ms]
2025-03-19 20:36:40.694 [info] > git status -z -uall [17ms]
2025-03-19 20:36:40.695 [info] > git for-each-ref --sort -committerdate --format %(refname) %(objectname) %(*objectname) [2ms]
2025-03-19 20:37:11.775 [info] > git config --get commit.template [35ms]
2025-03-19 20:37:11.776 [info] > git for-each-ref --format=%(refname)%00%(upstream:short)%00%(objectname)%00%(upstream:track)%00%(upstream:remotename)%00%(upstream:remoteref) refs/heads/master refs/remotes/master [2ms]
2025-03-19 20:37:11.815 [info] > git status -z -uall [18ms]
2025-03-19 20:37:11.817 [info] > git for-each-ref --sort -committerdate --format %(refname) %(objectname) %(*objectname) [1ms]
