2025-03-21 15:03:01.722 [info] [AutoSync] Using settings sync service https://vscode-sync.trafficmanager.net/
2025-03-21 15:03:01.722 [info] [AutoSync] Enabled.
2025-03-21 15:03:01.722 [info] [AutoSync] Suspended until auth token is available.
2025-03-21 15:03:04.339 [info] [AutoSync] Triggered by Interval
2025-03-21 15:03:04.340 [info] Sync started.
2025-03-21 15:03:07.415 [info] Settings: No changes found during synchronizing settings.
2025-03-21 15:03:07.421 [info] Keybindings: No changes found during synchronizing keybindings.
2025-03-21 15:03:07.427 [info] Snippets: No changes found during synchronizing snippets.
2025-03-21 15:03:07.430 [info] Tasks: No changes found during synchronizing tasks.
2025-03-21 15:03:07.435 [info] GlobalState: No changes found during synchronizing ui state.
2025-03-21 15:03:07.488 [info] Extensions: No changes found during synchronizing extensions.
2025-03-21 15:03:07.496 [info] Profiles: No changes found during synchronizing profiles.
2025-03-21 15:03:07.498 [info] Sync done. Took 3159ms
2025-03-21 15:04:48.801 [info] [AutoSync] Triggered by Activity
2025-03-21 15:04:48.802 [info] Sync started.
2025-03-21 15:04:49.080 [info] Settings: No changes found during synchronizing settings.
2025-03-21 15:04:49.088 [info] Keybindings: No changes found during synchronizing keybindings.
2025-03-21 15:04:49.093 [info] Snippets: No changes found during synchronizing snippets.
2025-03-21 15:04:49.095 [info] Tasks: No changes found during synchronizing tasks.
2025-03-21 15:04:49.098 [info] GlobalState: No changes found during synchronizing ui state.
2025-03-21 15:04:49.146 [info] Extensions: No changes found during synchronizing extensions.
2025-03-21 15:04:49.147 [info] Profiles: No changes found during synchronizing profiles.
2025-03-21 15:04:49.149 [info] Sync done. Took 350ms
2025-03-21 15:05:58.224 [info] [AutoSync] Triggered by Activity
2025-03-21 15:05:58.226 [info] Sync started.
2025-03-21 15:05:58.492 [info] Settings: No changes found during synchronizing settings.
2025-03-21 15:05:58.501 [info] Keybindings: No changes found during synchronizing keybindings.
2025-03-21 15:05:58.511 [info] Snippets: No changes found during synchronizing snippets.
2025-03-21 15:05:58.520 [info] Tasks: No changes found during synchronizing tasks.
2025-03-21 15:05:58.529 [info] GlobalState: No changes found during synchronizing ui state.
2025-03-21 15:05:58.593 [info] Extensions: No changes found during synchronizing extensions.
2025-03-21 15:05:58.596 [info] Profiles: No changes found during synchronizing profiles.
2025-03-21 15:05:58.597 [info] Sync done. Took 377ms
2025-03-21 15:07:03.292 [info] [AutoSync] Triggered by Activity
2025-03-21 15:07:03.293 [info] Sync started.
2025-03-21 15:07:03.759 [info] Settings: No changes found during synchronizing settings.
2025-03-21 15:07:03.764 [info] Keybindings: No changes found during synchronizing keybindings.
2025-03-21 15:07:03.768 [info] Snippets: No changes found during synchronizing snippets.
2025-03-21 15:07:03.771 [info] Tasks: No changes found during synchronizing tasks.
2025-03-21 15:07:03.774 [info] GlobalState: No changes found during synchronizing ui state.
2025-03-21 15:07:03.844 [info] Extensions: No changes found during synchronizing extensions.
2025-03-21 15:07:03.845 [info] Profiles: No changes found during synchronizing profiles.
2025-03-21 15:07:03.847 [info] Sync done. Took 557ms
