2025-03-21 14:43:01.068 [info] [main] Log level: Info
2025-03-21 14:43:01.068 [info] [main] Validating found git in: "git"
2025-03-21 14:43:01.068 [info] [main] Using git "2.49.0" from "git"
2025-03-21 14:43:01.068 [info] [Model][doInitialScan] Initial repository scan started
2025-03-21 14:43:01.068 [info] > git rev-parse --show-toplevel [4ms]
2025-03-21 14:43:01.068 [info] > git rev-parse --git-dir --git-common-dir [3ms]
2025-03-21 14:43:01.068 [info] [Model][openRepository] Opened repository: /home/shiv/Documents/Clg-practicals
2025-03-21 14:43:01.068 [info] [Model][doInitialScan] Initial repository scan completed - repositories (1), closed repositories (0), parent repositories (0), unsafe repositories (0)
2025-03-21 14:43:01.070 [info] > git config --get commit.template [5ms]
2025-03-21 14:43:01.080 [info] > git for-each-ref --format=%(refname)%00%(upstream:short)%00%(objectname)%00%(upstream:track)%00%(upstream:remotename)%00%(upstream:remoteref) refs/heads/master refs/remotes/master [3ms]
2025-03-21 14:43:01.092 [info] > git status -z -uall [6ms]
2025-03-21 14:43:01.093 [info] > git for-each-ref --sort -committerdate --format %(refname) %(objectname) %(*objectname) [2ms]
2025-03-21 14:43:01.124 [info] > git for-each-ref --format=%(refname)%00%(upstream:short)%00%(objectname)%00%(upstream:track)%00%(upstream:remotename)%00%(upstream:remoteref) refs/heads/master refs/remotes/master [7ms]
2025-03-21 14:43:02.483 [info] > git config --get --local branch.master.vscode-merge-base [1350ms]
2025-03-21 14:43:02.483 [warning] [Git][config] git config failed: Failed to execute git
2025-03-21 14:43:02.494 [info] > git config --get commit.template [1371ms]
2025-03-21 14:43:03.124 [info] > git reflog master --grep-reflog=branch: Created from *. [630ms]
2025-03-21 14:43:03.240 [info] > git check-ignore -v -z --stdin [85ms]
2025-03-21 14:43:03.241 [info] > git show --textconv :C-bot/sjf-non-premptive.c [57ms]
2025-03-21 14:43:03.241 [info] > git ls-files --stage -- C-bot/sjf-non-premptive.c [40ms]
2025-03-21 14:43:03.262 [info] > git symbolic-ref --short refs/remotes/origin/HEAD [122ms]
2025-03-21 14:43:03.286 [info] > git for-each-ref --format=%(refname)%00%(upstream:short)%00%(objectname)%00%(upstream:track)%00%(upstream:remotename)%00%(upstream:remoteref) refs/heads/origin/master refs/remotes/origin/master [7ms]
2025-03-21 14:43:03.303 [info] > git cat-file -s 3330694858e1327d6ba26b94306c64881383a35e [44ms]
2025-03-21 14:43:03.304 [info] > git for-each-ref --format=%(refname)%00%(upstream:short)%00%(objectname)%00%(upstream:track)%00%(upstream:remotename)%00%(upstream:remoteref) refs/heads/master refs/remotes/master [65ms]
2025-03-21 14:43:03.306 [info] > git config --add --local branch.master.vscode-merge-base origin/master [3ms]
2025-03-21 14:43:03.333 [info] > git config --get commit.template [5ms]
2025-03-21 14:43:03.380 [info] > git for-each-ref --format=%(refname)%00%(upstream:short)%00%(objectname)%00%(upstream:track)%00%(upstream:remotename)%00%(upstream:remoteref) refs/heads/master refs/remotes/master [24ms]
2025-03-21 14:43:03.402 [info] > git config --get --local branch.master.vscode-merge-base [3ms]
2025-03-21 14:43:03.420 [info] > git for-each-ref --format=%(refname)%00%(upstream:short)%00%(objectname)%00%(upstream:track)%00%(upstream:remotename)%00%(upstream:remoteref) refs/heads/master refs/remotes/master [42ms]
2025-03-21 14:43:03.423 [info] > git for-each-ref --format=%(refname)%00%(upstream:short)%00%(objectname)%00%(upstream:track)%00%(upstream:remotename)%00%(upstream:remoteref) refs/heads/origin/master refs/remotes/origin/master [3ms]
2025-03-21 14:43:03.515 [info] > git merge-base refs/heads/master refs/remotes/origin/master [69ms]
2025-03-21 14:43:03.570 [info] > git status -z -uall [16ms]
2025-03-21 14:43:03.570 [info] > git diff --name-status -z --diff-filter=ADMR 5c4aa68fa53a6c4bc4c692f836e25811b457f767...refs/remotes/origin/master [40ms]
2025-03-21 14:43:03.591 [info] > git for-each-ref --sort -committerdate --format %(refname) %(objectname) %(*objectname) [23ms]
2025-03-21 14:43:05.189 [info] > git ls-files --stage -- C-bot/sjf-non-premptive.c [1ms]
2025-03-21 14:43:05.203 [info] > git cat-file -s 3330694858e1327d6ba26b94306c64881383a35e [1ms]
2025-03-21 14:43:05.218 [info] > git show --textconv :C-bot/sjf-non-premptive.c [2ms]
2025-03-21 14:43:05.625 [info] > git blame --root --incremental 5c4aa68fa53a6c4bc4c692f836e25811b457f767 -- C-bot/sjf-non-premptive.c [2ms]
2025-03-21 14:44:44.318 [info] > git config --get commit.template [17ms]
2025-03-21 14:44:44.320 [info] > git for-each-ref --format=%(refname)%00%(upstream:short)%00%(objectname)%00%(upstream:track)%00%(upstream:remotename)%00%(upstream:remoteref) refs/heads/master refs/remotes/master [5ms]
2025-03-21 14:44:44.361 [info] > git status -z -uall [20ms]
2025-03-21 14:44:44.362 [info] > git for-each-ref --sort -committerdate --format %(refname) %(objectname) %(*objectname) [2ms]
