2025-03-20 12:37:42.463 [info] [main] Log level: Info
2025-03-20 12:37:42.463 [info] [main] Validating found git in: "git"
2025-03-20 12:37:42.463 [info] [main] Using git "2.49.0" from "git"
2025-03-20 12:37:42.463 [info] [Model][doInitialScan] Initial repository scan started
2025-03-20 12:37:42.463 [info] > git rev-parse --show-toplevel [10ms]
2025-03-20 12:37:42.463 [info] > git rev-parse --git-dir --git-common-dir [706ms]
2025-03-20 12:37:42.463 [info] [Model][openRepository] Opened repository: /home/shiv/devthon
2025-03-20 12:37:42.463 [info] [Model][doInitialScan] Initial repository scan completed - repositories (1), closed repositories (0), parent repositories (0), unsafe repositories (0)
2025-03-20 12:37:42.465 [info] > git config --get commit.template [33ms]
2025-03-20 12:37:42.508 [info] > git for-each-ref --format=%(refname)%00%(upstream:short)%00%(objectname)%00%(upstream:track)%00%(upstream:remotename)%00%(upstream:remoteref) refs/heads/master refs/remotes/master [5ms]
2025-03-20 12:37:42.552 [info] > git status -z -uall [23ms]
2025-03-20 12:37:42.579 [info] > git for-each-ref --sort -committerdate --format %(refname) %(objectname) %(*objectname) [32ms]
2025-03-20 12:37:42.686 [info] > git for-each-ref --format=%(refname)%00%(upstream:short)%00%(objectname)%00%(upstream:track)%00%(upstream:remotename)%00%(upstream:remoteref) refs/heads/master refs/remotes/master [56ms]
2025-03-20 12:37:42.708 [info] > git config --get --local branch.master.vscode-merge-base [6ms]
2025-03-20 12:37:42.708 [warning] [Git][config] git config failed: Failed to execute git
2025-03-20 12:37:42.729 [info] > git config --get commit.template [48ms]
2025-03-20 12:37:42.752 [info] > git reflog master --grep-reflog=branch: Created from *. [24ms]
2025-03-20 12:37:42.803 [info] > git show --textconv :gui.py [22ms]
2025-03-20 12:37:42.804 [info] > git symbolic-ref --short refs/remotes/origin/HEAD [39ms]
2025-03-20 12:37:42.804 [info] fatal: ref refs/remotes/origin/HEAD is not a symbolic ref
2025-03-20 12:37:42.804 [warning] [Repository][getDefaultBranch] Failed to get default branch details: Failed to execute git.
2025-03-20 12:37:42.806 [info] > git for-each-ref --format=%(refname)%00%(upstream:short)%00%(objectname)%00%(upstream:track)%00%(upstream:remotename)%00%(upstream:remoteref) refs/heads/master refs/remotes/master [55ms]
2025-03-20 12:37:42.852 [info] > git status -z -uall [27ms]
2025-03-20 12:37:42.852 [info] > git for-each-ref --sort -committerdate --format %(refname) %(objectname) %(*objectname) [10ms]
2025-03-20 12:37:42.857 [info] > git ls-files --stage -- gui.py [57ms]
2025-03-20 12:37:42.877 [info] > git cat-file -s 4f4515617e81496f2ca0bb6e3d2b56d53ae89b4e [4ms]
2025-03-20 12:37:44.663 [info] > git check-ignore -v -z --stdin [18ms]
2025-03-20 12:38:10.426 [info] > git blame --root --incremental 6165b0c9669128d96628c1461adc4c83226264a1 -- gui.py [13ms]
2025-03-20 12:38:56.241 [info] > git config --get commit.template [27ms]
2025-03-20 12:38:56.245 [info] > git for-each-ref --format=%(refname)%00%(upstream:short)%00%(objectname)%00%(upstream:track)%00%(upstream:remotename)%00%(upstream:remoteref) refs/heads/master refs/remotes/master [6ms]
2025-03-20 12:38:56.284 [info] > git status -z -uall [19ms]
2025-03-20 12:38:56.285 [info] > git for-each-ref --sort -committerdate --format %(refname) %(objectname) %(*objectname) [2ms]
2025-03-20 12:54:58.651 [info] > git config --get commit.template [22ms]
2025-03-20 12:54:58.670 [info] > git ls-files --stage -- gui.py [22ms]
2025-03-20 12:54:58.690 [info] > git for-each-ref --format=%(refname)%00%(upstream:short)%00%(objectname)%00%(upstream:track)%00%(upstream:remotename)%00%(upstream:remoteref) refs/heads/master refs/remotes/master [20ms]
2025-03-20 12:54:58.728 [info] > git status -z -uall [19ms]
2025-03-20 12:54:58.728 [info] > git cat-file -s fca91f1864a6ddbbfe515b96515b9a05924dd92d [39ms]
2025-03-20 12:54:58.732 [info] > git for-each-ref --sort -committerdate --format %(refname) %(objectname) %(*objectname) [5ms]
2025-03-20 12:54:58.784 [info] > git show --textconv :gui.py [6ms]
2025-03-20 12:54:58.787 [info] > git blame --root --incremental 37122b1779c283cf90fef018bc2d29a897cda8e8 -- gui.py [29ms]
2025-03-20 13:07:21.800 [info] > git config --get commit.template [21ms]
2025-03-20 13:07:21.801 [info] > git for-each-ref --format=%(refname)%00%(upstream:short)%00%(objectname)%00%(upstream:track)%00%(upstream:remotename)%00%(upstream:remoteref) refs/heads/master refs/remotes/master [2ms]
2025-03-20 13:07:21.837 [info] > git status -z -uall [18ms]
2025-03-20 13:07:21.839 [info] > git for-each-ref --sort -committerdate --format %(refname) %(objectname) %(*objectname) [3ms]
