2025-03-19 21:10:46.408 [info] (Client) Pylance async client (2025.3.2) started with python extension (2025.2.0)
2025-03-19 21:10:47.347 [info] [Info  - 21:10:47] (67637) Server root directory: file:///home/shiv/.vscode/extensions/ms-python.vscode-pylance-2025.3.2/dist
2025-03-19 21:10:47.347 [info] [Info  - 21:10:47] (67637) Pylance language server 2025.3.2 (pyright version 1.1.396, commit 3e2236a7) starting
2025-03-19 21:10:47.479 [info] [Info  - 21:10:47] (67637) Starting service instance "<default>"
2025-03-19 21:10:47.569 [info] [Info  - 21:10:47] (67637) Setting environmentName for service "<default>": "3.13.2 (sip-dev venv)"
2025-03-19 21:10:47.572 [info] [Info  - 21:10:47] (67637) Setting pythonPath for service "<default>": "/home/shiv/devthon/sip-dev/bin/python"
2025-03-19 21:10:47.573 [info] [Info  - 21:10:47] (67637) No include entries specified; assuming /<default workspace root>
2025-03-19 21:10:47.574 [info] [Info  - 21:10:47] (67637) Auto-excluding **/node_modules
2025-03-19 21:10:47.575 [info] [Info  - 21:10:47] (67637) Auto-excluding **/__pycache__
2025-03-19 21:10:47.575 [info] [Info  - 21:10:47] (67637) Auto-excluding **/.*
2025-03-19 21:10:47.661 [info] [Info  - 21:10:47] (67637) Assuming Python version 3.13.2.final.0
2025-03-19 21:10:47.807 [info] [Error - 21:10:47] (67637) File or directory "/<default workspace root>" does not exist.
2025-03-19 21:10:47.809 [info] [Info  - 21:10:47] (67637) No source files found.
2025-03-19 21:10:47.895 [info] [Info  - 21:10:47] (67637) Setting environmentName for service "<default>": "3.13.2 (sip-dev venv)"
2025-03-19 21:10:47.896 [info] [Info  - 21:10:47] (67637) Setting pythonPath for service "<default>": "/home/shiv/devthon/sip-dev/bin/python"
2025-03-19 21:10:47.896 [info] [Info  - 21:10:47] (67637) No include entries specified; assuming /<default workspace root>
2025-03-19 21:10:47.896 [info] [Info  - 21:10:47] (67637) Auto-excluding **/node_modules
2025-03-19 21:10:47.896 [info] [Info  - 21:10:47] (67637) Auto-excluding **/__pycache__
2025-03-19 21:10:47.896 [info] [Info  - 21:10:47] (67637) Auto-excluding **/.*
2025-03-19 21:10:47.967 [info] [Info  - 21:10:47] (67637) Assuming Python version 3.13.2.final.0
2025-03-19 21:10:48.094 [info] [Error - 21:10:48] (67637) File or directory "/<default workspace root>" does not exist.
2025-03-19 21:10:48.095 [info] [Info  - 21:10:48] (67637) No source files found.
2025-03-19 21:10:49.199 [info] [Info  - 21:10:49] (67637) Priority queue background worker(2) root directory: file:///home/shiv/.vscode/extensions/ms-python.vscode-pylance-2025.3.2/dist
2025-03-19 21:10:49.201 [info] [Info  - 21:10:49] (67637) Priority queue background worker(2) started
2025-03-19 21:10:53.546 [info] [Info  - 21:10:53] (67637) [BG(1)] Long operation: SemanticTokens range 0:0 - 94:52 at file:///home/shiv/devthon/gui.py (4461ms)
