2025-03-19 20:35:06.087 [info] Reading sessions from keychain...
2025-03-19 20:35:06.087 [info] Getting sessions for all scopes...
2025-03-19 20:35:06.087 [info] Getting sessions for all scopes...
2025-03-19 20:35:06.087 [info] Getting sessions for all scopes...
2025-03-19 20:35:06.087 [info] Got stored sessions!
2025-03-19 20:35:06.087 [info] Got 1 verified sessions.
2025-03-19 20:35:06.087 [info] Got 1 sessions for ...
2025-03-19 20:35:06.087 [info] Got 1 sessions for ...
2025-03-19 20:35:06.087 [info] Got 1 sessions for ...
2025-03-19 20:35:06.087 [info] Getting sessions for all scopes...
2025-03-19 20:35:06.087 [info] Got 1 sessions for ...
2025-03-19 20:35:06.087 [info] Getting sessions for all scopes...
2025-03-19 20:35:06.087 [info] Got 1 sessions for ...
2025-03-19 20:35:06.087 [info] Getting sessions for all scopes...
2025-03-19 20:35:06.087 [info] Got 1 sessions for ...
2025-03-19 20:35:06.087 [info] Getting sessions for all scopes...
2025-03-19 20:35:06.087 [info] Got 1 sessions for ...
2025-03-19 20:35:06.087 [info] Getting sessions for all scopes...
2025-03-19 20:35:06.087 [info] Got 1 sessions for ...
2025-03-19 20:35:06.087 [info] Getting sessions for user:email...
2025-03-19 20:35:06.087 [info] Got 1 sessions for user:email...
2025-03-19 20:35:07.226 [info] Getting sessions for all scopes...
2025-03-19 20:35:07.226 [info] Got 1 sessions for ...
2025-03-19 20:35:10.587 [info] Getting sessions for read:user,repo,user:email,workflow...
2025-03-19 20:35:10.587 [info] Got 0 sessions for read:user,repo,user:email,workflow...
2025-03-19 20:35:10.611 [info] Getting sessions for all scopes...
2025-03-19 20:35:10.611 [info] Got 1 sessions for ...
2025-03-19 20:35:10.611 [info] Getting sessions for all scopes...
2025-03-19 20:35:10.611 [info] Got 1 sessions for ...
2025-03-19 20:35:10.678 [info] Getting sessions for read:user...
2025-03-19 20:35:10.678 [info] Got 0 sessions for read:user...
2025-03-19 20:35:10.774 [info] Getting sessions for read:user,repo,user:email,workflow...
2025-03-19 20:35:10.774 [info] Got 0 sessions for read:user,repo,user:email,workflow...
2025-03-19 20:35:10.813 [info] Getting sessions for read:user,repo,user:email,workflow...
2025-03-19 20:35:10.813 [info] Got 0 sessions for read:user,repo,user:email,workflow...
2025-03-19 20:35:10.829 [info] Getting sessions for user:email...
2025-03-19 20:35:10.829 [info] Got 1 sessions for user:email...
2025-03-19 20:35:10.834 [info] Getting sessions for user:email...
2025-03-19 20:35:10.834 [info] Got 1 sessions for user:email...
2025-03-19 20:35:10.867 [info] Getting sessions for read:user,repo,user:email,workflow...
2025-03-19 20:35:10.867 [info] Got 0 sessions for read:user,repo,user:email,workflow...
2025-03-19 20:35:10.885 [info] Getting sessions for all scopes...
2025-03-19 20:35:10.885 [info] Got 1 sessions for ...
2025-03-19 20:35:12.763 [info] Getting sessions for read:user,repo,user:email,workflow...
2025-03-19 20:35:12.763 [info] Got 0 sessions for read:user,repo,user:email,workflow...
2025-03-19 20:35:12.786 [info] Getting sessions for user:email...
2025-03-19 20:35:12.786 [info] Got 1 sessions for user:email...
2025-03-19 20:35:12.795 [info] Getting sessions for all scopes...
2025-03-19 20:35:12.795 [info] Got 1 sessions for ...
2025-03-19 20:35:12.797 [info] Getting sessions for read:user,repo,user:email,workflow...
2025-03-19 20:35:12.797 [info] Got 0 sessions for read:user,repo,user:email,workflow...
2025-03-19 20:35:12.803 [info] Getting sessions for user:email...
2025-03-19 20:35:12.803 [info] Got 1 sessions for user:email...
2025-03-19 20:35:13.076 [info] Getting sessions for all scopes...
2025-03-19 20:35:13.076 [info] Got 1 sessions for ...
2025-03-19 20:35:13.077 [info] Getting sessions for read:user,repo,user:email,workflow...
2025-03-19 20:35:13.077 [info] Got 0 sessions for read:user,repo,user:email,workflow...
2025-03-19 20:35:13.078 [info] Getting sessions for user:email...
2025-03-19 20:35:13.078 [info] Got 1 sessions for user:email...
2025-03-19 20:35:14.193 [info] Getting sessions for all scopes...
2025-03-19 20:35:14.193 [info] Got 1 sessions for ...
2025-03-19 20:35:14.193 [info] Getting sessions for all scopes...
2025-03-19 20:35:14.193 [info] Got 1 sessions for ...
2025-03-19 20:35:14.231 [info] Getting sessions for read:user,repo,user:email,workflow...
2025-03-19 20:35:14.231 [info] Got 0 sessions for read:user,repo,user:email,workflow...
2025-03-19 20:35:14.234 [info] Getting sessions for user:email...
2025-03-19 20:35:14.234 [info] Got 1 sessions for user:email...
2025-03-19 20:35:14.235 [info] Getting sessions for read:user,repo,user:email,workflow...
2025-03-19 20:35:14.235 [info] Got 0 sessions for read:user,repo,user:email,workflow...
2025-03-19 20:35:14.238 [info] Getting sessions for all scopes...
2025-03-19 20:35:14.238 [info] Got 1 sessions for ...
2025-03-19 20:35:14.239 [info] Getting sessions for read:user,repo,user:email,workflow...
2025-03-19 20:35:14.239 [info] Got 0 sessions for read:user,repo,user:email,workflow...
2025-03-19 20:35:14.241 [info] Getting sessions for user:email...
2025-03-19 20:35:14.241 [info] Got 1 sessions for user:email...
2025-03-19 20:35:14.440 [info] Getting sessions for all scopes...
2025-03-19 20:35:14.440 [info] Got 1 sessions for ...
2025-03-19 20:35:14.445 [info] Getting sessions for all scopes...
2025-03-19 20:35:14.445 [info] Got 1 sessions for ...
2025-03-19 20:35:14.455 [info] Getting sessions for read:user,repo,user:email,workflow...
2025-03-19 20:35:14.455 [info] Got 0 sessions for read:user,repo,user:email,workflow...
2025-03-19 20:35:14.458 [info] Getting sessions for user:email...
2025-03-19 20:35:14.458 [info] Got 1 sessions for user:email...
2025-03-19 20:35:14.458 [info] Getting sessions for read:user,repo,user:email,workflow...
2025-03-19 20:35:14.458 [info] Got 0 sessions for read:user,repo,user:email,workflow...
2025-03-19 20:35:14.465 [info] Getting sessions for all scopes...
2025-03-19 20:35:14.465 [info] Got 1 sessions for ...
2025-03-19 20:35:14.469 [info] Getting sessions for read:user,repo,user:email,workflow...
2025-03-19 20:35:14.469 [info] Got 0 sessions for read:user,repo,user:email,workflow...
2025-03-19 20:35:14.471 [info] Getting sessions for user:email...
2025-03-19 20:35:14.471 [info] Got 1 sessions for user:email...
2025-03-19 20:35:16.540 [info] Getting sessions for all scopes...
2025-03-19 20:35:16.540 [info] Got 1 sessions for ...
2025-03-19 20:35:16.543 [info] Getting sessions for read:user,repo,user:email,workflow...
2025-03-19 20:35:16.543 [info] Got 0 sessions for read:user,repo,user:email,workflow...
2025-03-19 20:35:16.544 [info] Getting sessions for user:email...
2025-03-19 20:35:16.544 [info] Got 1 sessions for user:email...
