2025-03-21 14:43:00.587 [info] Reading sessions from keychain...
2025-03-21 14:43:00.587 [info] Getting sessions for all scopes...
2025-03-21 14:43:00.587 [info] Getting sessions for all scopes...
2025-03-21 14:43:00.587 [info] Getting sessions for all scopes...
2025-03-21 14:43:00.587 [info] Getting sessions for all scopes...
2025-03-21 14:43:00.587 [info] Getting sessions for all scopes...
2025-03-21 14:43:00.587 [info] Getting sessions for all scopes...
2025-03-21 14:43:00.587 [info] Getting sessions for all scopes...
2025-03-21 14:43:00.619 [info] Got stored sessions!
2025-03-21 14:43:00.619 [info] Got 1 verified sessions.
2025-03-21 14:43:00.619 [info] Got 1 sessions for ...
2025-03-21 14:43:00.619 [info] Got 1 sessions for ...
2025-03-21 14:43:00.619 [info] Got 1 sessions for ...
2025-03-21 14:43:00.619 [info] Got 1 sessions for ...
2025-03-21 14:43:00.619 [info] Got 1 sessions for ...
2025-03-21 14:43:00.619 [info] Got 1 sessions for ...
2025-03-21 14:43:00.619 [info] Got 1 sessions for ...
2025-03-21 14:43:00.954 [info] Getting sessions for all scopes...
2025-03-21 14:43:00.954 [info] Got 1 sessions for ...
2025-03-21 14:43:02.560 [info] Getting sessions for user:email...
2025-03-21 14:43:02.560 [info] Got 1 sessions for user:email...
2025-03-21 14:43:02.577 [info] Getting sessions for all scopes...
2025-03-21 14:43:02.577 [info] Got 1 sessions for ...
2025-03-21 14:43:03.165 [info] Getting sessions for read:user,repo,user:email,workflow...
2025-03-21 14:43:03.165 [info] Got 0 sessions for read:user,repo,user:email,workflow...
2025-03-21 14:43:03.282 [info] Getting sessions for read:user,repo,user:email,workflow...
2025-03-21 14:43:03.282 [info] Got 0 sessions for read:user,repo,user:email,workflow...
2025-03-21 14:43:03.284 [info] Getting sessions for all scopes...
2025-03-21 14:43:03.284 [info] Got 1 sessions for ...
2025-03-21 14:43:03.284 [info] Getting sessions for all scopes...
2025-03-21 14:43:03.284 [info] Got 1 sessions for ...
2025-03-21 14:43:03.400 [info] Getting sessions for read:user...
2025-03-21 14:43:03.400 [info] Got 0 sessions for read:user...
2025-03-21 14:43:03.400 [info] Getting sessions for read:user,repo,user:email,workflow...
2025-03-21 14:43:03.400 [info] Got 0 sessions for read:user,repo,user:email,workflow...
2025-03-21 14:43:03.537 [info] Getting sessions for user:email...
2025-03-21 14:43:03.537 [info] Got 1 sessions for user:email...
2025-03-21 14:43:03.537 [info] Getting sessions for user:email...
2025-03-21 14:43:03.537 [info] Got 1 sessions for user:email...
2025-03-21 14:43:03.537 [info] Getting sessions for read:user,repo,user:email,workflow...
2025-03-21 14:43:03.537 [info] Got 0 sessions for read:user,repo,user:email,workflow...
2025-03-21 14:43:03.602 [info] Getting sessions for all scopes...
2025-03-21 14:43:03.602 [info] Got 1 sessions for ...
2025-03-21 14:43:03.605 [info] Getting sessions for read:user,repo,user:email,workflow...
2025-03-21 14:43:03.605 [info] Got 0 sessions for read:user,repo,user:email,workflow...
2025-03-21 14:43:03.606 [info] Getting sessions for user:email...
2025-03-21 14:43:03.606 [info] Got 1 sessions for user:email...
2025-03-21 14:43:05.171 [info] Getting sessions for all scopes...
2025-03-21 14:43:05.171 [info] Got 1 sessions for ...
2025-03-21 14:43:05.203 [info] Getting sessions for read:user,repo,user:email,workflow...
2025-03-21 14:43:05.203 [info] Got 0 sessions for read:user,repo,user:email,workflow...
2025-03-21 14:43:05.217 [info] Getting sessions for user:email...
2025-03-21 14:43:05.217 [info] Got 1 sessions for user:email...
2025-03-21 14:43:08.757 [info] Getting sessions for all scopes...
2025-03-21 14:43:08.757 [info] Got 1 sessions for ...
2025-03-21 14:43:08.758 [info] Getting sessions for read:user,repo,user:email,workflow...
2025-03-21 14:43:08.758 [info] Got 0 sessions for read:user,repo,user:email,workflow...
2025-03-21 14:43:08.763 [info] Getting sessions for user:email...
2025-03-21 14:43:08.763 [info] Got 1 sessions for user:email...
2025-03-21 14:43:09.769 [info] Getting sessions for all scopes...
2025-03-21 14:43:09.769 [info] Got 1 sessions for ...
2025-03-21 14:43:09.769 [info] Getting sessions for all scopes...
2025-03-21 14:43:09.769 [info] Got 1 sessions for ...
2025-03-21 14:43:09.784 [info] Getting sessions for read:user,repo,user:email,workflow...
2025-03-21 14:43:09.784 [info] Got 0 sessions for read:user,repo,user:email,workflow...
2025-03-21 14:43:09.785 [info] Getting sessions for user:email...
2025-03-21 14:43:09.785 [info] Got 1 sessions for user:email...
2025-03-21 14:43:09.785 [info] Getting sessions for read:user,repo,user:email,workflow...
2025-03-21 14:43:09.785 [info] Got 0 sessions for read:user,repo,user:email,workflow...
2025-03-21 14:43:09.788 [info] Getting sessions for all scopes...
2025-03-21 14:43:09.788 [info] Got 1 sessions for ...
2025-03-21 14:43:09.789 [info] Getting sessions for read:user,repo,user:email,workflow...
2025-03-21 14:43:09.790 [info] Got 0 sessions for read:user,repo,user:email,workflow...
2025-03-21 14:43:09.791 [info] Getting sessions for user:email...
2025-03-21 14:43:09.791 [info] Got 1 sessions for user:email...
2025-03-21 14:43:09.917 [info] Getting sessions for all scopes...
2025-03-21 14:43:09.917 [info] Got 1 sessions for ...
2025-03-21 14:43:09.918 [info] Getting sessions for all scopes...
2025-03-21 14:43:09.918 [info] Got 1 sessions for ...
2025-03-21 14:43:09.934 [info] Getting sessions for read:user,repo,user:email,workflow...
2025-03-21 14:43:09.934 [info] Got 0 sessions for read:user,repo,user:email,workflow...
2025-03-21 14:43:09.935 [info] Getting sessions for user:email...
2025-03-21 14:43:09.935 [info] Got 1 sessions for user:email...
2025-03-21 14:43:09.936 [info] Getting sessions for read:user,repo,user:email,workflow...
2025-03-21 14:43:09.936 [info] Got 0 sessions for read:user,repo,user:email,workflow...
2025-03-21 14:43:09.940 [info] Getting sessions for all scopes...
2025-03-21 14:43:09.940 [info] Got 1 sessions for ...
2025-03-21 14:43:09.942 [info] Getting sessions for read:user,repo,user:email,workflow...
2025-03-21 14:43:09.942 [info] Got 0 sessions for read:user,repo,user:email,workflow...
2025-03-21 14:43:09.946 [info] Getting sessions for user:email...
2025-03-21 14:43:09.946 [info] Got 1 sessions for user:email...
2025-03-21 14:43:14.170 [info] Getting sessions for all scopes...
2025-03-21 14:43:14.170 [info] Got 1 sessions for ...
2025-03-21 14:43:14.172 [info] Getting sessions for read:user,repo,user:email,workflow...
2025-03-21 14:43:14.172 [info] Got 0 sessions for read:user,repo,user:email,workflow...
2025-03-21 14:43:14.173 [info] Getting sessions for user:email...
2025-03-21 14:43:14.173 [info] Got 1 sessions for user:email...
