2025-03-24 17:38:12.333 [info] Reading sessions from keychain...
2025-03-24 17:38:12.333 [info] Getting sessions for all scopes...
2025-03-24 17:38:12.333 [info] Getting sessions for all scopes...
2025-03-24 17:38:12.333 [info] Got stored sessions!
2025-03-24 17:38:12.333 [info] Got 1 verified sessions.
2025-03-24 17:38:12.333 [info] Got 1 sessions for ...
2025-03-24 17:38:12.333 [info] Got 1 sessions for ...
2025-03-24 17:38:12.343 [info] Getting sessions for user:email...
2025-03-24 17:38:12.343 [info] Got 1 sessions for user:email...
2025-03-24 17:38:12.343 [info] Getting sessions for all scopes...
2025-03-24 17:38:12.343 [info] Got 1 sessions for ...
2025-03-24 17:38:12.344 [info] Getting sessions for all scopes...
2025-03-24 17:38:12.344 [info] Got 1 sessions for ...
2025-03-24 17:38:12.344 [info] Getting sessions for all scopes...
2025-03-24 17:38:12.344 [info] Got 1 sessions for ...
2025-03-24 17:38:12.344 [info] Getting sessions for all scopes...
2025-03-24 17:38:12.344 [info] Got 1 sessions for ...
2025-03-24 17:38:12.344 [info] Getting sessions for all scopes...
2025-03-24 17:38:12.344 [info] Got 1 sessions for ...
2025-03-24 17:38:14.564 [info] Getting sessions for all scopes...
2025-03-24 17:38:14.564 [info] Got 1 sessions for ...
2025-03-24 17:38:14.595 [info] Getting sessions for read:user,repo,user:email,workflow...
2025-03-24 17:38:14.595 [info] Got 0 sessions for read:user,repo,user:email,workflow...
2025-03-24 17:38:14.596 [info] Getting sessions for all scopes...
2025-03-24 17:38:14.596 [info] Got 1 sessions for ...
2025-03-24 17:38:14.597 [info] Getting sessions for all scopes...
2025-03-24 17:38:14.597 [info] Got 1 sessions for ...
2025-03-24 17:38:14.603 [info] Getting sessions for read:user...
2025-03-24 17:38:14.603 [info] Got 0 sessions for read:user...
2025-03-24 17:38:14.604 [info] Getting sessions for read:user,repo,user:email,workflow...
2025-03-24 17:38:14.604 [info] Got 0 sessions for read:user,repo,user:email,workflow...
2025-03-24 17:38:14.608 [info] Getting sessions for user:email...
2025-03-24 17:38:14.608 [info] Got 1 sessions for user:email...
2025-03-24 17:38:14.609 [info] Getting sessions for user:email...
2025-03-24 17:38:14.609 [info] Got 1 sessions for user:email...
2025-03-24 17:38:14.609 [info] Getting sessions for read:user,repo,user:email,workflow...
2025-03-24 17:38:14.609 [info] Got 0 sessions for read:user,repo,user:email,workflow...
2025-03-24 17:38:14.621 [info] Getting sessions for all scopes...
2025-03-24 17:38:14.621 [info] Got 1 sessions for ...
2025-03-24 17:38:16.100 [info] Getting sessions for read:user,repo,user:email,workflow...
2025-03-24 17:38:16.100 [info] Got 0 sessions for read:user,repo,user:email,workflow...
2025-03-24 17:38:16.111 [info] Getting sessions for user:email...
2025-03-24 17:38:16.111 [info] Got 1 sessions for user:email...
2025-03-24 17:38:16.112 [info] Getting sessions for all scopes...
2025-03-24 17:38:16.112 [info] Got 1 sessions for ...
2025-03-24 17:38:16.113 [info] Getting sessions for read:user,repo,user:email,workflow...
2025-03-24 17:38:16.113 [info] Got 0 sessions for read:user,repo,user:email,workflow...
2025-03-24 17:38:16.114 [info] Getting sessions for user:email...
2025-03-24 17:38:16.114 [info] Got 1 sessions for user:email...
2025-03-24 17:38:19.307 [info] Getting sessions for all scopes...
2025-03-24 17:38:19.307 [info] Got 1 sessions for ...
2025-03-24 17:38:19.309 [info] Getting sessions for read:user,repo,user:email,workflow...
2025-03-24 17:38:19.309 [info] Got 0 sessions for read:user,repo,user:email,workflow...
2025-03-24 17:38:19.310 [info] Getting sessions for user:email...
2025-03-24 17:38:19.310 [info] Got 1 sessions for user:email...
2025-03-24 17:38:19.593 [info] Getting sessions for all scopes...
2025-03-24 17:38:19.593 [info] Got 1 sessions for ...
2025-03-24 17:38:19.593 [info] Getting sessions for all scopes...
2025-03-24 17:38:19.593 [info] Got 1 sessions for ...
2025-03-24 17:38:19.609 [info] Getting sessions for read:user,repo,user:email,workflow...
2025-03-24 17:38:19.609 [info] Got 0 sessions for read:user,repo,user:email,workflow...
2025-03-24 17:38:19.610 [info] Getting sessions for user:email...
2025-03-24 17:38:19.610 [info] Got 1 sessions for user:email...
2025-03-24 17:38:19.610 [info] Getting sessions for read:user,repo,user:email,workflow...
2025-03-24 17:38:19.610 [info] Got 0 sessions for read:user,repo,user:email,workflow...
2025-03-24 17:38:19.612 [info] Getting sessions for all scopes...
2025-03-24 17:38:19.612 [info] Got 1 sessions for ...
2025-03-24 17:38:19.618 [info] Getting sessions for read:user,repo,user:email,workflow...
2025-03-24 17:38:19.618 [info] Got 0 sessions for read:user,repo,user:email,workflow...
2025-03-24 17:38:19.619 [info] Getting sessions for user:email...
2025-03-24 17:38:19.619 [info] Got 1 sessions for user:email...
2025-03-24 17:38:19.715 [info] Getting sessions for all scopes...
2025-03-24 17:38:19.715 [info] Got 1 sessions for ...
2025-03-24 17:38:19.716 [info] Getting sessions for all scopes...
2025-03-24 17:38:19.716 [info] Got 1 sessions for ...
2025-03-24 17:38:19.722 [info] Getting sessions for read:user,repo,user:email,workflow...
2025-03-24 17:38:19.722 [info] Got 0 sessions for read:user,repo,user:email,workflow...
2025-03-24 17:38:19.723 [info] Getting sessions for user:email...
2025-03-24 17:38:19.723 [info] Got 1 sessions for user:email...
2025-03-24 17:38:19.724 [info] Getting sessions for read:user,repo,user:email,workflow...
2025-03-24 17:38:19.724 [info] Got 0 sessions for read:user,repo,user:email,workflow...
2025-03-24 17:38:19.729 [info] Getting sessions for all scopes...
2025-03-24 17:38:19.730 [info] Got 1 sessions for ...
2025-03-24 17:38:19.731 [info] Getting sessions for read:user,repo,user:email,workflow...
2025-03-24 17:38:19.731 [info] Got 0 sessions for read:user,repo,user:email,workflow...
2025-03-24 17:38:19.732 [info] Getting sessions for user:email...
2025-03-24 17:38:19.732 [info] Got 1 sessions for user:email...
2025-03-24 17:38:22.180 [info] Getting sessions for all scopes...
2025-03-24 17:38:22.180 [info] Got 1 sessions for ...
2025-03-24 17:38:22.182 [info] Getting sessions for read:user,repo,user:email,workflow...
2025-03-24 17:38:22.182 [info] Got 0 sessions for read:user,repo,user:email,workflow...
2025-03-24 17:38:22.183 [info] Getting sessions for user:email...
2025-03-24 17:38:22.183 [info] Got 1 sessions for user:email...
2025-03-24 17:39:12.575 [info] Reading sessions from keychain...
2025-03-24 17:39:12.575 [info] Getting sessions for all scopes...
2025-03-24 17:39:12.575 [info] Getting sessions for all scopes...
2025-03-24 17:39:12.575 [info] Got stored sessions!
2025-03-24 17:39:12.575 [info] Got 1 verified sessions.
2025-03-24 17:39:12.575 [info] Got 1 sessions for ...
2025-03-24 17:39:12.575 [info] Got 1 sessions for ...
2025-03-24 17:39:12.575 [info] Getting sessions for user:email...
2025-03-24 17:39:12.575 [info] Got 1 sessions for user:email...
2025-03-24 17:39:12.645 [info] Getting sessions for all scopes...
2025-03-24 17:39:12.645 [info] Got 1 sessions for ...
2025-03-24 17:39:12.645 [info] Getting sessions for all scopes...
2025-03-24 17:39:12.645 [info] Got 1 sessions for ...
2025-03-24 17:39:12.645 [info] Getting sessions for all scopes...
2025-03-24 17:39:12.645 [info] Got 1 sessions for ...
2025-03-24 17:39:12.645 [info] Getting sessions for all scopes...
2025-03-24 17:39:12.645 [info] Got 1 sessions for ...
2025-03-24 17:39:12.646 [info] Getting sessions for all scopes...
2025-03-24 17:39:12.646 [info] Got 1 sessions for ...
2025-03-24 17:39:15.342 [info] Getting sessions for all scopes...
2025-03-24 17:39:15.342 [info] Got 1 sessions for ...
2025-03-24 17:39:15.805 [info] Getting sessions for read:user,repo,user:email,workflow...
2025-03-24 17:39:15.805 [info] Got 0 sessions for read:user,repo,user:email,workflow...
2025-03-24 17:39:15.851 [info] Getting sessions for all scopes...
2025-03-24 17:39:15.851 [info] Got 1 sessions for ...
2025-03-24 17:39:15.874 [info] Getting sessions for all scopes...
2025-03-24 17:39:15.874 [info] Got 1 sessions for ...
2025-03-24 17:39:15.920 [info] Getting sessions for read:user...
2025-03-24 17:39:15.920 [info] Got 0 sessions for read:user...
2025-03-24 17:39:16.009 [info] Getting sessions for read:user,repo,user:email,workflow...
2025-03-24 17:39:16.009 [info] Got 0 sessions for read:user,repo,user:email,workflow...
2025-03-24 17:39:16.024 [info] Getting sessions for user:email...
2025-03-24 17:39:16.024 [info] Got 1 sessions for user:email...
2025-03-24 17:39:16.025 [info] Getting sessions for user:email...
2025-03-24 17:39:16.025 [info] Got 1 sessions for user:email...
2025-03-24 17:39:16.025 [info] Getting sessions for read:user,repo,user:email,workflow...
2025-03-24 17:39:16.025 [info] Got 0 sessions for read:user,repo,user:email,workflow...
2025-03-24 17:39:16.038 [info] Getting sessions for all scopes...
2025-03-24 17:39:16.038 [info] Got 1 sessions for ...
2025-03-24 17:39:18.640 [info] Getting sessions for read:user,repo,user:email,workflow...
2025-03-24 17:39:18.640 [info] Got 0 sessions for read:user,repo,user:email,workflow...
2025-03-24 17:39:18.683 [info] Getting sessions for user:email...
2025-03-24 17:39:18.683 [info] Got 1 sessions for user:email...
2025-03-24 17:39:18.691 [info] Getting sessions for all scopes...
2025-03-24 17:39:18.691 [info] Got 1 sessions for ...
2025-03-24 17:39:18.988 [info] Getting sessions for read:user,repo,user:email,workflow...
2025-03-24 17:39:18.989 [info] Got 0 sessions for read:user,repo,user:email,workflow...
2025-03-24 17:39:19.093 [info] Getting sessions for user:email...
2025-03-24 17:39:19.093 [info] Got 1 sessions for user:email...
2025-03-24 17:39:20.508 [info] Getting sessions for all scopes...
2025-03-24 17:39:20.508 [info] Got 1 sessions for ...
2025-03-24 17:39:20.722 [info] Getting sessions for read:user,repo,user:email,workflow...
2025-03-24 17:39:20.723 [info] Got 0 sessions for read:user,repo,user:email,workflow...
2025-03-24 17:39:20.725 [info] Getting sessions for user:email...
2025-03-24 17:39:20.725 [info] Got 1 sessions for user:email...
2025-03-24 17:39:21.160 [info] Getting sessions for all scopes...
2025-03-24 17:39:21.160 [info] Got 1 sessions for ...
2025-03-24 17:39:21.160 [info] Getting sessions for all scopes...
2025-03-24 17:39:21.160 [info] Got 1 sessions for ...
2025-03-24 17:39:21.188 [info] Getting sessions for read:user,repo,user:email,workflow...
2025-03-24 17:39:21.188 [info] Got 0 sessions for read:user,repo,user:email,workflow...
2025-03-24 17:39:21.189 [info] Getting sessions for user:email...
2025-03-24 17:39:21.189 [info] Got 1 sessions for user:email...
2025-03-24 17:39:21.189 [info] Getting sessions for read:user,repo,user:email,workflow...
2025-03-24 17:39:21.189 [info] Got 0 sessions for read:user,repo,user:email,workflow...
2025-03-24 17:39:21.194 [info] Getting sessions for all scopes...
2025-03-24 17:39:21.194 [info] Got 1 sessions for ...
2025-03-24 17:39:21.195 [info] Getting sessions for read:user,repo,user:email,workflow...
2025-03-24 17:39:21.195 [info] Got 0 sessions for read:user,repo,user:email,workflow...
2025-03-24 17:39:21.199 [info] Getting sessions for user:email...
2025-03-24 17:39:21.200 [info] Got 1 sessions for user:email...
2025-03-24 17:39:21.358 [info] Getting sessions for all scopes...
2025-03-24 17:39:21.358 [info] Got 1 sessions for ...
2025-03-24 17:39:21.359 [info] Getting sessions for all scopes...
2025-03-24 17:39:21.359 [info] Got 1 sessions for ...
2025-03-24 17:39:21.375 [info] Getting sessions for read:user,repo,user:email,workflow...
2025-03-24 17:39:21.375 [info] Got 0 sessions for read:user,repo,user:email,workflow...
2025-03-24 17:39:21.377 [info] Getting sessions for user:email...
2025-03-24 17:39:21.377 [info] Got 1 sessions for user:email...
2025-03-24 17:39:21.377 [info] Getting sessions for read:user,repo,user:email,workflow...
2025-03-24 17:39:21.377 [info] Got 0 sessions for read:user,repo,user:email,workflow...
2025-03-24 17:39:21.389 [info] Getting sessions for all scopes...
2025-03-24 17:39:21.389 [info] Got 1 sessions for ...
2025-03-24 17:39:21.391 [info] Getting sessions for read:user,repo,user:email,workflow...
2025-03-24 17:39:21.391 [info] Got 0 sessions for read:user,repo,user:email,workflow...
2025-03-24 17:39:21.392 [info] Getting sessions for user:email...
2025-03-24 17:39:21.392 [info] Got 1 sessions for user:email...
2025-03-24 17:39:22.839 [info] Getting sessions for all scopes...
2025-03-24 17:39:22.839 [info] Got 1 sessions for ...
2025-03-24 17:39:22.843 [info] Getting sessions for read:user,repo,user:email,workflow...
2025-03-24 17:39:22.843 [info] Got 0 sessions for read:user,repo,user:email,workflow...
2025-03-24 17:39:22.845 [info] Getting sessions for user:email...
2025-03-24 17:39:22.845 [info] Got 1 sessions for user:email...
2025-03-24 17:41:00.339 [info] Getting sessions for all scopes...
2025-03-24 17:41:00.340 [info] Got 1 sessions for ...
2025-03-24 17:41:00.341 [info] Getting sessions for read:user,repo,user:email,workflow...
2025-03-24 17:41:00.341 [info] Got 0 sessions for read:user,repo,user:email,workflow...
2025-03-24 17:41:00.343 [info] Getting sessions for user:email...
2025-03-24 17:41:00.343 [info] Got 1 sessions for user:email...
2025-03-24 17:41:03.616 [info] Getting sessions for all scopes...
2025-03-24 17:41:03.616 [info] Got 1 sessions for ...
2025-03-24 17:41:03.830 [info] Getting sessions for read:user,repo,user:email,workflow...
2025-03-24 17:41:03.830 [info] Got 0 sessions for read:user,repo,user:email,workflow...
2025-03-24 17:41:03.935 [info] Getting sessions for user:email...
2025-03-24 17:41:03.935 [info] Got 1 sessions for user:email...
2025-03-24 17:41:51.574 [info] Getting sessions for all scopes...
2025-03-24 17:41:51.574 [info] Got 1 sessions for ...
2025-03-24 17:41:51.641 [info] Getting sessions for read:user,repo,user:email,workflow...
2025-03-24 17:41:51.641 [info] Got 0 sessions for read:user,repo,user:email,workflow...
2025-03-24 17:41:51.648 [info] Getting sessions for read:user,repo,user:email,workflow...
2025-03-24 17:41:51.648 [info] Got 0 sessions for read:user,repo,user:email,workflow...
2025-03-24 17:41:51.670 [info] Getting sessions for all scopes...
2025-03-24 17:41:51.670 [info] Got 1 sessions for ...
2025-03-24 17:41:51.678 [info] Getting sessions for read:user,repo,user:email,workflow...
2025-03-24 17:41:51.678 [info] Got 0 sessions for read:user,repo,user:email,workflow...
2025-03-24 17:41:51.680 [info] Getting sessions for user:email...
2025-03-24 17:41:51.680 [info] Got 1 sessions for user:email...
2025-03-24 17:41:51.958 [info] Getting sessions for all scopes...
2025-03-24 17:41:51.959 [info] Got 1 sessions for ...
2025-03-24 17:41:51.976 [info] Getting sessions for read:user,repo,user:email,workflow...
2025-03-24 17:41:51.976 [info] Got 0 sessions for read:user,repo,user:email,workflow...
2025-03-24 17:41:51.978 [info] Getting sessions for user:email...
2025-03-24 17:41:51.978 [info] Got 1 sessions for user:email...
2025-03-24 17:41:59.889 [info] Getting sessions for all scopes...
2025-03-24 17:41:59.889 [info] Got 1 sessions for ...
2025-03-24 17:41:59.960 [info] Getting sessions for read:user,repo,user:email,workflow...
2025-03-24 17:41:59.960 [info] Got 0 sessions for read:user,repo,user:email,workflow...
2025-03-24 17:41:59.977 [info] Getting sessions for user:email...
2025-03-24 17:41:59.977 [info] Got 1 sessions for user:email...
2025-03-24 17:42:00.737 [info] Getting sessions for all scopes...
2025-03-24 17:42:00.737 [info] Got 1 sessions for ...
2025-03-24 17:42:01.038 [info] Getting sessions for read:user,repo,user:email,workflow...
2025-03-24 17:42:01.038 [info] Got 0 sessions for read:user,repo,user:email,workflow...
2025-03-24 17:42:01.053 [info] Getting sessions for user:email...
2025-03-24 17:42:01.053 [info] Got 1 sessions for user:email...
2025-03-24 17:42:03.882 [info] Getting sessions for all scopes...
2025-03-24 17:42:03.882 [info] Got 1 sessions for ...
2025-03-24 17:42:03.887 [info] Getting sessions for read:user,repo,user:email,workflow...
2025-03-24 17:42:03.887 [info] Got 0 sessions for read:user,repo,user:email,workflow...
2025-03-24 17:42:03.891 [info] Getting sessions for user:email...
2025-03-24 17:42:03.891 [info] Got 1 sessions for user:email...
2025-03-24 17:42:28.960 [info] Getting sessions for all scopes...
2025-03-24 17:42:28.960 [info] Got 1 sessions for ...
2025-03-24 17:42:28.963 [info] Getting sessions for read:user,repo,user:email,workflow...
2025-03-24 17:42:28.963 [info] Got 0 sessions for read:user,repo,user:email,workflow...
2025-03-24 17:42:28.975 [info] Getting sessions for user:email...
2025-03-24 17:42:28.975 [info] Got 1 sessions for user:email...
2025-03-24 17:42:30.509 [info] Getting sessions for all scopes...
2025-03-24 17:42:30.509 [info] Got 1 sessions for ...
2025-03-24 17:42:30.515 [info] Getting sessions for read:user,repo,user:email,workflow...
2025-03-24 17:42:30.515 [info] Got 0 sessions for read:user,repo,user:email,workflow...
2025-03-24 17:42:30.524 [info] Getting sessions for user:email...
2025-03-24 17:42:30.524 [info] Got 1 sessions for user:email...
2025-03-24 17:43:02.269 [info] Getting sessions for all scopes...
2025-03-24 17:43:02.269 [info] Got 1 sessions for ...
2025-03-24 17:43:02.271 [info] Getting sessions for read:user,repo,user:email,workflow...
2025-03-24 17:43:02.271 [info] Got 0 sessions for read:user,repo,user:email,workflow...
2025-03-24 17:43:02.273 [info] Getting sessions for user:email...
2025-03-24 17:43:02.273 [info] Got 1 sessions for user:email...
2025-03-24 17:43:05.309 [info] Getting sessions for all scopes...
2025-03-24 17:43:05.309 [info] Got 1 sessions for ...
2025-03-24 17:43:05.554 [info] Getting sessions for read:user,repo,user:email,workflow...
2025-03-24 17:43:05.554 [info] Got 0 sessions for read:user,repo,user:email,workflow...
2025-03-24 17:43:05.639 [info] Getting sessions for user:email...
2025-03-24 17:43:05.639 [info] Got 1 sessions for user:email...
2025-03-24 17:46:07.087 [info] Getting sessions for all scopes...
2025-03-24 17:46:07.087 [info] Got 1 sessions for ...
2025-03-24 17:46:07.098 [info] Getting sessions for read:user,repo,user:email,workflow...
2025-03-24 17:46:07.098 [info] Got 0 sessions for read:user,repo,user:email,workflow...
2025-03-24 17:46:07.100 [info] Getting sessions for user:email...
2025-03-24 17:46:07.100 [info] Got 1 sessions for user:email...
2025-03-24 17:46:11.568 [info] Getting sessions for all scopes...
2025-03-24 17:46:11.568 [info] Got 1 sessions for ...
2025-03-24 17:46:11.732 [info] Getting sessions for read:user,repo,user:email,workflow...
2025-03-24 17:46:11.732 [info] Got 0 sessions for read:user,repo,user:email,workflow...
2025-03-24 17:46:11.758 [info] Getting sessions for user:email...
2025-03-24 17:46:11.758 [info] Got 1 sessions for user:email...
2025-03-24 17:47:31.563 [info] Getting sessions for all scopes...
2025-03-24 17:47:31.563 [info] Got 1 sessions for ...
2025-03-24 17:47:31.577 [info] Getting sessions for read:user,repo,user:email,workflow...
2025-03-24 17:47:31.577 [info] Got 0 sessions for read:user,repo,user:email,workflow...
2025-03-24 17:47:31.581 [info] Getting sessions for read:user,repo,user:email,workflow...
2025-03-24 17:47:31.581 [info] Got 0 sessions for read:user,repo,user:email,workflow...
2025-03-24 17:47:31.608 [info] Getting sessions for all scopes...
2025-03-24 17:47:31.608 [info] Got 1 sessions for ...
2025-03-24 17:47:31.610 [info] Getting sessions for read:user,repo,user:email,workflow...
2025-03-24 17:47:31.610 [info] Got 0 sessions for read:user,repo,user:email,workflow...
2025-03-24 17:47:31.612 [info] Getting sessions for user:email...
2025-03-24 17:47:31.612 [info] Got 1 sessions for user:email...
2025-03-24 17:47:31.713 [info] Getting sessions for all scopes...
2025-03-24 17:47:31.714 [info] Got 1 sessions for ...
2025-03-24 17:47:31.723 [info] Getting sessions for read:user,repo,user:email,workflow...
2025-03-24 17:47:31.723 [info] Got 0 sessions for read:user,repo,user:email,workflow...
2025-03-24 17:47:31.726 [info] Getting sessions for user:email...
2025-03-24 17:47:31.726 [info] Got 1 sessions for user:email...
2025-03-24 17:47:49.117 [info] Getting sessions for all scopes...
2025-03-24 17:47:49.117 [info] Got 1 sessions for ...
2025-03-24 17:47:49.347 [info] Getting sessions for read:user,repo,user:email,workflow...
2025-03-24 17:47:49.347 [info] Got 0 sessions for read:user,repo,user:email,workflow...
2025-03-24 17:47:49.572 [info] Getting sessions for user:email...
2025-03-24 17:47:49.572 [info] Got 1 sessions for user:email...
2025-03-24 17:47:51.109 [info] Getting sessions for all scopes...
2025-03-24 17:47:51.109 [info] Got 1 sessions for ...
2025-03-24 17:47:51.139 [info] Getting sessions for read:user,repo,user:email,workflow...
2025-03-24 17:47:51.139 [info] Got 0 sessions for read:user,repo,user:email,workflow...
2025-03-24 17:47:51.140 [info] Getting sessions for user:email...
2025-03-24 17:47:51.140 [info] Got 1 sessions for user:email...
2025-03-24 17:54:22.851 [info] Getting sessions for all scopes...
2025-03-24 17:54:22.851 [info] Got 1 sessions for ...
2025-03-24 17:54:22.855 [info] Getting sessions for read:user,repo,user:email,workflow...
2025-03-24 17:54:22.855 [info] Got 0 sessions for read:user,repo,user:email,workflow...
2025-03-24 17:54:22.859 [info] Getting sessions for user:email...
2025-03-24 17:54:22.859 [info] Got 1 sessions for user:email...
2025-03-24 18:09:22.869 [info] Getting sessions for all scopes...
2025-03-24 18:09:22.869 [info] Got 1 sessions for ...
2025-03-24 18:09:22.874 [info] Getting sessions for read:user,repo,user:email,workflow...
2025-03-24 18:09:22.874 [info] Got 0 sessions for read:user,repo,user:email,workflow...
2025-03-24 18:09:22.879 [info] Getting sessions for user:email...
2025-03-24 18:09:22.879 [info] Got 1 sessions for user:email...
2025-03-24 18:09:22.884 [info] Getting sessions for all scopes...
2025-03-24 18:09:22.884 [info] Got 1 sessions for ...
2025-03-24 18:09:22.889 [info] Getting sessions for read:user,repo,user:email,workflow...
2025-03-24 18:09:22.889 [info] Got 0 sessions for read:user,repo,user:email,workflow...
2025-03-24 18:09:22.895 [info] Getting sessions for user:email...
2025-03-24 18:09:22.895 [info] Got 1 sessions for user:email...
2025-03-24 18:09:24.098 [info] Getting sessions for all scopes...
2025-03-24 18:09:24.098 [info] Got 1 sessions for ...
2025-03-24 18:09:24.098 [info] Getting sessions for all scopes...
2025-03-24 18:09:24.098 [info] Got 1 sessions for ...
2025-03-24 18:09:24.100 [info] Getting sessions for read:user,repo,user:email,workflow...
2025-03-24 18:09:24.100 [info] Got 0 sessions for read:user,repo,user:email,workflow...
2025-03-24 18:09:24.102 [info] Getting sessions for user:email...
2025-03-24 18:09:24.102 [info] Got 1 sessions for user:email...
2025-03-24 18:09:24.102 [info] Getting sessions for read:user,repo,user:email,workflow...
2025-03-24 18:09:24.102 [info] Got 0 sessions for read:user,repo,user:email,workflow...
2025-03-24 18:09:24.104 [info] Getting sessions for all scopes...
2025-03-24 18:09:24.104 [info] Got 1 sessions for ...
2025-03-24 18:09:24.106 [info] Getting sessions for read:user,repo,user:email,workflow...
2025-03-24 18:09:24.106 [info] Got 0 sessions for read:user,repo,user:email,workflow...
2025-03-24 18:09:24.107 [info] Getting sessions for user:email...
2025-03-24 18:09:24.107 [info] Got 1 sessions for user:email...
2025-03-24 18:09:24.112 [info] Getting sessions for all scopes...
2025-03-24 18:09:24.112 [info] Got 1 sessions for ...
2025-03-24 18:09:24.112 [info] Getting sessions for all scopes...
2025-03-24 18:09:24.113 [info] Got 1 sessions for ...
2025-03-24 18:09:24.116 [info] Getting sessions for read:user,repo,user:email,workflow...
2025-03-24 18:09:24.116 [info] Got 0 sessions for read:user,repo,user:email,workflow...
2025-03-24 18:09:24.120 [info] Getting sessions for user:email...
2025-03-24 18:09:24.120 [info] Got 1 sessions for user:email...
2025-03-24 18:09:24.122 [info] Getting sessions for read:user,repo,user:email,workflow...
2025-03-24 18:09:24.122 [info] Got 0 sessions for read:user,repo,user:email,workflow...
2025-03-24 18:09:24.138 [info] Getting sessions for all scopes...
2025-03-24 18:09:24.138 [info] Got 1 sessions for ...
2025-03-24 18:09:24.142 [info] Getting sessions for read:user,repo,user:email,workflow...
2025-03-24 18:09:24.143 [info] Got 0 sessions for read:user,repo,user:email,workflow...
2025-03-24 18:09:24.151 [info] Getting sessions for user:email...
2025-03-24 18:09:24.151 [info] Got 1 sessions for user:email...
