2025-03-19 20:34:25.041 [info] Reading sessions from keychain...
2025-03-19 20:34:25.041 [info] Getting sessions for all scopes...
2025-03-19 20:34:25.041 [info] Getting sessions for all scopes...
2025-03-19 20:34:25.041 [info] Getting sessions for all scopes...
2025-03-19 20:34:25.041 [info] Got stored sessions!
2025-03-19 20:34:25.041 [info] Got 1 verified sessions.
2025-03-19 20:34:25.041 [info] Got 1 sessions for ...
2025-03-19 20:34:25.041 [info] Got 1 sessions for ...
2025-03-19 20:34:25.041 [info] Got 1 sessions for ...
2025-03-19 20:34:25.041 [info] Getting sessions for user:email...
2025-03-19 20:34:25.041 [info] Got 1 sessions for user:email...
2025-03-19 20:34:25.041 [info] Getting sessions for all scopes...
2025-03-19 20:34:25.041 [info] Got 1 sessions for ...
2025-03-19 20:34:25.041 [info] Getting sessions for all scopes...
2025-03-19 20:34:25.041 [info] Got 1 sessions for ...
2025-03-19 20:34:25.041 [info] Getting sessions for all scopes...
2025-03-19 20:34:25.041 [info] Got 1 sessions for ...
2025-03-19 20:34:25.041 [info] Getting sessions for all scopes...
2025-03-19 20:34:25.041 [info] Got 1 sessions for ...
2025-03-19 20:34:25.041 [info] Getting sessions for all scopes...
2025-03-19 20:34:25.041 [info] Got 1 sessions for ...
2025-03-19 20:34:26.196 [info] Getting sessions for all scopes...
2025-03-19 20:34:26.196 [info] Got 1 sessions for ...
2025-03-19 20:34:29.435 [info] Getting sessions for read:user,repo,user:email,workflow...
2025-03-19 20:34:29.436 [info] Got 0 sessions for read:user,repo,user:email,workflow...
2025-03-19 20:34:29.438 [info] Getting sessions for all scopes...
2025-03-19 20:34:29.438 [info] Got 1 sessions for ...
2025-03-19 20:34:29.439 [info] Getting sessions for all scopes...
2025-03-19 20:34:29.439 [info] Got 1 sessions for ...
2025-03-19 20:34:29.608 [info] Getting sessions for read:user...
2025-03-19 20:34:29.608 [info] Got 0 sessions for read:user...
2025-03-19 20:34:29.608 [info] Getting sessions for read:user,repo,user:email,workflow...
2025-03-19 20:34:29.608 [info] Got 0 sessions for read:user,repo,user:email,workflow...
2025-03-19 20:34:29.731 [info] Getting sessions for read:user,repo,user:email,workflow...
2025-03-19 20:34:29.731 [info] Got 0 sessions for read:user,repo,user:email,workflow...
2025-03-19 20:34:29.827 [info] Getting sessions for user:email...
2025-03-19 20:34:29.827 [info] Got 1 sessions for user:email...
2025-03-19 20:34:29.827 [info] Getting sessions for user:email...
2025-03-19 20:34:29.827 [info] Got 1 sessions for user:email...
2025-03-19 20:34:29.828 [info] Getting sessions for read:user,repo,user:email,workflow...
2025-03-19 20:34:29.828 [info] Got 0 sessions for read:user,repo,user:email,workflow...
2025-03-19 20:34:29.900 [info] Getting sessions for all scopes...
2025-03-19 20:34:29.900 [info] Got 1 sessions for ...
2025-03-19 20:34:29.901 [info] Getting sessions for all scopes...
2025-03-19 20:34:29.901 [info] Got 1 sessions for ...
2025-03-19 20:34:31.772 [info] Getting sessions for read:user,repo,user:email,workflow...
2025-03-19 20:34:31.772 [info] Got 0 sessions for read:user,repo,user:email,workflow...
2025-03-19 20:34:31.828 [info] Getting sessions for user:email...
2025-03-19 20:34:31.828 [info] Got 1 sessions for user:email...
2025-03-19 20:34:32.882 [info] Getting sessions for all scopes...
2025-03-19 20:34:32.882 [info] Got 1 sessions for ...
2025-03-19 20:34:32.883 [info] Getting sessions for all scopes...
2025-03-19 20:34:32.883 [info] Got 1 sessions for ...
2025-03-19 20:34:32.994 [info] Getting sessions for read:user,repo,user:email,workflow...
2025-03-19 20:34:32.994 [info] Got 0 sessions for read:user,repo,user:email,workflow...
2025-03-19 20:34:32.996 [info] Getting sessions for user:email...
2025-03-19 20:34:32.996 [info] Got 1 sessions for user:email...
2025-03-19 20:34:32.996 [info] Getting sessions for read:user,repo,user:email,workflow...
2025-03-19 20:34:32.996 [info] Got 0 sessions for read:user,repo,user:email,workflow...
2025-03-19 20:34:32.999 [info] Getting sessions for all scopes...
2025-03-19 20:34:32.999 [info] Got 1 sessions for ...
2025-03-19 20:34:33.001 [info] Getting sessions for read:user,repo,user:email,workflow...
2025-03-19 20:34:33.001 [info] Got 0 sessions for read:user,repo,user:email,workflow...
2025-03-19 20:34:33.004 [info] Getting sessions for user:email...
2025-03-19 20:34:33.004 [info] Got 1 sessions for user:email...
2025-03-19 20:34:33.167 [info] Getting sessions for all scopes...
2025-03-19 20:34:33.167 [info] Got 1 sessions for ...
2025-03-19 20:34:33.172 [info] Getting sessions for all scopes...
2025-03-19 20:34:33.172 [info] Got 1 sessions for ...
2025-03-19 20:34:33.213 [info] Getting sessions for read:user,repo,user:email,workflow...
2025-03-19 20:34:33.213 [info] Got 0 sessions for read:user,repo,user:email,workflow...
2025-03-19 20:34:33.218 [info] Getting sessions for user:email...
2025-03-19 20:34:33.218 [info] Got 1 sessions for user:email...
2025-03-19 20:34:33.219 [info] Getting sessions for read:user,repo,user:email,workflow...
2025-03-19 20:34:33.219 [info] Got 0 sessions for read:user,repo,user:email,workflow...
2025-03-19 20:34:33.232 [info] Getting sessions for all scopes...
2025-03-19 20:34:33.232 [info] Got 1 sessions for ...
2025-03-19 20:34:33.234 [info] Getting sessions for read:user,repo,user:email,workflow...
2025-03-19 20:34:33.234 [info] Got 0 sessions for read:user,repo,user:email,workflow...
2025-03-19 20:34:33.247 [info] Getting sessions for user:email...
2025-03-19 20:34:33.247 [info] Got 1 sessions for user:email...
2025-03-19 20:34:34.535 [info] Getting sessions for all scopes...
2025-03-19 20:34:34.535 [info] Got 1 sessions for ...
2025-03-19 20:34:34.543 [info] Getting sessions for read:user,repo,user:email,workflow...
2025-03-19 20:34:34.543 [info] Got 0 sessions for read:user,repo,user:email,workflow...
2025-03-19 20:34:34.545 [info] Getting sessions for user:email...
2025-03-19 20:34:34.545 [info] Got 1 sessions for user:email...
