2025-03-20 12:37:38.887 [info] Reading sessions from keychain...
2025-03-20 12:37:38.887 [info] Getting sessions for all scopes...
2025-03-20 12:37:38.887 [info] Getting sessions for all scopes...
2025-03-20 12:37:38.888 [info] Getting sessions for all scopes...
2025-03-20 12:37:38.888 [info] Got stored sessions!
2025-03-20 12:37:38.888 [info] Got 1 verified sessions.
2025-03-20 12:37:38.888 [info] Got 1 sessions for ...
2025-03-20 12:37:38.888 [info] Got 1 sessions for ...
2025-03-20 12:37:38.888 [info] Got 1 sessions for ...
2025-03-20 12:37:38.888 [info] Getting sessions for user:email...
2025-03-20 12:37:38.888 [info] Got 1 sessions for user:email...
2025-03-20 12:37:38.888 [info] Getting sessions for all scopes...
2025-03-20 12:37:38.888 [info] Got 1 sessions for ...
2025-03-20 12:37:38.888 [info] Getting sessions for all scopes...
2025-03-20 12:37:38.888 [info] Got 1 sessions for ...
2025-03-20 12:37:38.888 [info] Getting sessions for all scopes...
2025-03-20 12:37:38.888 [info] Got 1 sessions for ...
2025-03-20 12:37:38.888 [info] Getting sessions for all scopes...
2025-03-20 12:37:38.888 [info] Got 1 sessions for ...
2025-03-20 12:37:38.888 [info] Getting sessions for all scopes...
2025-03-20 12:37:38.888 [info] Got 1 sessions for ...
2025-03-20 12:37:39.721 [info] Getting sessions for all scopes...
2025-03-20 12:37:39.721 [info] Got 1 sessions for ...
2025-03-20 12:37:42.462 [info] Getting sessions for read:user,repo,user:email,workflow...
2025-03-20 12:37:42.462 [info] Got 0 sessions for read:user,repo,user:email,workflow...
2025-03-20 12:37:42.463 [info] Getting sessions for all scopes...
2025-03-20 12:37:42.463 [info] Got 1 sessions for ...
2025-03-20 12:37:42.463 [info] Getting sessions for all scopes...
2025-03-20 12:37:42.463 [info] Got 1 sessions for ...
2025-03-20 12:37:42.577 [info] Getting sessions for read:user...
2025-03-20 12:37:42.577 [info] Got 0 sessions for read:user...
2025-03-20 12:37:42.668 [info] Getting sessions for read:user,repo,user:email,workflow...
2025-03-20 12:37:42.668 [info] Got 0 sessions for read:user,repo,user:email,workflow...
2025-03-20 12:37:42.735 [info] Getting sessions for read:user,repo,user:email,workflow...
2025-03-20 12:37:42.735 [info] Got 0 sessions for read:user,repo,user:email,workflow...
2025-03-20 12:37:42.736 [info] Getting sessions for user:email...
2025-03-20 12:37:42.736 [info] Got 1 sessions for user:email...
2025-03-20 12:37:42.843 [info] Getting sessions for user:email...
2025-03-20 12:37:42.843 [info] Got 1 sessions for user:email...
2025-03-20 12:37:42.843 [info] Getting sessions for read:user,repo,user:email,workflow...
2025-03-20 12:37:42.843 [info] Got 0 sessions for read:user,repo,user:email,workflow...
2025-03-20 12:37:42.889 [info] Getting sessions for all scopes...
2025-03-20 12:37:42.889 [info] Got 1 sessions for ...
2025-03-20 12:37:44.689 [info] Getting sessions for read:user,repo,user:email,workflow...
2025-03-20 12:37:44.689 [info] Got 0 sessions for read:user,repo,user:email,workflow...
2025-03-20 12:37:44.717 [info] Getting sessions for user:email...
2025-03-20 12:37:44.717 [info] Got 1 sessions for user:email...
2025-03-20 12:37:44.734 [info] Getting sessions for all scopes...
2025-03-20 12:37:44.734 [info] Got 1 sessions for ...
2025-03-20 12:37:44.744 [info] Getting sessions for read:user,repo,user:email,workflow...
2025-03-20 12:37:44.744 [info] Got 0 sessions for read:user,repo,user:email,workflow...
2025-03-20 12:37:44.745 [info] Getting sessions for user:email...
2025-03-20 12:37:44.745 [info] Got 1 sessions for user:email...
2025-03-20 12:37:53.691 [info] Getting sessions for all scopes...
2025-03-20 12:37:53.691 [info] Got 1 sessions for ...
2025-03-20 12:37:53.693 [info] Getting sessions for read:user,repo,user:email,workflow...
2025-03-20 12:37:53.693 [info] Got 0 sessions for read:user,repo,user:email,workflow...
2025-03-20 12:37:53.695 [info] Getting sessions for user:email...
2025-03-20 12:37:53.695 [info] Got 1 sessions for user:email...
2025-03-20 12:38:47.228 [info] Getting sessions for read:user,repo,user:email,workflow...
2025-03-20 12:38:47.228 [info] Got 0 sessions for read:user,repo,user:email,workflow...
2025-03-20 12:38:47.232 [info] Getting sessions for read:user...
2025-03-20 12:38:47.243 [info] Got 0 sessions for read:user...
2025-03-20 12:38:47.257 [info] Getting sessions for user:email...
2025-03-20 12:38:47.257 [info] Got 1 sessions for user:email...
2025-03-20 12:38:58.843 [info] Getting sessions for all scopes...
2025-03-20 12:38:58.844 [info] Got 1 sessions for ...
2025-03-20 12:38:58.870 [info] Getting sessions for read:user,repo,user:email,workflow...
2025-03-20 12:38:58.870 [info] Got 0 sessions for read:user,repo,user:email,workflow...
2025-03-20 12:38:58.879 [info] Getting sessions for user:email...
2025-03-20 12:38:58.879 [info] Got 1 sessions for user:email...
2025-03-20 12:38:58.911 [info] Getting sessions for all scopes...
2025-03-20 12:38:58.912 [info] Got 1 sessions for ...
2025-03-20 12:38:58.919 [info] Getting sessions for read:user,repo,user:email,workflow...
2025-03-20 12:38:58.919 [info] Got 0 sessions for read:user,repo,user:email,workflow...
2025-03-20 12:38:58.921 [info] Getting sessions for user:email...
2025-03-20 12:38:58.921 [info] Got 1 sessions for user:email...
2025-03-20 12:40:01.209 [info] Getting sessions for all scopes...
2025-03-20 12:40:01.209 [info] Got 1 sessions for ...
2025-03-20 12:40:01.210 [info] Getting sessions for read:user,repo,user:email,workflow...
2025-03-20 12:40:01.210 [info] Got 0 sessions for read:user,repo,user:email,workflow...
2025-03-20 12:40:01.211 [info] Getting sessions for user:email...
2025-03-20 12:40:01.211 [info] Got 1 sessions for user:email...
2025-03-20 12:40:01.213 [info] Getting sessions for all scopes...
2025-03-20 12:40:01.213 [info] Got 1 sessions for ...
2025-03-20 12:40:01.214 [info] Getting sessions for read:user,repo,user:email,workflow...
2025-03-20 12:40:01.215 [info] Got 0 sessions for read:user,repo,user:email,workflow...
2025-03-20 12:40:01.216 [info] Getting sessions for user:email...
2025-03-20 12:40:01.216 [info] Got 1 sessions for user:email...
2025-03-20 12:55:30.188 [info] Getting sessions for all scopes...
2025-03-20 12:55:30.189 [info] Got 1 sessions for ...
2025-03-20 12:55:30.193 [info] Getting sessions for read:user,repo,user:email,workflow...
2025-03-20 12:55:30.193 [info] Got 0 sessions for read:user,repo,user:email,workflow...
2025-03-20 12:55:30.197 [info] Getting sessions for user:email...
2025-03-20 12:55:30.197 [info] Got 1 sessions for user:email...
2025-03-20 12:55:30.201 [info] Getting sessions for all scopes...
2025-03-20 12:55:30.201 [info] Got 1 sessions for ...
2025-03-20 12:55:30.205 [info] Getting sessions for read:user,repo,user:email,workflow...
2025-03-20 12:55:30.205 [info] Got 0 sessions for read:user,repo,user:email,workflow...
2025-03-20 12:55:30.209 [info] Getting sessions for user:email...
2025-03-20 12:55:30.209 [info] Got 1 sessions for user:email...
2025-03-20 12:55:45.071 [info] Getting sessions for all scopes...
2025-03-20 12:55:45.071 [info] Got 1 sessions for ...
2025-03-20 12:55:45.075 [info] Getting sessions for read:user,repo,user:email,workflow...
2025-03-20 12:55:45.075 [info] Got 0 sessions for read:user,repo,user:email,workflow...
2025-03-20 12:55:45.080 [info] Getting sessions for user:email...
2025-03-20 12:55:45.080 [info] Got 1 sessions for user:email...
2025-03-20 12:55:45.085 [info] Getting sessions for all scopes...
2025-03-20 12:55:45.085 [info] Got 1 sessions for ...
2025-03-20 12:55:45.089 [info] Getting sessions for read:user,repo,user:email,workflow...
2025-03-20 12:55:45.089 [info] Got 0 sessions for read:user,repo,user:email,workflow...
2025-03-20 12:55:45.094 [info] Getting sessions for user:email...
2025-03-20 12:55:45.094 [info] Got 1 sessions for user:email...
2025-03-20 12:55:45.121 [info] Getting sessions for all scopes...
2025-03-20 12:55:45.121 [info] Got 1 sessions for ...
2025-03-20 12:55:45.124 [info] Getting sessions for read:user,repo,user:email,workflow...
2025-03-20 12:55:45.124 [info] Got 0 sessions for read:user,repo,user:email,workflow...
2025-03-20 12:55:45.127 [info] Getting sessions for user:email...
2025-03-20 12:55:45.127 [info] Got 1 sessions for user:email...
2025-03-20 12:55:45.129 [info] Getting sessions for all scopes...
2025-03-20 12:55:45.129 [info] Got 1 sessions for ...
2025-03-20 12:55:45.131 [info] Getting sessions for read:user,repo,user:email,workflow...
2025-03-20 12:55:45.131 [info] Got 0 sessions for read:user,repo,user:email,workflow...
2025-03-20 12:55:45.133 [info] Getting sessions for user:email...
2025-03-20 12:55:45.133 [info] Got 1 sessions for user:email...
2025-03-20 13:07:26.724 [info] Getting sessions for all scopes...
2025-03-20 13:07:26.724 [info] Got 1 sessions for ...
2025-03-20 13:07:26.725 [info] Getting sessions for read:user,repo,user:email,workflow...
2025-03-20 13:07:26.725 [info] Got 0 sessions for read:user,repo,user:email,workflow...
2025-03-20 13:07:26.730 [info] Getting sessions for user:email...
2025-03-20 13:07:26.730 [info] Got 1 sessions for user:email...
2025-03-20 13:07:26.732 [info] Getting sessions for all scopes...
2025-03-20 13:07:26.732 [info] Got 1 sessions for ...
2025-03-20 13:07:26.734 [info] Getting sessions for read:user,repo,user:email,workflow...
2025-03-20 13:07:26.734 [info] Got 0 sessions for read:user,repo,user:email,workflow...
2025-03-20 13:07:26.735 [info] Getting sessions for user:email...
2025-03-20 13:07:26.735 [info] Got 1 sessions for user:email...
2025-03-20 13:07:26.743 [info] Getting sessions for all scopes...
2025-03-20 13:07:26.743 [info] Got 1 sessions for ...
2025-03-20 13:07:26.744 [info] Getting sessions for read:user,repo,user:email,workflow...
2025-03-20 13:07:26.744 [info] Got 0 sessions for read:user,repo,user:email,workflow...
2025-03-20 13:07:26.746 [info] Getting sessions for user:email...
2025-03-20 13:07:26.746 [info] Got 1 sessions for user:email...
2025-03-20 13:07:26.747 [info] Getting sessions for all scopes...
2025-03-20 13:07:26.747 [info] Got 1 sessions for ...
2025-03-20 13:07:26.748 [info] Getting sessions for read:user,repo,user:email,workflow...
2025-03-20 13:07:26.748 [info] Got 0 sessions for read:user,repo,user:email,workflow...
2025-03-20 13:07:26.750 [info] Getting sessions for user:email...
2025-03-20 13:07:26.750 [info] Got 1 sessions for user:email...
2025-03-20 13:07:35.682 [info] Getting sessions for all scopes...
2025-03-20 13:07:35.682 [info] Got 1 sessions for ...
2025-03-20 13:07:35.684 [info] Getting sessions for read:user,repo,user:email,workflow...
2025-03-20 13:07:35.684 [info] Got 0 sessions for read:user,repo,user:email,workflow...
2025-03-20 13:07:35.685 [info] Getting sessions for user:email...
2025-03-20 13:07:35.685 [info] Got 1 sessions for user:email...
2025-03-20 13:07:35.687 [info] Getting sessions for all scopes...
2025-03-20 13:07:35.687 [info] Got 1 sessions for ...
2025-03-20 13:07:35.700 [info] Getting sessions for read:user,repo,user:email,workflow...
2025-03-20 13:07:35.700 [info] Got 0 sessions for read:user,repo,user:email,workflow...
2025-03-20 13:07:35.701 [info] Getting sessions for user:email...
2025-03-20 13:07:35.701 [info] Got 1 sessions for user:email...
