2025-03-24 17:40:02.339 [info] Getting Manifest... ms-vscode.vscode-typescript-next
2025-03-24 17:40:02.739 [info] Installing extension: ms-vscode.vscode-typescript-next {"isMachineScoped":false,"installPreReleaseVersion":false,"pinned":false,"profileLocation":{"$mid":1,"external":"vscode-userdata:/home/shiv/.vscode/extensions/extensions.json","path":"/home/shiv/.vscode/extensions/extensions.json","scheme":"vscode-userdata"},"isApplicationScoped":false,"productVersion":{"version":"1.98.2","date":"2025-03-12T13:32:45.399Z"}}
2025-03-24 17:40:09.100 [info] Extension signature verification result for ms-vscode.vscode-typescript-next: Success. Internal Code: 0. Executed: true. Duration: 2078ms.
2025-03-24 17:40:09.674 [info] Extracted extension to file:///home/shiv/.vscode/extensions/ms-vscode.vscode-typescript-next-5.9.20250323: ms-vscode.vscode-typescript-next
2025-03-24 17:40:09.696 [info] Renamed to /home/shiv/.vscode/extensions/ms-vscode.vscode-typescript-next-5.9.20250323
2025-03-24 17:40:09.763 [info] Extension installed successfully: ms-vscode.vscode-typescript-next vscode-userdata:/home/shiv/.vscode/extensions/extensions.json
2025-03-24 17:40:16.921 [info] Getting Manifest... loiane.ts-extension-pack
2025-03-24 17:40:18.409 [info] Installing extension: loiane.ts-extension-pack {"isMachineScoped":false,"installPreReleaseVersion":false,"pinned":false,"profileLocation":{"$mid":1,"external":"vscode-userdata:/home/shiv/.vscode/extensions/extensions.json","path":"/home/shiv/.vscode/extensions/extensions.json","scheme":"vscode-userdata"},"isApplicationScoped":false,"productVersion":{"version":"1.98.2","date":"2025-03-12T13:32:45.399Z"}}
2025-03-24 17:40:19.347 [info] Getting Manifest... esbenp.prettier-vscode
2025-03-24 17:40:21.237 [info] Getting Manifest... christian-kohler.path-intellisense
2025-03-24 17:40:22.491 [info] Getting Manifest... rbbit.typescript-hero
2025-03-24 17:40:24.800 [info] Getting Manifest... pmneo.tsimporter
2025-03-24 17:40:25.330 [info] Getting Manifest... stringham.move-ts
2025-03-24 17:40:28.684 [info] Getting Manifest... gregorbiswanger.json2ts
2025-03-24 17:40:32.227 [info] Installing extension: esbenp.prettier-vscode {"isMachineScoped":false,"installPreReleaseVersion":false,"pinned":false,"profileLocation":{"$mid":1,"external":"vscode-userdata:/home/shiv/.vscode/extensions/extensions.json","path":"/home/shiv/.vscode/extensions/extensions.json","scheme":"vscode-userdata"},"isApplicationScoped":false,"productVersion":{"version":"1.98.2","date":"2025-03-12T13:32:45.399Z"},"context":{"dependecyOrPackExtensionInstall":true}}
2025-03-24 17:40:32.228 [info] Installing extension: christian-kohler.path-intellisense {"isMachineScoped":false,"installPreReleaseVersion":false,"pinned":false,"profileLocation":{"$mid":1,"external":"vscode-userdata:/home/shiv/.vscode/extensions/extensions.json","path":"/home/shiv/.vscode/extensions/extensions.json","scheme":"vscode-userdata"},"isApplicationScoped":false,"productVersion":{"version":"1.98.2","date":"2025-03-12T13:32:45.399Z"},"context":{"dependecyOrPackExtensionInstall":true}}
2025-03-24 17:40:32.228 [info] Installing extension: rbbit.typescript-hero {"isMachineScoped":false,"installPreReleaseVersion":false,"pinned":false,"profileLocation":{"$mid":1,"external":"vscode-userdata:/home/shiv/.vscode/extensions/extensions.json","path":"/home/shiv/.vscode/extensions/extensions.json","scheme":"vscode-userdata"},"isApplicationScoped":false,"productVersion":{"version":"1.98.2","date":"2025-03-12T13:32:45.399Z"},"context":{"dependecyOrPackExtensionInstall":true}}
2025-03-24 17:40:32.228 [info] Installing extension: pmneo.tsimporter {"isMachineScoped":false,"installPreReleaseVersion":false,"pinned":false,"profileLocation":{"$mid":1,"external":"vscode-userdata:/home/shiv/.vscode/extensions/extensions.json","path":"/home/shiv/.vscode/extensions/extensions.json","scheme":"vscode-userdata"},"isApplicationScoped":false,"productVersion":{"version":"1.98.2","date":"2025-03-12T13:32:45.399Z"},"context":{"dependecyOrPackExtensionInstall":true}}
2025-03-24 17:40:32.228 [info] Installing extension: stringham.move-ts {"isMachineScoped":false,"installPreReleaseVersion":false,"pinned":false,"profileLocation":{"$mid":1,"external":"vscode-userdata:/home/shiv/.vscode/extensions/extensions.json","path":"/home/shiv/.vscode/extensions/extensions.json","scheme":"vscode-userdata"},"isApplicationScoped":false,"productVersion":{"version":"1.98.2","date":"2025-03-12T13:32:45.399Z"},"context":{"dependecyOrPackExtensionInstall":true}}
2025-03-24 17:40:32.229 [info] Installing extension: gregorbiswanger.json2ts {"isMachineScoped":false,"installPreReleaseVersion":false,"pinned":false,"profileLocation":{"$mid":1,"external":"vscode-userdata:/home/shiv/.vscode/extensions/extensions.json","path":"/home/shiv/.vscode/extensions/extensions.json","scheme":"vscode-userdata"},"isApplicationScoped":false,"productVersion":{"version":"1.98.2","date":"2025-03-12T13:32:45.399Z"},"context":{"dependecyOrPackExtensionInstall":true}}
2025-03-24 17:40:36.704 [info] Extension signature verification result for christian-kohler.path-intellisense: Success. Internal Code: 0. Executed: true. Duration: 2903ms.
2025-03-24 17:40:37.026 [info] Extension signature verification result for loiane.ts-extension-pack: Success. Internal Code: 0. Executed: true. Duration: 2921ms.
2025-03-24 17:40:37.054 [info] Extracted extension to file:///home/shiv/.vscode/extensions/christian-kohler.path-intellisense-2.10.0: christian-kohler.path-intellisense
2025-03-24 17:40:37.102 [info] Renamed to /home/shiv/.vscode/extensions/christian-kohler.path-intellisense-2.10.0
2025-03-24 17:40:37.197 [info] Extracted extension to file:///home/shiv/.vscode/extensions/loiane.ts-extension-pack-0.3.0: loiane.ts-extension-pack
2025-03-24 17:40:37.222 [info] Renamed to /home/shiv/.vscode/extensions/loiane.ts-extension-pack-0.3.0
2025-03-24 17:40:38.748 [info] Extension signature verification result for pmneo.tsimporter: Success. Internal Code: 0. Executed: true. Duration: 2943ms.
2025-03-24 17:40:38.832 [info] Extracted extension to file:///home/shiv/.vscode/extensions/pmneo.tsimporter-2.0.1: pmneo.tsimporter
2025-03-24 17:40:38.847 [info] Renamed to /home/shiv/.vscode/extensions/pmneo.tsimporter-2.0.1
2025-03-24 17:40:40.317 [info] Extension signature verification result for esbenp.prettier-vscode: Success. Internal Code: 0. Executed: true. Duration: 1271ms.
2025-03-24 17:40:40.434 [info] Extracted extension to file:///home/shiv/.vscode/extensions/esbenp.prettier-vscode-11.0.0: esbenp.prettier-vscode
2025-03-24 17:40:40.441 [info] Renamed to /home/shiv/.vscode/extensions/esbenp.prettier-vscode-11.0.0
2025-03-24 17:40:43.727 [info] Extension signature verification result for gregorbiswanger.json2ts: Success. Internal Code: 0. Executed: true. Duration: 820ms.
2025-03-24 17:40:44.081 [info] Extracted extension to file:///home/shiv/.vscode/extensions/gregorbiswanger.json2ts-0.0.6: gregorbiswanger.json2ts
2025-03-24 17:40:44.112 [info] Renamed to /home/shiv/.vscode/extensions/gregorbiswanger.json2ts-0.0.6
2025-03-24 17:40:45.019 [info] Extension signature verification result for rbbit.typescript-hero: Success. Internal Code: 0. Executed: true. Duration: 876ms.
2025-03-24 17:40:46.482 [info] Extracted extension to file:///home/shiv/.vscode/extensions/rbbit.typescript-hero-3.0.0: rbbit.typescript-hero
2025-03-24 17:40:46.547 [info] Renamed to /home/shiv/.vscode/extensions/rbbit.typescript-hero-3.0.0
2025-03-24 17:40:48.075 [info] Extension signature verification result for stringham.move-ts: Success. Internal Code: 0. Executed: true. Duration: 744ms.
2025-03-24 17:40:48.588 [info] Extracted extension to file:///home/shiv/.vscode/extensions/stringham.move-ts-1.12.0: stringham.move-ts
2025-03-24 17:40:48.608 [info] Renamed to /home/shiv/.vscode/extensions/stringham.move-ts-1.12.0
2025-03-24 17:40:48.635 [info] Extension installed successfully: christian-kohler.path-intellisense vscode-userdata:/home/shiv/.vscode/extensions/extensions.json
2025-03-24 17:40:48.636 [info] Extension installed successfully: loiane.ts-extension-pack vscode-userdata:/home/shiv/.vscode/extensions/extensions.json
2025-03-24 17:40:48.636 [info] Extension installed successfully: pmneo.tsimporter vscode-userdata:/home/shiv/.vscode/extensions/extensions.json
2025-03-24 17:40:48.636 [info] Extension installed successfully: esbenp.prettier-vscode vscode-userdata:/home/shiv/.vscode/extensions/extensions.json
2025-03-24 17:40:48.636 [info] Extension installed successfully: gregorbiswanger.json2ts vscode-userdata:/home/shiv/.vscode/extensions/extensions.json
2025-03-24 17:40:48.636 [info] Extension installed successfully: rbbit.typescript-hero vscode-userdata:/home/shiv/.vscode/extensions/extensions.json
2025-03-24 17:40:48.636 [info] Extension installed successfully: stringham.move-ts vscode-userdata:/home/shiv/.vscode/extensions/extensions.json
