2025-03-19 20:35:04.624 [info] [AutoSync] Using settings sync service https://vscode-sync.trafficmanager.net/
2025-03-19 20:35:04.625 [info] [AutoSync] Enabled.
2025-03-19 20:35:04.625 [info] [AutoSync] Suspended until auth token is available.
2025-03-19 20:35:06.273 [info] [AutoSync] Triggered by Interval
2025-03-19 20:35:06.277 [info] Sync started.
2025-03-19 20:35:07.135 [info] Settings: No changes found during synchronizing settings.
2025-03-19 20:35:07.162 [info] Keybindings: No changes found during synchronizing keybindings.
2025-03-19 20:35:07.169 [info] Snippets: No changes found during synchronizing snippets.
2025-03-19 20:35:07.175 [info] Tasks: No changes found during synchronizing tasks.
2025-03-19 20:35:07.185 [info] GlobalState: No changes found during synchronizing ui state.
2025-03-19 20:35:07.268 [info] Extensions: No changes found during synchronizing extensions.
2025-03-19 20:35:07.272 [info] Profiles: No changes found during synchronizing profiles.
2025-03-19 20:35:07.274 [info] Sync done. Took 1131ms
2025-03-19 20:35:19.937 [info] [AutoSync] Triggered by Activity
2025-03-19 20:35:19.938 [info] Sync started.
2025-03-19 20:35:20.088 [info] Settings: No changes found during synchronizing settings.
2025-03-19 20:35:20.096 [info] Keybindings: No changes found during synchronizing keybindings.
2025-03-19 20:35:20.105 [info] Snippets: No changes found during synchronizing snippets.
2025-03-19 20:35:20.112 [info] Tasks: No changes found during synchronizing tasks.
2025-03-19 20:35:20.121 [info] GlobalState: No changes found during synchronizing ui state.
2025-03-19 20:35:20.279 [info] Extensions: No changes found during synchronizing extensions.
2025-03-19 20:35:20.286 [info] Profiles: No changes found during synchronizing profiles.
2025-03-19 20:35:20.290 [info] Sync done. Took 352ms
2025-03-19 20:35:46.254 [info] [AutoSync] Triggered by Activity
2025-03-19 20:35:46.254 [info] Sync started.
2025-03-19 20:35:46.620 [info] Settings: No changes found during synchronizing settings.
2025-03-19 20:35:46.623 [info] Keybindings: No changes found during synchronizing keybindings.
2025-03-19 20:35:46.626 [info] Snippets: No changes found during synchronizing snippets.
2025-03-19 20:35:46.629 [info] Tasks: No changes found during synchronizing tasks.
2025-03-19 20:35:46.632 [info] GlobalState: No changes found during synchronizing ui state.
2025-03-19 20:35:46.692 [info] Extensions: No changes found during synchronizing extensions.
2025-03-19 20:35:46.693 [info] Profiles: No changes found during synchronizing profiles.
2025-03-19 20:35:46.693 [info] Sync done. Took 440ms
2025-03-19 20:36:11.464 [info] [AutoSync] Triggered by Activity
2025-03-19 20:36:11.465 [info] Sync started.
2025-03-19 20:36:11.637 [info] Settings: No changes found during synchronizing settings.
2025-03-19 20:36:11.647 [info] Keybindings: No changes found during synchronizing keybindings.
2025-03-19 20:36:11.657 [info] Snippets: No changes found during synchronizing snippets.
2025-03-19 20:36:11.664 [info] Tasks: No changes found during synchronizing tasks.
2025-03-19 20:36:11.670 [info] GlobalState: No changes found during synchronizing ui state.
2025-03-19 20:36:11.714 [info] Extensions: No changes found during synchronizing extensions.
2025-03-19 20:36:11.716 [info] Profiles: No changes found during synchronizing profiles.
2025-03-19 20:36:11.718 [info] Sync done. Took 257ms
