2025-03-19 21:10:38.572 [info] [AutoSync] Using settings sync service https://vscode-sync.trafficmanager.net/
2025-03-19 21:10:38.572 [info] [AutoSync] Enabled.
2025-03-19 21:10:38.572 [info] [AutoSync] Suspended until auth token is available.
2025-03-19 21:10:39.752 [info] [AutoSync] Triggered by Interval
2025-03-19 21:10:39.753 [info] Sync started.
2025-03-19 21:10:40.971 [info] Settings: No changes found during synchronizing settings.
2025-03-19 21:10:40.977 [info] Keybindings: No changes found during synchronizing keybindings.
2025-03-19 21:10:40.980 [info] Snippets: No changes found during synchronizing snippets.
2025-03-19 21:10:40.983 [info] Tasks: No changes found during synchronizing tasks.
2025-03-19 21:10:40.989 [info] GlobalState: No changes found during synchronizing ui state.
2025-03-19 21:10:41.037 [info] Extensions: No changes found during synchronizing extensions.
2025-03-19 21:10:41.043 [info] Profiles: No changes found during synchronizing profiles.
2025-03-19 21:10:41.045 [info] Sync done. Took 1295ms
2025-03-19 21:13:38.907 [info] [AutoSync] Triggered by Activity
2025-03-19 21:13:38.908 [info] Sync started.
2025-03-19 21:13:39.661 [info] Settings: No changes found during synchronizing settings.
2025-03-19 21:13:39.666 [info] Keybindings: No changes found during synchronizing keybindings.
2025-03-19 21:13:39.670 [info] Snippets: No changes found during synchronizing snippets.
2025-03-19 21:13:39.672 [info] Tasks: No changes found during synchronizing tasks.
2025-03-19 21:13:39.676 [info] GlobalState: No changes found during synchronizing ui state.
2025-03-19 21:13:39.734 [info] Extensions: No changes found during synchronizing extensions.
2025-03-19 21:13:39.741 [info] Profiles: No changes found during synchronizing profiles.
2025-03-19 21:13:39.743 [info] Sync done. Took 839ms
2025-03-19 21:15:07.080 [info] [AutoSync] Triggered by Activity
2025-03-19 21:15:07.081 [info] Sync started.
2025-03-19 21:15:07.384 [info] Settings: No changes found during synchronizing settings.
2025-03-19 21:15:07.395 [info] Keybindings: No changes found during synchronizing keybindings.
2025-03-19 21:15:07.406 [info] Snippets: No changes found during synchronizing snippets.
2025-03-19 21:15:07.415 [info] Tasks: No changes found during synchronizing tasks.
2025-03-19 21:15:07.422 [info] GlobalState: No changes found during synchronizing ui state.
2025-03-19 21:15:07.481 [info] Extensions: No changes found during synchronizing extensions.
2025-03-19 21:15:07.482 [info] Profiles: No changes found during synchronizing profiles.
2025-03-19 21:15:07.483 [info] Sync done. Took 407ms
2025-03-19 21:17:53.284 [info] [AutoSync] Triggered by Activity
2025-03-19 21:17:53.285 [info] Sync started.
2025-03-19 21:17:54.189 [info] Settings: No changes found during synchronizing settings.
2025-03-19 21:17:54.192 [info] Keybindings: No changes found during synchronizing keybindings.
2025-03-19 21:17:54.202 [info] Snippets: No changes found during synchronizing snippets.
2025-03-19 21:17:54.205 [info] Tasks: No changes found during synchronizing tasks.
2025-03-19 21:17:54.210 [info] GlobalState: No changes found during synchronizing ui state.
2025-03-19 21:17:54.337 [info] Extensions: No changes found during synchronizing extensions.
2025-03-19 21:17:54.353 [info] Profiles: No changes found during synchronizing profiles.
2025-03-19 21:17:54.355 [info] Sync done. Took 1073ms
2025-03-19 21:18:30.669 [info] [AutoSync] Triggered by Activity
2025-03-19 21:18:30.670 [info] Sync started.
2025-03-19 21:18:30.957 [info] Settings: No changes found during synchronizing settings.
2025-03-19 21:18:30.966 [info] Keybindings: No changes found during synchronizing keybindings.
2025-03-19 21:18:30.974 [info] Snippets: No changes found during synchronizing snippets.
2025-03-19 21:18:30.981 [info] Tasks: No changes found during synchronizing tasks.
2025-03-19 21:18:30.990 [info] GlobalState: No changes found during synchronizing ui state.
2025-03-19 21:18:31.044 [info] Extensions: No changes found during synchronizing extensions.
2025-03-19 21:18:31.046 [info] Profiles: No changes found during synchronizing profiles.
2025-03-19 21:18:31.048 [info] Sync done. Took 383ms
2025-03-19 21:20:22.727 [info] [AutoSync] Triggered by Activity
2025-03-19 21:20:22.727 [info] Sync started.
2025-03-19 21:20:22.884 [info] Settings: No changes found during synchronizing settings.
2025-03-19 21:20:22.889 [info] Keybindings: No changes found during synchronizing keybindings.
2025-03-19 21:20:22.893 [info] Snippets: No changes found during synchronizing snippets.
2025-03-19 21:20:22.897 [info] Tasks: No changes found during synchronizing tasks.
2025-03-19 21:20:22.901 [info] GlobalState: No changes found during synchronizing ui state.
2025-03-19 21:20:22.972 [info] Extensions: No changes found during synchronizing extensions.
2025-03-19 21:20:22.977 [info] Profiles: No changes found during synchronizing profiles.
2025-03-19 21:20:22.980 [info] Sync done. Took 253ms
2025-03-19 21:20:37.009 [info] [AutoSync] Triggered by Activity
2025-03-19 21:20:37.010 [info] Sync started.
2025-03-19 21:20:37.214 [info] Settings: No changes found during synchronizing settings.
2025-03-19 21:20:37.221 [info] Keybindings: No changes found during synchronizing keybindings.
2025-03-19 21:20:37.228 [info] Snippets: No changes found during synchronizing snippets.
2025-03-19 21:20:37.233 [info] Tasks: No changes found during synchronizing tasks.
2025-03-19 21:20:37.237 [info] GlobalState: No changes found during synchronizing ui state.
2025-03-19 21:20:37.287 [info] Extensions: No changes found during synchronizing extensions.
2025-03-19 21:20:37.288 [info] Profiles: No changes found during synchronizing profiles.
2025-03-19 21:20:37.290 [info] Sync done. Took 284ms
2025-03-19 21:22:29.045 [info] [AutoSync] Triggered by Activity
2025-03-19 21:22:29.046 [info] Sync started.
2025-03-19 21:22:29.221 [info] Settings: No changes found during synchronizing settings.
2025-03-19 21:22:29.224 [info] Keybindings: No changes found during synchronizing keybindings.
2025-03-19 21:22:29.228 [info] Snippets: No changes found during synchronizing snippets.
2025-03-19 21:22:29.230 [info] Tasks: No changes found during synchronizing tasks.
2025-03-19 21:22:29.236 [info] GlobalState: No changes found during synchronizing ui state.
2025-03-19 21:22:29.286 [info] Extensions: No changes found during synchronizing extensions.
2025-03-19 21:22:29.287 [info] Profiles: No changes found during synchronizing profiles.
2025-03-19 21:22:29.289 [info] Sync done. Took 246ms
2025-03-19 21:26:41.431 [info] [AutoSync] Triggered by Activity
2025-03-19 21:26:41.432 [info] Sync started.
2025-03-19 21:26:42.486 [info] Settings: No changes found during synchronizing settings.
2025-03-19 21:26:42.497 [info] Keybindings: No changes found during synchronizing keybindings.
2025-03-19 21:26:42.504 [info] Snippets: No changes found during synchronizing snippets.
2025-03-19 21:26:42.508 [info] Tasks: No changes found during synchronizing tasks.
2025-03-19 21:26:42.513 [info] GlobalState: No changes found during synchronizing ui state.
2025-03-19 21:26:42.569 [info] Extensions: No changes found during synchronizing extensions.
2025-03-19 21:26:42.570 [info] Profiles: No changes found during synchronizing profiles.
2025-03-19 21:26:42.572 [info] Sync done. Took 1143ms
2025-03-19 21:27:26.625 [info] [AutoSync] Triggered by Activity
2025-03-19 21:27:26.625 [info] Sync started.
2025-03-19 21:27:27.242 [info] Settings: No changes found during synchronizing settings.
2025-03-19 21:27:27.252 [info] Keybindings: No changes found during synchronizing keybindings.
2025-03-19 21:27:27.262 [info] Snippets: No changes found during synchronizing snippets.
2025-03-19 21:27:27.271 [info] Tasks: No changes found during synchronizing tasks.
2025-03-19 21:27:27.279 [info] GlobalState: No changes found during synchronizing ui state.
2025-03-19 21:27:27.340 [info] Extensions: No changes found during synchronizing extensions.
2025-03-19 21:27:27.342 [info] Profiles: No changes found during synchronizing profiles.
2025-03-19 21:27:27.343 [info] Sync done. Took 719ms
2025-03-19 21:27:56.826 [info] [AutoSync] Triggered by Activity
2025-03-19 21:27:56.827 [info] Sync started.
2025-03-19 21:27:57.129 [info] Settings: No changes found during synchronizing settings.
2025-03-19 21:27:57.138 [info] Keybindings: No changes found during synchronizing keybindings.
2025-03-19 21:27:57.147 [info] Snippets: No changes found during synchronizing snippets.
2025-03-19 21:27:57.153 [info] Tasks: No changes found during synchronizing tasks.
2025-03-19 21:27:57.158 [info] GlobalState: No changes found during synchronizing ui state.
2025-03-19 21:27:57.215 [info] Extensions: No changes found during synchronizing extensions.
2025-03-19 21:27:57.216 [info] Profiles: No changes found during synchronizing profiles.
2025-03-19 21:27:57.218 [info] Sync done. Took 395ms
2025-03-19 21:32:00.241 [info] [AutoSync] Triggered by Activity
2025-03-19 21:32:00.241 [info] Sync started.
2025-03-19 21:32:11.912 [info] Settings: No changes found during synchronizing settings.
2025-03-19 21:32:11.916 [info] Keybindings: No changes found during synchronizing keybindings.
2025-03-19 21:32:11.920 [info] Snippets: No changes found during synchronizing snippets.
2025-03-19 21:32:11.922 [info] Tasks: No changes found during synchronizing tasks.
2025-03-19 21:32:11.927 [info] GlobalState: No changes found during synchronizing ui state.
2025-03-19 21:32:12.021 [info] Extensions: No changes found during synchronizing extensions.
2025-03-19 21:32:12.022 [info] Profiles: No changes found during synchronizing profiles.
2025-03-19 21:32:12.026 [info] Sync done. Took 11787ms
2025-03-19 21:32:30.539 [info] [AutoSync] Triggered by Activity
2025-03-19 21:32:30.541 [info] Sync started.
2025-03-19 21:32:31.602 [info] Settings: No changes found during synchronizing settings.
2025-03-19 21:32:31.612 [info] Keybindings: No changes found during synchronizing keybindings.
2025-03-19 21:32:31.620 [info] Snippets: No changes found during synchronizing snippets.
2025-03-19 21:32:31.624 [info] Tasks: No changes found during synchronizing tasks.
2025-03-19 21:32:31.628 [info] GlobalState: No changes found during synchronizing ui state.
2025-03-19 21:32:31.671 [info] Extensions: No changes found during synchronizing extensions.
2025-03-19 21:32:31.674 [info] Profiles: No changes found during synchronizing profiles.
2025-03-19 21:32:31.675 [info] Sync done. Took 1140ms
