2025-03-19 21:10:39.860 [info] Reading sessions from keychain...
2025-03-19 21:10:39.860 [info] Getting sessions for all scopes...
2025-03-19 21:10:39.860 [info] Getting sessions for all scopes...
2025-03-19 21:10:39.860 [info] Getting sessions for all scopes...
2025-03-19 21:10:39.860 [info] Getting sessions for user:email...
2025-03-19 21:10:39.860 [info] Got stored sessions!
2025-03-19 21:10:39.860 [info] Got 1 verified sessions.
2025-03-19 21:10:39.860 [info] Got 1 sessions for ...
2025-03-19 21:10:39.860 [info] Got 1 sessions for ...
2025-03-19 21:10:39.860 [info] Got 1 sessions for ...
2025-03-19 21:10:39.860 [info] Got 1 sessions for user:email...
2025-03-19 21:10:39.860 [info] Getting sessions for all scopes...
2025-03-19 21:10:39.860 [info] Got 1 sessions for ...
2025-03-19 21:10:39.860 [info] Getting sessions for all scopes...
2025-03-19 21:10:39.860 [info] Got 1 sessions for ...
2025-03-19 21:10:39.860 [info] Getting sessions for all scopes...
2025-03-19 21:10:39.860 [info] Got 1 sessions for ...
2025-03-19 21:10:39.860 [info] Getting sessions for all scopes...
2025-03-19 21:10:39.860 [info] Got 1 sessions for ...
2025-03-19 21:10:39.860 [info] Getting sessions for all scopes...
2025-03-19 21:10:39.860 [info] Got 1 sessions for ...
2025-03-19 21:10:40.830 [info] Getting sessions for all scopes...
2025-03-19 21:10:40.830 [info] Got 1 sessions for ...
2025-03-19 21:10:43.968 [info] Getting sessions for read:user,repo,user:email,workflow...
2025-03-19 21:10:43.969 [info] Got 0 sessions for read:user,repo,user:email,workflow...
2025-03-19 21:10:43.974 [info] Getting sessions for all scopes...
2025-03-19 21:10:43.974 [info] Got 1 sessions for ...
2025-03-19 21:10:43.974 [info] Getting sessions for all scopes...
2025-03-19 21:10:43.974 [info] Got 1 sessions for ...
2025-03-19 21:10:44.112 [info] Getting sessions for read:user...
2025-03-19 21:10:44.112 [info] Got 0 sessions for read:user...
2025-03-19 21:10:44.166 [info] Getting sessions for read:user,repo,user:email,workflow...
2025-03-19 21:10:44.166 [info] Got 0 sessions for read:user,repo,user:email,workflow...
2025-03-19 21:10:44.210 [info] Getting sessions for read:user,repo,user:email,workflow...
2025-03-19 21:10:44.210 [info] Got 0 sessions for read:user,repo,user:email,workflow...
2025-03-19 21:10:44.298 [info] Getting sessions for user:email...
2025-03-19 21:10:44.298 [info] Got 1 sessions for user:email...
2025-03-19 21:10:44.318 [info] Getting sessions for user:email...
2025-03-19 21:10:44.319 [info] Got 1 sessions for user:email...
2025-03-19 21:10:44.319 [info] Getting sessions for read:user,repo,user:email,workflow...
2025-03-19 21:10:44.319 [info] Got 0 sessions for read:user,repo,user:email,workflow...
2025-03-19 21:10:46.390 [info] Getting sessions for all scopes...
2025-03-19 21:10:46.390 [info] Got 1 sessions for ...
2025-03-19 21:10:46.390 [info] Getting sessions for all scopes...
2025-03-19 21:10:46.390 [info] Got 1 sessions for ...
2025-03-19 21:10:46.456 [info] Getting sessions for read:user,repo,user:email,workflow...
2025-03-19 21:10:46.456 [info] Got 0 sessions for read:user,repo,user:email,workflow...
2025-03-19 21:10:46.494 [info] Getting sessions for user:email...
2025-03-19 21:10:46.494 [info] Got 1 sessions for user:email...
2025-03-19 21:10:47.546 [info] Getting sessions for all scopes...
2025-03-19 21:10:47.546 [info] Got 1 sessions for ...
2025-03-19 21:10:47.546 [info] Getting sessions for all scopes...
2025-03-19 21:10:47.546 [info] Got 1 sessions for ...
2025-03-19 21:10:47.565 [info] Getting sessions for read:user,repo,user:email,workflow...
2025-03-19 21:10:47.565 [info] Got 0 sessions for read:user,repo,user:email,workflow...
2025-03-19 21:10:47.566 [info] Getting sessions for user:email...
2025-03-19 21:10:47.566 [info] Got 1 sessions for user:email...
2025-03-19 21:10:47.566 [info] Getting sessions for read:user,repo,user:email,workflow...
2025-03-19 21:10:47.566 [info] Got 0 sessions for read:user,repo,user:email,workflow...
2025-03-19 21:10:47.569 [info] Getting sessions for all scopes...
2025-03-19 21:10:47.569 [info] Got 1 sessions for ...
2025-03-19 21:10:47.574 [info] Getting sessions for read:user,repo,user:email,workflow...
2025-03-19 21:10:47.574 [info] Got 0 sessions for read:user,repo,user:email,workflow...
2025-03-19 21:10:47.576 [info] Getting sessions for user:email...
2025-03-19 21:10:47.576 [info] Got 1 sessions for user:email...
2025-03-19 21:10:47.699 [info] Getting sessions for all scopes...
2025-03-19 21:10:47.699 [info] Got 1 sessions for ...
2025-03-19 21:10:47.700 [info] Getting sessions for all scopes...
2025-03-19 21:10:47.700 [info] Got 1 sessions for ...
2025-03-19 21:10:47.714 [info] Getting sessions for read:user,repo,user:email,workflow...
2025-03-19 21:10:47.714 [info] Got 0 sessions for read:user,repo,user:email,workflow...
2025-03-19 21:10:47.717 [info] Getting sessions for user:email...
2025-03-19 21:10:47.717 [info] Got 1 sessions for user:email...
2025-03-19 21:10:47.718 [info] Getting sessions for read:user,repo,user:email,workflow...
2025-03-19 21:10:47.718 [info] Got 0 sessions for read:user,repo,user:email,workflow...
2025-03-19 21:10:47.732 [info] Getting sessions for all scopes...
2025-03-19 21:10:47.732 [info] Got 1 sessions for ...
2025-03-19 21:10:47.734 [info] Getting sessions for read:user,repo,user:email,workflow...
2025-03-19 21:10:47.734 [info] Got 0 sessions for read:user,repo,user:email,workflow...
2025-03-19 21:10:47.740 [info] Getting sessions for user:email...
2025-03-19 21:10:47.740 [info] Got 1 sessions for user:email...
2025-03-19 21:10:49.206 [info] Getting sessions for all scopes...
2025-03-19 21:10:49.206 [info] Got 1 sessions for ...
2025-03-19 21:10:49.209 [info] Getting sessions for read:user,repo,user:email,workflow...
2025-03-19 21:10:49.209 [info] Got 0 sessions for read:user,repo,user:email,workflow...
2025-03-19 21:10:49.210 [info] Getting sessions for user:email...
2025-03-19 21:10:49.210 [info] Got 1 sessions for user:email...
2025-03-19 21:25:49.218 [info] Getting sessions for all scopes...
2025-03-19 21:25:49.218 [info] Got 1 sessions for ...
2025-03-19 21:25:49.223 [info] Getting sessions for read:user,repo,user:email,workflow...
2025-03-19 21:25:49.223 [info] Got 0 sessions for read:user,repo,user:email,workflow...
2025-03-19 21:25:49.227 [info] Getting sessions for user:email...
2025-03-19 21:25:49.227 [info] Got 1 sessions for user:email...
2025-03-19 21:25:49.235 [info] Getting sessions for all scopes...
2025-03-19 21:25:49.235 [info] Got 1 sessions for ...
2025-03-19 21:25:49.239 [info] Getting sessions for read:user,repo,user:email,workflow...
2025-03-19 21:25:49.240 [info] Got 0 sessions for read:user,repo,user:email,workflow...
2025-03-19 21:25:49.244 [info] Getting sessions for user:email...
2025-03-19 21:25:49.244 [info] Got 1 sessions for user:email...
