2025-03-20 12:37:47.562 [error] #1: https://main.vscode-cdn.net/extensions/marketplace.json - error GET Request timeout after 10000ms
2025-03-20 12:38:18.855 [error] #2: https://vscode-sync.trafficmanager.net/v1/manifest - error GET net::ERR_NAME_NOT_RESOLVED
2025-03-20 12:38:19.767 [error] #3: https://mobile.events.data.microsoft.com/OneCollector/1.0?cors=true&content-type=application/x-json-stream - error POST net::ERR_NAME_NOT_RESOLVED
2025-03-20 12:38:58.906 [error] #4: https://vscode-sync.trafficmanager.net/v1/manifest - error GET net::ERR_NAME_NOT_RESOLVED
2025-03-20 12:39:04.901 [error] #6: https://mobile.events.data.microsoft.com/OneCollector/1.0?cors=true&content-type=application/x-json-stream - error POST net::ERR_NAME_NOT_RESOLVED
2025-03-20 12:39:04.901 [error] #5: https://mobile.events.data.microsoft.com/OneCollector/1.0?cors=true&content-type=application/x-json-stream - error POST net::ERR_NAME_NOT_RESOLVED
2025-03-20 12:39:47.837 [error] #8: https://mobile.events.data.microsoft.com/OneCollector/1.0?cors=true&content-type=application/x-json-stream - error POST net::ERR_NAME_NOT_RESOLVED
2025-03-20 12:39:47.838 [error] #9: https://mobile.events.data.microsoft.com/OneCollector/1.0?cors=true&content-type=application/x-json-stream - error POST net::ERR_NAME_NOT_RESOLVED
2025-03-20 12:40:01.940 [error] #7: https://vscode-sync.trafficmanager.net/v1/manifest - error GET net::ERR_TIMED_OUT
2025-03-20 12:41:00.932 [error] #10: https://mobile.events.data.microsoft.com/OneCollector/1.0?cors=true&content-type=application/x-json-stream - error POST net::ERR_CONNECTION_RESET
2025-03-20 12:41:00.933 [error] #11: https://mobile.events.data.microsoft.com/OneCollector/1.0?cors=true&content-type=application/x-json-stream - error POST net::ERR_CONNECTION_RESET
2025-03-20 12:41:58.783 [error] #12: https://mobile.events.data.microsoft.com/OneCollector/1.0?cors=true&content-type=application/x-json-stream - error POST net::ERR_HTTP2_PROTOCOL_ERROR
2025-03-20 12:42:07.256 [error] #13: https://mobile.events.data.microsoft.com/OneCollector/1.0?cors=true&content-type=application/x-json-stream - error POST net::ERR_HTTP2_PROTOCOL_ERROR
2025-03-20 12:42:57.660 [error] #15: https://main.vscode-cdn.net/extensions/marketplace.json - error GET Request timeout after 10000ms
2025-03-20 12:44:12.799 [error] #14: https://mobile.events.data.microsoft.com/OneCollector/1.0?cors=true&content-type=application/x-json-stream - error POST net::ERR_CONNECTION_RESET
2025-03-20 12:45:33.257 [error] #16: https://vscode-sync.trafficmanager.net/v1/manifest - error GET net::ERR_TIMED_OUT
2025-03-20 12:46:52.795 [error] #17: https://mobile.events.data.microsoft.com/OneCollector/1.0?cors=true&content-type=application/x-json-stream - error POST net::ERR_TIMED_OUT
2025-03-20 12:46:56.737 [error] #18: https://mobile.events.data.microsoft.com/OneCollector/1.0?cors=true&content-type=application/x-json-stream - error POST net::ERR_TIMED_OUT
2025-03-20 12:48:07.728 [error] #19: https://main.vscode-cdn.net/extensions/marketplace.json - error GET Request timeout after 10000ms
2025-03-20 12:51:23.698 [error] #21: https://vscode-sync.trafficmanager.net/v1/manifest - error GET net::ERR_TIMED_OUT
2025-03-20 12:51:28.416 [error] #20: https://mobile.events.data.microsoft.com/OneCollector/1.0?cors=true&content-type=application/x-json-stream - error POST net::ERR_HTTP2_PROTOCOL_ERROR
2025-03-20 12:52:53.810 [error] #22: https://mobile.events.data.microsoft.com/OneCollector/1.0?cors=true&content-type=application/x-json-stream - error POST net::ERR_TIMED_OUT
2025-03-20 12:52:54.127 [error] #23: https://mobile.events.data.microsoft.com/OneCollector/1.0?cors=true&content-type=application/x-json-stream - error POST net::ERR_TIMED_OUT
2025-03-20 12:53:17.812 [error] #25: https://main.vscode-cdn.net/extensions/marketplace.json - error GET Request timeout after 10000ms
2025-03-20 12:53:30.578 [error] #24: https://mobile.events.data.microsoft.com/OneCollector/1.0?cors=true&content-type=application/x-json-stream - error POST net::ERR_TIMED_OUT
2025-03-20 12:55:16.788 [error] #26: https://mobile.events.data.microsoft.com/OneCollector/1.0?cors=true&content-type=application/x-json-stream - error POST net::ERR_HTTP2_PROTOCOL_ERROR
2025-03-20 12:55:45.236 [error] #29: https://mobile.events.data.microsoft.com/OneCollector/1.0?cors=true&content-type=application/x-json-stream - error POST net::ERR_NETWORK_CHANGED
2025-03-20 12:55:49.534 [error] #30: https://mobile.events.data.microsoft.com/OneCollector/1.0?cors=true&content-type=application/x-json-stream - error POST net::ERR_NAME_NOT_RESOLVED
2025-03-20 12:55:52.835 [error] #31: https://mobile.events.data.microsoft.com/OneCollector/1.0?cors=true&content-type=application/x-json-stream - error POST net::ERR_NAME_NOT_RESOLVED
2025-03-20 13:02:03.142 [error] #36: https://vscode-sync.trafficmanager.net/v1/manifest - error GET net::ERR_INTERNET_DISCONNECTED
2025-03-20 13:02:05.151 [error] #37: https://mobile.events.data.microsoft.com/OneCollector/1.0?cors=true&content-type=application/x-json-stream - error POST net::ERR_INTERNET_DISCONNECTED
2025-03-20 13:02:08.156 [error] #38: https://mobile.events.data.microsoft.com/OneCollector/1.0?cors=true&content-type=application/x-json-stream - error POST net::ERR_INTERNET_DISCONNECTED
2025-03-20 13:03:20.009 [error] #39: https://main.vscode-cdn.net/extensions/marketplace.json - error GET net::ERR_INTERNET_DISCONNECTED
2025-03-20 13:07:03.173 [error] #40: https://vscode-sync.trafficmanager.net/v1/manifest - error GET net::ERR_INTERNET_DISCONNECTED
2025-03-20 13:07:09.480 [error] #41: https://mobile.events.data.microsoft.com/OneCollector/1.0?cors=true&content-type=application/x-json-stream - error POST net::ERR_INTERNET_DISCONNECTED
2025-03-20 13:07:11.976 [error] #42: https://mobile.events.data.microsoft.com/OneCollector/1.0?cors=true&content-type=application/x-json-stream - error POST net::ERR_INTERNET_DISCONNECTED
2025-03-20 13:07:22.733 [error] #43: https://vscode-sync.trafficmanager.net/v1/manifest - error GET net::ERR_INTERNET_DISCONNECTED
2025-03-20 13:07:34.272 [error] #44: https://mobile.events.data.microsoft.com/OneCollector/1.0?cors=true&content-type=application/x-json-stream - error POST net::ERR_INTERNET_DISCONNECTED
2025-03-20 13:07:36.669 [error] #45: https://vscode-sync.trafficmanager.net/v1/manifest - error GET net::ERR_INTERNET_DISCONNECTED
2025-03-20 13:07:36.780 [error] #46: https://mobile.events.data.microsoft.com/OneCollector/1.0?cors=true&content-type=application/x-json-stream - error POST net::ERR_INTERNET_DISCONNECTED
