2025-03-20 12:37:37.581 [info] [AutoSync] Using settings sync service https://vscode-sync.trafficmanager.net/
2025-03-20 12:37:37.581 [info] [AutoSync] Enabled.
2025-03-20 12:37:37.581 [info] [AutoSync] Suspended until auth token is available.
2025-03-20 12:37:38.807 [info] [AutoSync] Triggered by Interval
2025-03-20 12:37:38.808 [info] Sync started.
2025-03-20 12:38:18.857 [info] Request failed https://vscode-sync.trafficmanager.net/v1/manifest
2025-03-20 12:38:18.857 [error] RequestFailed (UserDataSyncError) syncResource:unknown operationId:unknown: Connection refused for the request 'https://vscode-sync.trafficmanager.net/v1/manifest'.
    at _h.D (file:///opt/visual-studio-code/resources/app/out/vs/code/electron-utility/sharedProcess/sharedProcessMain.js:102:21962)
    at async _h.manifest (file:///opt/visual-studio-code/resources/app/out/vs/code/electron-utility/sharedProcess/sharedProcessMain.js:102:19809)
    at async bu.createSyncTask (file:///opt/visual-studio-code/resources/app/out/vs/code/electron-utility/sharedProcess/sharedProcessMain.js:102:132324)
    at async $f.I (file:///opt/visual-studio-code/resources/app/out/vs/code/electron-utility/sharedProcess/sharedProcessMain.js:109:9218)
    at async $f.H (file:///opt/visual-studio-code/resources/app/out/vs/code/electron-utility/sharedProcess/sharedProcessMain.js:109:8862)
2025-03-20 12:38:18.857 [error] RequestFailed (UserDataSyncError) syncResource:unknown operationId:unknown: Connection refused for the request 'https://vscode-sync.trafficmanager.net/v1/manifest'.
    at _h.D (file:///opt/visual-studio-code/resources/app/out/vs/code/electron-utility/sharedProcess/sharedProcessMain.js:102:21962)
    at async _h.manifest (file:///opt/visual-studio-code/resources/app/out/vs/code/electron-utility/sharedProcess/sharedProcessMain.js:102:19809)
    at async bu.createSyncTask (file:///opt/visual-studio-code/resources/app/out/vs/code/electron-utility/sharedProcess/sharedProcessMain.js:102:132324)
    at async $f.I (file:///opt/visual-studio-code/resources/app/out/vs/code/electron-utility/sharedProcess/sharedProcessMain.js:109:9218)
    at async $f.H (file:///opt/visual-studio-code/resources/app/out/vs/code/electron-utility/sharedProcess/sharedProcessMain.js:109:8862)
2025-03-20 12:38:18.858 [info] [AutoSync] Triggered by Activity
2025-03-20 12:38:18.859 [info] Sync started.
2025-03-20 12:38:58.907 [info] Request failed https://vscode-sync.trafficmanager.net/v1/manifest
2025-03-20 12:38:58.907 [error] RequestFailed (UserDataSyncError) syncResource:unknown operationId:unknown: Connection refused for the request 'https://vscode-sync.trafficmanager.net/v1/manifest'.
    at _h.D (file:///opt/visual-studio-code/resources/app/out/vs/code/electron-utility/sharedProcess/sharedProcessMain.js:102:21962)
    at async _h.manifest (file:///opt/visual-studio-code/resources/app/out/vs/code/electron-utility/sharedProcess/sharedProcessMain.js:102:19809)
    at async bu.createSyncTask (file:///opt/visual-studio-code/resources/app/out/vs/code/electron-utility/sharedProcess/sharedProcessMain.js:102:132324)
    at async $f.I (file:///opt/visual-studio-code/resources/app/out/vs/code/electron-utility/sharedProcess/sharedProcessMain.js:109:9218)
    at async $f.H (file:///opt/visual-studio-code/resources/app/out/vs/code/electron-utility/sharedProcess/sharedProcessMain.js:109:8862)
2025-03-20 12:38:58.908 [error] RequestFailed (UserDataSyncError) syncResource:unknown operationId:unknown: Connection refused for the request 'https://vscode-sync.trafficmanager.net/v1/manifest'.
    at _h.D (file:///opt/visual-studio-code/resources/app/out/vs/code/electron-utility/sharedProcess/sharedProcessMain.js:102:21962)
    at async _h.manifest (file:///opt/visual-studio-code/resources/app/out/vs/code/electron-utility/sharedProcess/sharedProcessMain.js:102:19809)
    at async bu.createSyncTask (file:///opt/visual-studio-code/resources/app/out/vs/code/electron-utility/sharedProcess/sharedProcessMain.js:102:132324)
    at async $f.I (file:///opt/visual-studio-code/resources/app/out/vs/code/electron-utility/sharedProcess/sharedProcessMain.js:109:9218)
    at async $f.H (file:///opt/visual-studio-code/resources/app/out/vs/code/electron-utility/sharedProcess/sharedProcessMain.js:109:8862)
2025-03-20 12:38:59.793 [info] [AutoSync] Triggered by Activity
2025-03-20 12:38:59.794 [info] Sync started.
2025-03-20 12:40:01.940 [info] Request failed https://vscode-sync.trafficmanager.net/v1/manifest
2025-03-20 12:40:01.941 [error] RequestFailed (UserDataSyncError) syncResource:unknown operationId:unknown: Connection refused for the request 'https://vscode-sync.trafficmanager.net/v1/manifest'.
    at _h.D (file:///opt/visual-studio-code/resources/app/out/vs/code/electron-utility/sharedProcess/sharedProcessMain.js:102:21962)
    at async _h.manifest (file:///opt/visual-studio-code/resources/app/out/vs/code/electron-utility/sharedProcess/sharedProcessMain.js:102:19809)
    at async bu.createSyncTask (file:///opt/visual-studio-code/resources/app/out/vs/code/electron-utility/sharedProcess/sharedProcessMain.js:102:132324)
    at async $f.I (file:///opt/visual-studio-code/resources/app/out/vs/code/electron-utility/sharedProcess/sharedProcessMain.js:109:9218)
    at async $f.H (file:///opt/visual-studio-code/resources/app/out/vs/code/electron-utility/sharedProcess/sharedProcessMain.js:109:8862)
2025-03-20 12:40:01.941 [error] RequestFailed (UserDataSyncError) syncResource:unknown operationId:unknown: Connection refused for the request 'https://vscode-sync.trafficmanager.net/v1/manifest'.
    at _h.D (file:///opt/visual-studio-code/resources/app/out/vs/code/electron-utility/sharedProcess/sharedProcessMain.js:102:21962)
    at async _h.manifest (file:///opt/visual-studio-code/resources/app/out/vs/code/electron-utility/sharedProcess/sharedProcessMain.js:102:19809)
    at async bu.createSyncTask (file:///opt/visual-studio-code/resources/app/out/vs/code/electron-utility/sharedProcess/sharedProcessMain.js:102:132324)
    at async $f.I (file:///opt/visual-studio-code/resources/app/out/vs/code/electron-utility/sharedProcess/sharedProcessMain.js:109:9218)
    at async $f.H (file:///opt/visual-studio-code/resources/app/out/vs/code/electron-utility/sharedProcess/sharedProcessMain.js:109:8862)
2025-03-20 12:45:01.968 [info] [AutoSync] Triggered by Interval
2025-03-20 12:45:01.969 [info] Sync started.
2025-03-20 12:45:33.257 [info] Request failed https://vscode-sync.trafficmanager.net/v1/manifest
2025-03-20 12:45:33.272 [error] RequestFailed (UserDataSyncError) syncResource:unknown operationId:unknown: Connection refused for the request 'https://vscode-sync.trafficmanager.net/v1/manifest'.
    at _h.D (file:///opt/visual-studio-code/resources/app/out/vs/code/electron-utility/sharedProcess/sharedProcessMain.js:102:21962)
    at async _h.manifest (file:///opt/visual-studio-code/resources/app/out/vs/code/electron-utility/sharedProcess/sharedProcessMain.js:102:19809)
    at async bu.createSyncTask (file:///opt/visual-studio-code/resources/app/out/vs/code/electron-utility/sharedProcess/sharedProcessMain.js:102:132324)
    at async $f.I (file:///opt/visual-studio-code/resources/app/out/vs/code/electron-utility/sharedProcess/sharedProcessMain.js:109:9218)
    at async $f.H (file:///opt/visual-studio-code/resources/app/out/vs/code/electron-utility/sharedProcess/sharedProcessMain.js:109:8862)
2025-03-20 12:45:33.272 [error] RequestFailed (UserDataSyncError) syncResource:unknown operationId:unknown: Connection refused for the request 'https://vscode-sync.trafficmanager.net/v1/manifest'.
    at _h.D (file:///opt/visual-studio-code/resources/app/out/vs/code/electron-utility/sharedProcess/sharedProcessMain.js:102:21962)
    at async _h.manifest (file:///opt/visual-studio-code/resources/app/out/vs/code/electron-utility/sharedProcess/sharedProcessMain.js:102:19809)
    at async bu.createSyncTask (file:///opt/visual-studio-code/resources/app/out/vs/code/electron-utility/sharedProcess/sharedProcessMain.js:102:132324)
    at async $f.I (file:///opt/visual-studio-code/resources/app/out/vs/code/electron-utility/sharedProcess/sharedProcessMain.js:109:9218)
    at async $f.H (file:///opt/visual-studio-code/resources/app/out/vs/code/electron-utility/sharedProcess/sharedProcessMain.js:109:8862)
2025-03-20 12:50:33.315 [info] [AutoSync] Triggered by Interval
2025-03-20 12:50:33.316 [info] Sync started.
2025-03-20 12:51:23.698 [info] Request failed https://vscode-sync.trafficmanager.net/v1/manifest
2025-03-20 12:51:23.699 [error] RequestFailed (UserDataSyncError) syncResource:unknown operationId:unknown: Connection refused for the request 'https://vscode-sync.trafficmanager.net/v1/manifest'.
    at _h.D (file:///opt/visual-studio-code/resources/app/out/vs/code/electron-utility/sharedProcess/sharedProcessMain.js:102:21962)
    at async _h.manifest (file:///opt/visual-studio-code/resources/app/out/vs/code/electron-utility/sharedProcess/sharedProcessMain.js:102:19809)
    at async bu.createSyncTask (file:///opt/visual-studio-code/resources/app/out/vs/code/electron-utility/sharedProcess/sharedProcessMain.js:102:132324)
    at async $f.I (file:///opt/visual-studio-code/resources/app/out/vs/code/electron-utility/sharedProcess/sharedProcessMain.js:109:9218)
    at async $f.H (file:///opt/visual-studio-code/resources/app/out/vs/code/electron-utility/sharedProcess/sharedProcessMain.js:109:8862)
2025-03-20 12:51:23.699 [error] RequestFailed (UserDataSyncError) syncResource:unknown operationId:unknown: Connection refused for the request 'https://vscode-sync.trafficmanager.net/v1/manifest'.
    at _h.D (file:///opt/visual-studio-code/resources/app/out/vs/code/electron-utility/sharedProcess/sharedProcessMain.js:102:21962)
    at async _h.manifest (file:///opt/visual-studio-code/resources/app/out/vs/code/electron-utility/sharedProcess/sharedProcessMain.js:102:19809)
    at async bu.createSyncTask (file:///opt/visual-studio-code/resources/app/out/vs/code/electron-utility/sharedProcess/sharedProcessMain.js:102:132324)
    at async $f.I (file:///opt/visual-studio-code/resources/app/out/vs/code/electron-utility/sharedProcess/sharedProcessMain.js:109:9218)
    at async $f.H (file:///opt/visual-studio-code/resources/app/out/vs/code/electron-utility/sharedProcess/sharedProcessMain.js:109:8862)
2025-03-20 12:54:59.573 [info] [AutoSync] Triggered by Activity
2025-03-20 12:54:59.574 [info] Sync started.
2025-03-20 12:56:59.277 [info] Settings: No changes found during synchronizing settings.
2025-03-20 12:56:59.283 [info] Keybindings: No changes found during synchronizing keybindings.
2025-03-20 12:56:59.289 [info] Snippets: No changes found during synchronizing snippets.
2025-03-20 12:56:59.292 [info] Tasks: No changes found during synchronizing tasks.
2025-03-20 12:57:01.421 [info] GlobalState: Updated remote ui state. Updated: cpp.1.lastSessionDate,cpp.1.sessionCount,java.2.lastSessionDate,java.2.sessionCount,javascript.1.lastSessionDate,javascript.1.sessionCount,typescript.1.lastSessionDate,typescript.1.sessionCount,csharp.1.lastSessionDate,csharp.1.sessionCount.
2025-03-20 12:57:01.427 [info] GlobalState: Updated last synchronized ui state
2025-03-20 12:57:01.485 [info] Extensions: No changes found during synchronizing extensions.
2025-03-20 12:57:01.488 [info] Profiles: No changes found during synchronizing profiles.
2025-03-20 12:57:01.489 [info] Sync done. Took 121917ms
2025-03-20 12:57:01.490 [info] [AutoSync] Triggered by Interval
2025-03-20 12:57:01.491 [info] Sync started.
2025-03-20 12:57:03.062 [info] Settings: No changes found during synchronizing settings.
2025-03-20 12:57:03.066 [info] Keybindings: No changes found during synchronizing keybindings.
2025-03-20 12:57:03.070 [info] Snippets: No changes found during synchronizing snippets.
2025-03-20 12:57:03.074 [info] Tasks: No changes found during synchronizing tasks.
2025-03-20 12:57:03.080 [info] GlobalState: No changes found during synchronizing ui state.
2025-03-20 12:57:03.130 [info] Extensions: No changes found during synchronizing extensions.
2025-03-20 12:57:03.131 [info] Profiles: No changes found during synchronizing profiles.
2025-03-20 12:57:03.132 [info] Sync done. Took 1643ms
2025-03-20 13:02:03.138 [info] [AutoSync] Triggered by Interval
2025-03-20 13:02:03.138 [info] Sync started.
2025-03-20 13:02:03.143 [info] Request failed https://vscode-sync.trafficmanager.net/v1/manifest
2025-03-20 13:02:03.144 [error] RequestFailed (UserDataSyncError) syncResource:unknown operationId:unknown: Connection refused for the request 'https://vscode-sync.trafficmanager.net/v1/manifest'.
    at _h.D (file:///opt/visual-studio-code/resources/app/out/vs/code/electron-utility/sharedProcess/sharedProcessMain.js:102:21962)
    at async _h.manifest (file:///opt/visual-studio-code/resources/app/out/vs/code/electron-utility/sharedProcess/sharedProcessMain.js:102:19809)
    at async bu.createSyncTask (file:///opt/visual-studio-code/resources/app/out/vs/code/electron-utility/sharedProcess/sharedProcessMain.js:102:132324)
    at async $f.I (file:///opt/visual-studio-code/resources/app/out/vs/code/electron-utility/sharedProcess/sharedProcessMain.js:109:9218)
    at async $f.H (file:///opt/visual-studio-code/resources/app/out/vs/code/electron-utility/sharedProcess/sharedProcessMain.js:109:8862)
2025-03-20 13:02:03.144 [error] RequestFailed (UserDataSyncError) syncResource:unknown operationId:unknown: Connection refused for the request 'https://vscode-sync.trafficmanager.net/v1/manifest'.
    at _h.D (file:///opt/visual-studio-code/resources/app/out/vs/code/electron-utility/sharedProcess/sharedProcessMain.js:102:21962)
    at async _h.manifest (file:///opt/visual-studio-code/resources/app/out/vs/code/electron-utility/sharedProcess/sharedProcessMain.js:102:19809)
    at async bu.createSyncTask (file:///opt/visual-studio-code/resources/app/out/vs/code/electron-utility/sharedProcess/sharedProcessMain.js:102:132324)
    at async $f.I (file:///opt/visual-studio-code/resources/app/out/vs/code/electron-utility/sharedProcess/sharedProcessMain.js:109:9218)
    at async $f.H (file:///opt/visual-studio-code/resources/app/out/vs/code/electron-utility/sharedProcess/sharedProcessMain.js:109:8862)
2025-03-20 13:07:03.170 [info] [AutoSync] Triggered by Interval
2025-03-20 13:07:03.171 [info] Sync started.
2025-03-20 13:07:03.174 [info] Request failed https://vscode-sync.trafficmanager.net/v1/manifest
2025-03-20 13:07:03.174 [error] RequestFailed (UserDataSyncError) syncResource:unknown operationId:unknown: Connection refused for the request 'https://vscode-sync.trafficmanager.net/v1/manifest'.
    at _h.D (file:///opt/visual-studio-code/resources/app/out/vs/code/electron-utility/sharedProcess/sharedProcessMain.js:102:21962)
    at async _h.manifest (file:///opt/visual-studio-code/resources/app/out/vs/code/electron-utility/sharedProcess/sharedProcessMain.js:102:19809)
    at async bu.createSyncTask (file:///opt/visual-studio-code/resources/app/out/vs/code/electron-utility/sharedProcess/sharedProcessMain.js:102:132324)
    at async $f.I (file:///opt/visual-studio-code/resources/app/out/vs/code/electron-utility/sharedProcess/sharedProcessMain.js:109:9218)
    at async $f.H (file:///opt/visual-studio-code/resources/app/out/vs/code/electron-utility/sharedProcess/sharedProcessMain.js:109:8862)
2025-03-20 13:07:03.174 [error] RequestFailed (UserDataSyncError) syncResource:unknown operationId:unknown: Connection refused for the request 'https://vscode-sync.trafficmanager.net/v1/manifest'.
    at _h.D (file:///opt/visual-studio-code/resources/app/out/vs/code/electron-utility/sharedProcess/sharedProcessMain.js:102:21962)
    at async _h.manifest (file:///opt/visual-studio-code/resources/app/out/vs/code/electron-utility/sharedProcess/sharedProcessMain.js:102:19809)
    at async bu.createSyncTask (file:///opt/visual-studio-code/resources/app/out/vs/code/electron-utility/sharedProcess/sharedProcessMain.js:102:132324)
    at async $f.I (file:///opt/visual-studio-code/resources/app/out/vs/code/electron-utility/sharedProcess/sharedProcessMain.js:109:9218)
    at async $f.H (file:///opt/visual-studio-code/resources/app/out/vs/code/electron-utility/sharedProcess/sharedProcessMain.js:109:8862)
2025-03-20 13:07:22.727 [info] [AutoSync] Triggered by Activity
2025-03-20 13:07:22.728 [info] Sync started.
2025-03-20 13:07:22.735 [info] Request failed https://vscode-sync.trafficmanager.net/v1/manifest
2025-03-20 13:07:22.735 [error] RequestFailed (UserDataSyncError) syncResource:unknown operationId:unknown: Connection refused for the request 'https://vscode-sync.trafficmanager.net/v1/manifest'.
    at _h.D (file:///opt/visual-studio-code/resources/app/out/vs/code/electron-utility/sharedProcess/sharedProcessMain.js:102:21962)
    at async _h.manifest (file:///opt/visual-studio-code/resources/app/out/vs/code/electron-utility/sharedProcess/sharedProcessMain.js:102:19809)
    at async bu.createSyncTask (file:///opt/visual-studio-code/resources/app/out/vs/code/electron-utility/sharedProcess/sharedProcessMain.js:102:132324)
    at async $f.I (file:///opt/visual-studio-code/resources/app/out/vs/code/electron-utility/sharedProcess/sharedProcessMain.js:109:9218)
    at async $f.H (file:///opt/visual-studio-code/resources/app/out/vs/code/electron-utility/sharedProcess/sharedProcessMain.js:109:8862)
2025-03-20 13:07:22.736 [error] RequestFailed (UserDataSyncError) syncResource:unknown operationId:unknown: Connection refused for the request 'https://vscode-sync.trafficmanager.net/v1/manifest'.
    at _h.D (file:///opt/visual-studio-code/resources/app/out/vs/code/electron-utility/sharedProcess/sharedProcessMain.js:102:21962)
    at async _h.manifest (file:///opt/visual-studio-code/resources/app/out/vs/code/electron-utility/sharedProcess/sharedProcessMain.js:102:19809)
    at async bu.createSyncTask (file:///opt/visual-studio-code/resources/app/out/vs/code/electron-utility/sharedProcess/sharedProcessMain.js:102:132324)
    at async $f.I (file:///opt/visual-studio-code/resources/app/out/vs/code/electron-utility/sharedProcess/sharedProcessMain.js:109:9218)
    at async $f.H (file:///opt/visual-studio-code/resources/app/out/vs/code/electron-utility/sharedProcess/sharedProcessMain.js:109:8862)
2025-03-20 13:07:36.664 [info] [AutoSync] Triggered by Activity
2025-03-20 13:07:36.665 [info] Sync started.
2025-03-20 13:07:36.670 [info] Request failed https://vscode-sync.trafficmanager.net/v1/manifest
2025-03-20 13:07:36.671 [error] RequestFailed (UserDataSyncError) syncResource:unknown operationId:unknown: Connection refused for the request 'https://vscode-sync.trafficmanager.net/v1/manifest'.
    at _h.D (file:///opt/visual-studio-code/resources/app/out/vs/code/electron-utility/sharedProcess/sharedProcessMain.js:102:21962)
    at async _h.manifest (file:///opt/visual-studio-code/resources/app/out/vs/code/electron-utility/sharedProcess/sharedProcessMain.js:102:19809)
    at async bu.createSyncTask (file:///opt/visual-studio-code/resources/app/out/vs/code/electron-utility/sharedProcess/sharedProcessMain.js:102:132324)
    at async $f.I (file:///opt/visual-studio-code/resources/app/out/vs/code/electron-utility/sharedProcess/sharedProcessMain.js:109:9218)
    at async $f.H (file:///opt/visual-studio-code/resources/app/out/vs/code/electron-utility/sharedProcess/sharedProcessMain.js:109:8862)
2025-03-20 13:07:36.671 [error] RequestFailed (UserDataSyncError) syncResource:unknown operationId:unknown: Connection refused for the request 'https://vscode-sync.trafficmanager.net/v1/manifest'.
    at _h.D (file:///opt/visual-studio-code/resources/app/out/vs/code/electron-utility/sharedProcess/sharedProcessMain.js:102:21962)
    at async _h.manifest (file:///opt/visual-studio-code/resources/app/out/vs/code/electron-utility/sharedProcess/sharedProcessMain.js:102:19809)
    at async bu.createSyncTask (file:///opt/visual-studio-code/resources/app/out/vs/code/electron-utility/sharedProcess/sharedProcessMain.js:102:132324)
    at async $f.I (file:///opt/visual-studio-code/resources/app/out/vs/code/electron-utility/sharedProcess/sharedProcessMain.js:109:9218)
    at async $f.H (file:///opt/visual-studio-code/resources/app/out/vs/code/electron-utility/sharedProcess/sharedProcessMain.js:109:8862)
