2025-03-21 14:53:22.766 [info] Reading sessions from keychain...
2025-03-21 14:53:22.766 [info] Getting sessions for all scopes...
2025-03-21 14:53:22.766 [info] Getting sessions for all scopes...
2025-03-21 14:53:22.795 [info] Getting sessions for all scopes...
2025-03-21 14:53:22.795 [info] Getting sessions for all scopes...
2025-03-21 14:53:22.795 [info] Getting sessions for all scopes...
2025-03-21 14:53:22.795 [info] Getting sessions for all scopes...
2025-03-21 14:53:22.795 [info] Getting sessions for all scopes...
2025-03-21 14:53:22.821 [info] Got stored sessions!
2025-03-21 14:53:22.821 [info] Got 1 verified sessions.
2025-03-21 14:53:22.821 [info] Got 1 sessions for ...
2025-03-21 14:53:22.821 [info] Got 1 sessions for ...
2025-03-21 14:53:22.821 [info] Got 1 sessions for ...
2025-03-21 14:53:22.821 [info] Got 1 sessions for ...
2025-03-21 14:53:22.821 [info] Got 1 sessions for ...
2025-03-21 14:53:22.821 [info] Got 1 sessions for ...
2025-03-21 14:53:22.821 [info] Got 1 sessions for ...
2025-03-21 14:53:23.032 [info] Getting sessions for all scopes...
2025-03-21 14:53:23.032 [info] Got 1 sessions for ...
2025-03-21 14:53:24.884 [info] Getting sessions for user:email...
2025-03-21 14:53:24.884 [info] Got 1 sessions for user:email...
2025-03-21 14:53:25.442 [info] Getting sessions for all scopes...
2025-03-21 14:53:25.442 [info] Got 1 sessions for ...
2025-03-21 14:53:25.487 [info] Getting sessions for read:user,repo,user:email,workflow...
2025-03-21 14:53:25.487 [info] Got 0 sessions for read:user,repo,user:email,workflow...
2025-03-21 14:53:25.579 [info] Getting sessions for read:user,repo,user:email,workflow...
2025-03-21 14:53:25.579 [info] Got 0 sessions for read:user,repo,user:email,workflow...
2025-03-21 14:53:25.579 [info] Getting sessions for all scopes...
2025-03-21 14:53:25.579 [info] Got 1 sessions for ...
2025-03-21 14:53:25.579 [info] Getting sessions for all scopes...
2025-03-21 14:53:25.579 [info] Got 1 sessions for ...
2025-03-21 14:53:25.639 [info] Getting sessions for read:user...
2025-03-21 14:53:25.639 [info] Got 0 sessions for read:user...
2025-03-21 14:53:25.639 [info] Getting sessions for read:user,repo,user:email,workflow...
2025-03-21 14:53:25.639 [info] Got 0 sessions for read:user,repo,user:email,workflow...
2025-03-21 14:53:25.647 [info] Getting sessions for user:email...
2025-03-21 14:53:25.647 [info] Got 1 sessions for user:email...
2025-03-21 14:53:25.649 [info] Getting sessions for user:email...
2025-03-21 14:53:25.649 [info] Got 1 sessions for user:email...
2025-03-21 14:53:25.650 [info] Getting sessions for read:user,repo,user:email,workflow...
2025-03-21 14:53:25.650 [info] Got 0 sessions for read:user,repo,user:email,workflow...
2025-03-21 14:53:25.659 [info] Getting sessions for all scopes...
2025-03-21 14:53:25.659 [info] Got 1 sessions for ...
2025-03-21 14:53:27.110 [info] Getting sessions for read:user,repo,user:email,workflow...
2025-03-21 14:53:27.110 [info] Got 0 sessions for read:user,repo,user:email,workflow...
2025-03-21 14:53:27.123 [info] Getting sessions for user:email...
2025-03-21 14:53:27.123 [info] Got 1 sessions for user:email...
2025-03-21 14:53:27.124 [info] Getting sessions for all scopes...
2025-03-21 14:53:27.124 [info] Got 1 sessions for ...
2025-03-21 14:53:27.126 [info] Getting sessions for read:user,repo,user:email,workflow...
2025-03-21 14:53:27.126 [info] Got 0 sessions for read:user,repo,user:email,workflow...
2025-03-21 14:53:27.127 [info] Getting sessions for user:email...
2025-03-21 14:53:27.127 [info] Got 1 sessions for user:email...
2025-03-21 14:53:30.980 [info] Getting sessions for all scopes...
2025-03-21 14:53:30.980 [info] Got 1 sessions for ...
2025-03-21 14:53:31.095 [info] Getting sessions for read:user,repo,user:email,workflow...
2025-03-21 14:53:31.096 [info] Got 0 sessions for read:user,repo,user:email,workflow...
2025-03-21 14:53:31.101 [info] Getting sessions for user:email...
2025-03-21 14:53:31.101 [info] Got 1 sessions for user:email...
2025-03-21 14:53:31.421 [info] Getting sessions for all scopes...
2025-03-21 14:53:31.421 [info] Got 1 sessions for ...
2025-03-21 14:53:31.421 [info] Getting sessions for all scopes...
2025-03-21 14:53:31.421 [info] Got 1 sessions for ...
2025-03-21 14:53:31.435 [info] Getting sessions for read:user,repo,user:email,workflow...
2025-03-21 14:53:31.435 [info] Got 0 sessions for read:user,repo,user:email,workflow...
2025-03-21 14:53:31.436 [info] Getting sessions for user:email...
2025-03-21 14:53:31.436 [info] Got 1 sessions for user:email...
2025-03-21 14:53:31.437 [info] Getting sessions for read:user,repo,user:email,workflow...
2025-03-21 14:53:31.437 [info] Got 0 sessions for read:user,repo,user:email,workflow...
2025-03-21 14:53:31.439 [info] Getting sessions for all scopes...
2025-03-21 14:53:31.439 [info] Got 1 sessions for ...
2025-03-21 14:53:31.440 [info] Getting sessions for read:user,repo,user:email,workflow...
2025-03-21 14:53:31.440 [info] Got 0 sessions for read:user,repo,user:email,workflow...
2025-03-21 14:53:31.441 [info] Getting sessions for user:email...
2025-03-21 14:53:31.441 [info] Got 1 sessions for user:email...
2025-03-21 14:53:31.525 [info] Getting sessions for all scopes...
2025-03-21 14:53:31.525 [info] Got 1 sessions for ...
2025-03-21 14:53:31.532 [info] Getting sessions for all scopes...
2025-03-21 14:53:31.532 [info] Got 1 sessions for ...
2025-03-21 14:53:31.540 [info] Getting sessions for read:user,repo,user:email,workflow...
2025-03-21 14:53:31.540 [info] Got 0 sessions for read:user,repo,user:email,workflow...
2025-03-21 14:53:31.542 [info] Getting sessions for user:email...
2025-03-21 14:53:31.542 [info] Got 1 sessions for user:email...
2025-03-21 14:53:31.542 [info] Getting sessions for read:user,repo,user:email,workflow...
2025-03-21 14:53:31.543 [info] Got 0 sessions for read:user,repo,user:email,workflow...
2025-03-21 14:53:31.561 [info] Getting sessions for all scopes...
2025-03-21 14:53:31.561 [info] Got 1 sessions for ...
2025-03-21 14:53:31.587 [info] Getting sessions for read:user,repo,user:email,workflow...
2025-03-21 14:53:31.587 [info] Got 0 sessions for read:user,repo,user:email,workflow...
2025-03-21 14:53:31.593 [info] Getting sessions for user:email...
2025-03-21 14:53:31.593 [info] Got 1 sessions for user:email...
2025-03-21 14:53:35.149 [info] Getting sessions for all scopes...
2025-03-21 14:53:35.149 [info] Got 1 sessions for ...
2025-03-21 14:53:35.151 [info] Getting sessions for read:user,repo,user:email,workflow...
2025-03-21 14:53:35.151 [info] Got 0 sessions for read:user,repo,user:email,workflow...
2025-03-21 14:53:35.152 [info] Getting sessions for user:email...
2025-03-21 14:53:35.152 [info] Got 1 sessions for user:email...
