2025-03-19 20:27:58.823 [info] (Client) Pylance async client (2025.3.2) started with python extension (2025.2.0)
2025-03-19 20:28:00.789 [info] [Info  - 20:28:00] (23031) Server root directory: file:///home/shiv/.vscode/extensions/ms-python.vscode-pylance-2025.3.2/dist
2025-03-19 20:28:00.803 [info] [Info  - 20:28:00] (23031) Pylance language server 2025.3.2 (pyright version 1.1.396, commit 3e2236a7) starting
2025-03-19 20:28:00.855 [info] [Info  - 20:28:00] (23031) Starting service instance "<default>"
2025-03-19 20:28:00.912 [info] [Info  - 20:28:00] (23031) Setting environmentName for service "<default>": "3.13.2 (sip-dev venv)"
2025-03-19 20:28:00.912 [info] [Info  - 20:28:00] (23031) Setting pythonPath for service "<default>": "/home/shiv/devthon/sip-dev/bin/python"
2025-03-19 20:28:00.913 [info] [Info  - 20:28:00] (23031) No include entries specified; assuming /<default workspace root>
2025-03-19 20:28:00.913 [info] [Info  - 20:28:00] (23031) Auto-excluding **/node_modules
2025-03-19 20:28:00.913 [info] [Info  - 20:28:00] (23031) Auto-excluding **/__pycache__
2025-03-19 20:28:00.914 [info] [Info  - 20:28:00] (23031) Auto-excluding **/.*
2025-03-19 20:28:00.966 [info] [Info  - 20:28:00] (23031) Assuming Python version 3.13.2.final.0
2025-03-19 20:28:01.110 [info] [Error - 20:28:01] (23031) File or directory "/<default workspace root>" does not exist.
2025-03-19 20:28:01.112 [info] [Info  - 20:28:01] (23031) No source files found.
2025-03-19 20:28:01.197 [info] [Info  - 20:28:01] (23031) Setting environmentName for service "<default>": "3.13.2 (sip-dev venv)"
2025-03-19 20:28:01.197 [info] [Info  - 20:28:01] (23031) Setting pythonPath for service "<default>": "/home/shiv/devthon/sip-dev/bin/python"
2025-03-19 20:28:01.198 [info] [Info  - 20:28:01] (23031) No include entries specified; assuming /<default workspace root>
2025-03-19 20:28:01.198 [info] [Info  - 20:28:01] (23031) Auto-excluding **/node_modules
2025-03-19 20:28:01.198 [info] [Info  - 20:28:01] (23031) Auto-excluding **/__pycache__
2025-03-19 20:28:01.198 [info] [Info  - 20:28:01] (23031) Auto-excluding **/.*
2025-03-19 20:28:01.253 [info] [Info  - 20:28:01] (23031) Assuming Python version 3.13.2.final.0
2025-03-19 20:28:01.354 [info] [Error - 20:28:01] (23031) File or directory "/<default workspace root>" does not exist.
2025-03-19 20:28:01.355 [info] [Info  - 20:28:01] (23031) No source files found.
2025-03-19 20:28:02.130 [info] [Info  - 20:28:02] (23031) Priority queue background worker(2) root directory: file:///home/shiv/.vscode/extensions/ms-python.vscode-pylance-2025.3.2/dist
2025-03-19 20:28:02.132 [info] [Info  - 20:28:02] (23031) Priority queue background worker(2) started
