2025-03-19 20:34:29.357 [info] [main] Log level: Info
2025-03-19 20:34:29.357 [info] [main] Validating found git in: "git"
2025-03-19 20:34:29.357 [info] [main] Using git "2.49.0" from "git"
2025-03-19 20:34:29.357 [info] [Model][doInitialScan] Initial repository scan started
2025-03-19 20:34:29.357 [info] > git rev-parse --show-toplevel [14ms]
2025-03-19 20:34:29.357 [info] > git rev-parse --git-dir --git-common-dir [925ms]
2025-03-19 20:34:29.357 [info] [Model][openRepository] Opened repository: /home/shiv/devthon
2025-03-19 20:34:29.357 [info] [Model][doInitialScan] Initial repository scan completed - repositories (1), closed repositories (0), parent repositories (0), unsafe repositories (0)
2025-03-19 20:34:29.448 [info] > git config --get commit.template [66ms]
2025-03-19 20:34:29.482 [info] > git for-each-ref --format=%(refname)%00%(upstream:short)%00%(objectname)%00%(upstream:track)%00%(upstream:remotename)%00%(upstream:remoteref) refs/heads/master refs/remotes/master [10ms]
2025-03-19 20:34:29.558 [info] > git status -z -uall [56ms]
2025-03-19 20:34:29.559 [info] > git for-each-ref --sort -committerdate --format %(refname) %(objectname) %(*objectname) [32ms]
2025-03-19 20:34:29.633 [info] > git for-each-ref --format=%(refname)%00%(upstream:short)%00%(objectname)%00%(upstream:track)%00%(upstream:remotename)%00%(upstream:remoteref) refs/heads/master refs/remotes/master [30ms]
2025-03-19 20:34:29.651 [info] > git config --get --local branch.master.vscode-merge-base [2ms]
2025-03-19 20:34:29.651 [warning] [Git][config] git config failed: Failed to execute git
2025-03-19 20:34:29.666 [info] > git config --get commit.template [41ms]
2025-03-19 20:34:29.692 [info] > git reflog master --grep-reflog=branch: Created from *. [27ms]
2025-03-19 20:34:29.791 [info] > git show --textconv :gui.py [43ms]
2025-03-19 20:34:29.792 [info] > git for-each-ref --format=%(refname)%00%(upstream:short)%00%(objectname)%00%(upstream:track)%00%(upstream:remotename)%00%(upstream:remoteref) refs/heads/master refs/remotes/master [62ms]
2025-03-19 20:34:29.826 [info] > git symbolic-ref --short refs/remotes/origin/HEAD [114ms]
2025-03-19 20:34:29.826 [info] fatal: ref refs/remotes/origin/HEAD is not a symbolic ref
2025-03-19 20:34:29.826 [warning] [Repository][getDefaultBranch] Failed to get default branch details: Failed to execute git.
2025-03-19 20:34:29.833 [info] > git status -z -uall [26ms]
2025-03-19 20:34:29.833 [info] > git for-each-ref --sort -committerdate --format %(refname) %(objectname) %(*objectname) [11ms]
2025-03-19 20:34:29.840 [info] > git ls-files --stage -- gui.py [75ms]
2025-03-19 20:34:29.861 [info] > git cat-file -s a57226c459f6912951177728ccdae0973e446008 [4ms]
2025-03-19 20:34:31.725 [info] > git check-ignore -v -z --stdin [36ms]
2025-03-19 20:34:31.816 [info] > git blame --root --incremental 5f188437932779c8905637df23db0d377fa9de3a -- gui.py [3ms]
2025-03-19 20:34:32.882 [info] > git config --get commit.template [18ms]
2025-03-19 20:34:32.941 [info] > git for-each-ref --format=%(refname)%00%(upstream:short)%00%(objectname)%00%(upstream:track)%00%(upstream:remotename)%00%(upstream:remoteref) refs/heads/master refs/remotes/master [12ms]
2025-03-19 20:34:32.984 [info] > git status -z -uall [20ms]
2025-03-19 20:34:32.990 [info] > git for-each-ref --sort -committerdate --format %(refname) %(objectname) %(*objectname) [7ms]
