2025-03-21 15:01:11.109 [info] Reading sessions from keychain...
2025-03-21 15:01:11.109 [info] Getting sessions for all scopes...
2025-03-21 15:01:11.109 [info] Getting sessions for all scopes...
2025-03-21 15:01:11.109 [info] Got stored sessions!
2025-03-21 15:01:11.109 [info] Got 1 verified sessions.
2025-03-21 15:01:11.109 [info] Got 1 sessions for ...
2025-03-21 15:01:11.109 [info] Got 1 sessions for ...
2025-03-21 15:01:11.110 [info] Getting sessions for all scopes...
2025-03-21 15:01:11.110 [info] Got 1 sessions for ...
2025-03-21 15:01:11.110 [info] Getting sessions for all scopes...
2025-03-21 15:01:11.113 [info] Got 1 sessions for ...
2025-03-21 15:01:11.113 [info] Getting sessions for all scopes...
2025-03-21 15:01:11.113 [info] Got 1 sessions for ...
2025-03-21 15:01:11.113 [info] Getting sessions for all scopes...
2025-03-21 15:01:11.113 [info] Got 1 sessions for ...
2025-03-21 15:01:11.113 [info] Getting sessions for all scopes...
2025-03-21 15:01:11.113 [info] Got 1 sessions for ...
2025-03-21 15:01:11.345 [info] Getting sessions for all scopes...
2025-03-21 15:01:11.345 [info] Got 1 sessions for ...
2025-03-21 15:01:13.083 [info] Getting sessions for user:email...
2025-03-21 15:01:13.083 [info] Got 1 sessions for user:email...
2025-03-21 15:01:13.572 [info] Getting sessions for all scopes...
2025-03-21 15:01:13.572 [info] Got 1 sessions for ...
2025-03-21 15:01:13.677 [info] Getting sessions for read:user,repo,user:email,workflow...
2025-03-21 15:01:13.677 [info] Got 0 sessions for read:user,repo,user:email,workflow...
2025-03-21 15:01:13.678 [info] Getting sessions for all scopes...
2025-03-21 15:01:13.678 [info] Got 1 sessions for ...
2025-03-21 15:01:13.678 [info] Getting sessions for all scopes...
2025-03-21 15:01:13.678 [info] Got 1 sessions for ...
2025-03-21 15:01:13.845 [info] Getting sessions for read:user...
2025-03-21 15:01:13.845 [info] Got 0 sessions for read:user...
2025-03-21 15:01:13.846 [info] Getting sessions for read:user,repo,user:email,workflow...
2025-03-21 15:01:13.846 [info] Got 0 sessions for read:user,repo,user:email,workflow...
2025-03-21 15:01:13.867 [info] Getting sessions for read:user,repo,user:email,workflow...
2025-03-21 15:01:13.867 [info] Got 0 sessions for read:user,repo,user:email,workflow...
2025-03-21 15:01:13.962 [info] Getting sessions for user:email...
2025-03-21 15:01:13.962 [info] Got 1 sessions for user:email...
2025-03-21 15:01:13.962 [info] Getting sessions for user:email...
2025-03-21 15:01:13.963 [info] Got 1 sessions for user:email...
2025-03-21 15:01:13.963 [info] Getting sessions for read:user,repo,user:email,workflow...
2025-03-21 15:01:13.963 [info] Got 0 sessions for read:user,repo,user:email,workflow...
2025-03-21 15:01:14.009 [info] Getting sessions for all scopes...
2025-03-21 15:01:14.009 [info] Got 1 sessions for ...
2025-03-21 15:01:15.325 [info] Getting sessions for read:user,repo,user:email,workflow...
2025-03-21 15:01:15.325 [info] Got 0 sessions for read:user,repo,user:email,workflow...
2025-03-21 15:01:15.345 [info] Getting sessions for user:email...
2025-03-21 15:01:15.345 [info] Got 1 sessions for user:email...
2025-03-21 15:01:15.347 [info] Getting sessions for all scopes...
2025-03-21 15:01:15.347 [info] Got 1 sessions for ...
2025-03-21 15:01:15.348 [info] Getting sessions for read:user,repo,user:email,workflow...
2025-03-21 15:01:15.348 [info] Got 0 sessions for read:user,repo,user:email,workflow...
2025-03-21 15:01:15.349 [info] Getting sessions for user:email...
2025-03-21 15:01:15.349 [info] Got 1 sessions for user:email...
2025-03-21 15:01:19.565 [info] Getting sessions for all scopes...
2025-03-21 15:01:19.565 [info] Got 1 sessions for ...
2025-03-21 15:01:19.566 [info] Getting sessions for read:user,repo,user:email,workflow...
2025-03-21 15:01:19.566 [info] Got 0 sessions for read:user,repo,user:email,workflow...
2025-03-21 15:01:19.568 [info] Getting sessions for user:email...
2025-03-21 15:01:19.568 [info] Got 1 sessions for user:email...
2025-03-21 15:01:19.895 [info] Getting sessions for all scopes...
2025-03-21 15:01:19.895 [info] Got 1 sessions for ...
2025-03-21 15:01:19.895 [info] Getting sessions for all scopes...
2025-03-21 15:01:19.895 [info] Got 1 sessions for ...
2025-03-21 15:01:19.916 [info] Getting sessions for read:user,repo,user:email,workflow...
2025-03-21 15:01:19.916 [info] Got 0 sessions for read:user,repo,user:email,workflow...
2025-03-21 15:01:19.918 [info] Getting sessions for user:email...
2025-03-21 15:01:19.918 [info] Got 1 sessions for user:email...
2025-03-21 15:01:19.919 [info] Getting sessions for read:user,repo,user:email,workflow...
2025-03-21 15:01:19.919 [info] Got 0 sessions for read:user,repo,user:email,workflow...
2025-03-21 15:01:19.922 [info] Getting sessions for all scopes...
2025-03-21 15:01:19.922 [info] Got 1 sessions for ...
2025-03-21 15:01:19.924 [info] Getting sessions for read:user,repo,user:email,workflow...
2025-03-21 15:01:19.924 [info] Got 0 sessions for read:user,repo,user:email,workflow...
2025-03-21 15:01:19.925 [info] Getting sessions for user:email...
2025-03-21 15:01:19.925 [info] Got 1 sessions for user:email...
2025-03-21 15:01:20.054 [info] Getting sessions for all scopes...
2025-03-21 15:01:20.054 [info] Got 1 sessions for ...
2025-03-21 15:01:20.056 [info] Getting sessions for all scopes...
2025-03-21 15:01:20.056 [info] Got 1 sessions for ...
2025-03-21 15:01:20.066 [info] Getting sessions for read:user,repo,user:email,workflow...
2025-03-21 15:01:20.066 [info] Got 0 sessions for read:user,repo,user:email,workflow...
2025-03-21 15:01:20.072 [info] Getting sessions for user:email...
2025-03-21 15:01:20.072 [info] Got 1 sessions for user:email...
2025-03-21 15:01:20.072 [info] Getting sessions for read:user,repo,user:email,workflow...
2025-03-21 15:01:20.072 [info] Got 0 sessions for read:user,repo,user:email,workflow...
2025-03-21 15:01:20.087 [info] Getting sessions for all scopes...
2025-03-21 15:01:20.087 [info] Got 1 sessions for ...
2025-03-21 15:01:20.093 [info] Getting sessions for read:user,repo,user:email,workflow...
2025-03-21 15:01:20.093 [info] Got 0 sessions for read:user,repo,user:email,workflow...
2025-03-21 15:01:20.098 [info] Getting sessions for user:email...
2025-03-21 15:01:20.098 [info] Got 1 sessions for user:email...
2025-03-21 15:01:23.842 [info] Getting sessions for all scopes...
2025-03-21 15:01:23.842 [info] Got 1 sessions for ...
2025-03-21 15:01:23.843 [info] Getting sessions for read:user,repo,user:email,workflow...
2025-03-21 15:01:23.843 [info] Got 0 sessions for read:user,repo,user:email,workflow...
2025-03-21 15:01:23.844 [info] Getting sessions for user:email...
2025-03-21 15:01:23.844 [info] Got 1 sessions for user:email...
