2025-03-19 20:27:53.947 [info] Reading sessions from keychain...
2025-03-19 20:27:53.947 [info] Getting sessions for all scopes...
2025-03-19 20:27:53.947 [info] Getting sessions for all scopes...
2025-03-19 20:27:53.947 [info] Getting sessions for all scopes...
2025-03-19 20:27:53.947 [info] Getting sessions for user:email...
2025-03-19 20:27:53.947 [info] Getting sessions for all scopes...
2025-03-19 20:27:53.947 [info] Getting sessions for all scopes...
2025-03-19 20:27:53.947 [info] Getting sessions for all scopes...
2025-03-19 20:27:53.947 [info] Getting sessions for all scopes...
2025-03-19 20:27:53.947 [info] Getting sessions for all scopes...
2025-03-19 20:27:53.947 [info] Got stored sessions!
2025-03-19 20:27:53.947 [info] Got 1 verified sessions.
2025-03-19 20:27:53.947 [info] Got 1 sessions for ...
2025-03-19 20:27:53.947 [info] Got 1 sessions for ...
2025-03-19 20:27:53.947 [info] Got 1 sessions for ...
2025-03-19 20:27:53.947 [info] Got 1 sessions for user:email...
2025-03-19 20:27:53.947 [info] Got 1 sessions for ...
2025-03-19 20:27:53.947 [info] Got 1 sessions for ...
2025-03-19 20:27:53.947 [info] Got 1 sessions for ...
2025-03-19 20:27:53.947 [info] Got 1 sessions for ...
2025-03-19 20:27:53.947 [info] Got 1 sessions for ...
2025-03-19 20:27:55.029 [info] Getting sessions for all scopes...
2025-03-19 20:27:55.029 [info] Got 1 sessions for ...
2025-03-19 20:27:58.263 [info] Getting sessions for read:user,repo,user:email,workflow...
2025-03-19 20:27:58.263 [info] Got 0 sessions for read:user,repo,user:email,workflow...
2025-03-19 20:27:58.330 [info] Getting sessions for all scopes...
2025-03-19 20:27:58.330 [info] Got 1 sessions for ...
2025-03-19 20:27:58.330 [info] Getting sessions for all scopes...
2025-03-19 20:27:58.330 [info] Got 1 sessions for ...
2025-03-19 20:27:58.532 [info] Getting sessions for read:user...
2025-03-19 20:27:58.533 [info] Got 0 sessions for read:user...
2025-03-19 20:27:58.638 [info] Getting sessions for read:user,repo,user:email,workflow...
2025-03-19 20:27:58.638 [info] Got 0 sessions for read:user,repo,user:email,workflow...
2025-03-19 20:27:58.663 [info] Getting sessions for read:user,repo,user:email,workflow...
2025-03-19 20:27:58.663 [info] Got 0 sessions for read:user,repo,user:email,workflow...
2025-03-19 20:27:58.739 [info] Getting sessions for user:email...
2025-03-19 20:27:58.739 [info] Got 1 sessions for user:email...
2025-03-19 20:27:58.780 [info] Getting sessions for user:email...
2025-03-19 20:27:58.780 [info] Got 1 sessions for user:email...
2025-03-19 20:27:58.780 [info] Getting sessions for read:user,repo,user:email,workflow...
2025-03-19 20:27:58.780 [info] Got 0 sessions for read:user,repo,user:email,workflow...
2025-03-19 20:27:58.854 [info] Getting sessions for all scopes...
2025-03-19 20:27:58.854 [info] Got 1 sessions for ...
2025-03-19 20:27:58.856 [info] Getting sessions for all scopes...
2025-03-19 20:27:58.856 [info] Got 1 sessions for ...
2025-03-19 20:27:58.860 [info] Getting sessions for read:user,repo,user:email,workflow...
2025-03-19 20:27:58.860 [info] Got 0 sessions for read:user,repo,user:email,workflow...
2025-03-19 20:28:00.834 [info] Getting sessions for user:email...
2025-03-19 20:28:00.834 [info] Got 1 sessions for user:email...
2025-03-19 20:28:01.903 [info] Getting sessions for all scopes...
2025-03-19 20:28:01.903 [info] Got 1 sessions for ...
2025-03-19 20:28:01.903 [info] Getting sessions for all scopes...
2025-03-19 20:28:01.903 [info] Got 1 sessions for ...
2025-03-19 20:28:01.929 [info] Getting sessions for read:user,repo,user:email,workflow...
2025-03-19 20:28:01.929 [info] Got 0 sessions for read:user,repo,user:email,workflow...
2025-03-19 20:28:01.930 [info] Getting sessions for user:email...
2025-03-19 20:28:01.931 [info] Got 1 sessions for user:email...
2025-03-19 20:28:01.931 [info] Getting sessions for read:user,repo,user:email,workflow...
2025-03-19 20:28:01.931 [info] Got 0 sessions for read:user,repo,user:email,workflow...
2025-03-19 20:28:01.933 [info] Getting sessions for all scopes...
2025-03-19 20:28:01.933 [info] Got 1 sessions for ...
2025-03-19 20:28:01.935 [info] Getting sessions for read:user,repo,user:email,workflow...
2025-03-19 20:28:01.935 [info] Got 0 sessions for read:user,repo,user:email,workflow...
2025-03-19 20:28:01.936 [info] Getting sessions for user:email...
2025-03-19 20:28:01.936 [info] Got 1 sessions for user:email...
2025-03-19 20:28:02.130 [info] Getting sessions for all scopes...
2025-03-19 20:28:02.130 [info] Got 1 sessions for ...
2025-03-19 20:28:02.137 [info] Getting sessions for all scopes...
2025-03-19 20:28:02.137 [info] Got 1 sessions for ...
2025-03-19 20:28:02.152 [info] Getting sessions for read:user,repo,user:email,workflow...
2025-03-19 20:28:02.152 [info] Got 0 sessions for read:user,repo,user:email,workflow...
2025-03-19 20:28:02.160 [info] Getting sessions for user:email...
2025-03-19 20:28:02.160 [info] Got 1 sessions for user:email...
2025-03-19 20:28:02.160 [info] Getting sessions for read:user,repo,user:email,workflow...
2025-03-19 20:28:02.160 [info] Got 0 sessions for read:user,repo,user:email,workflow...
2025-03-19 20:28:02.198 [info] Getting sessions for all scopes...
2025-03-19 20:28:02.198 [info] Got 1 sessions for ...
2025-03-19 20:28:02.203 [info] Getting sessions for read:user,repo,user:email,workflow...
2025-03-19 20:28:02.203 [info] Got 0 sessions for read:user,repo,user:email,workflow...
2025-03-19 20:28:02.204 [info] Getting sessions for user:email...
2025-03-19 20:28:02.204 [info] Got 1 sessions for user:email...
