2025-03-21 14:53:23.135 [info] [main] Log level: Info
2025-03-21 14:53:23.136 [info] [main] Validating found git in: "git"
2025-03-21 14:53:23.136 [info] [main] Using git "2.49.0" from "git"
2025-03-21 14:53:23.136 [info] [Model][doInitialScan] Initial repository scan started
2025-03-21 14:53:23.136 [info] > git rev-parse --show-toplevel [2ms]
2025-03-21 14:53:23.136 [info] > git rev-parse --git-dir --git-common-dir [4ms]
2025-03-21 14:53:23.136 [info] [Model][openRepository] Opened repository: /home/shiv/Documents/Clg-practicals
2025-03-21 14:53:23.136 [info] [Model][doInitialScan] Initial repository scan completed - repositories (1), closed repositories (0), parent repositories (0), unsafe repositories (0)
2025-03-21 14:53:23.144 [info] > git config --get commit.template [10ms]
2025-03-21 14:53:23.146 [info] > git for-each-ref --format=%(refname)%00%(upstream:short)%00%(objectname)%00%(upstream:track)%00%(upstream:remotename)%00%(upstream:remoteref) refs/heads/master refs/remotes/master [3ms]
2025-03-21 14:53:23.162 [info] > git status -z -uall [8ms]
2025-03-21 14:53:23.166 [info] > git for-each-ref --sort -committerdate --format %(refname) %(objectname) %(*objectname) [6ms]
2025-03-21 14:53:23.219 [info] > git for-each-ref --format=%(refname)%00%(upstream:short)%00%(objectname)%00%(upstream:track)%00%(upstream:remotename)%00%(upstream:remoteref) refs/heads/master refs/remotes/master [13ms]
2025-03-21 14:53:24.790 [info] > git config --get --local branch.master.vscode-merge-base [1566ms]
2025-03-21 14:53:24.805 [info] > git config --get commit.template [1587ms]
2025-03-21 14:53:25.446 [info] > git for-each-ref --format=%(refname)%00%(upstream:short)%00%(objectname)%00%(upstream:track)%00%(upstream:remotename)%00%(upstream:remoteref) refs/heads/origin/master refs/remotes/origin/master [641ms]
2025-03-21 14:53:25.545 [info] > git check-ignore -v -z --stdin [67ms]
2025-03-21 14:53:25.545 [info] > git show --textconv :C-bot/sjf-non-premptive.c [39ms]
2025-03-21 14:53:25.546 [info] > git ls-files --stage -- C-bot/sjf-non-premptive.c [24ms]
2025-03-21 14:53:25.562 [info] > git merge-base refs/heads/master refs/remotes/origin/master [100ms]
2025-03-21 14:53:25.580 [info] > git diff --name-status -z --diff-filter=ADMR 5c4aa68fa53a6c4bc4c692f836e25811b457f767...refs/remotes/origin/master [4ms]
2025-03-21 14:53:25.583 [info] > git cat-file -s 3330694858e1327d6ba26b94306c64881383a35e [22ms]
2025-03-21 14:53:25.585 [info] > git for-each-ref --format=%(refname)%00%(upstream:short)%00%(objectname)%00%(upstream:track)%00%(upstream:remotename)%00%(upstream:remoteref) refs/heads/master refs/remotes/master [41ms]
2025-03-21 14:53:25.626 [info] > git status -z -uall [21ms]
2025-03-21 14:53:25.630 [info] > git for-each-ref --sort -committerdate --format %(refname) %(objectname) %(*objectname) [5ms]
2025-03-21 14:53:32.071 [info] > git blame --root --incremental 5c4aa68fa53a6c4bc4c692f836e25811b457f767 -- C-bot/sjf-non-premptive.c [2ms]
2025-03-21 14:55:00.122 [info] > git config --get commit.template [35ms]
2025-03-21 14:55:00.123 [info] > git for-each-ref --format=%(refname)%00%(upstream:short)%00%(objectname)%00%(upstream:track)%00%(upstream:remotename)%00%(upstream:remoteref) refs/heads/master refs/remotes/master [5ms]
2025-03-21 14:55:00.158 [info] > git status -z -uall [16ms]
2025-03-21 14:55:00.159 [info] > git for-each-ref --sort -committerdate --format %(refname) %(objectname) %(*objectname) [2ms]
