2025-03-19 20:34:29.870 [info] (Client) Pylance async client (2025.3.2) started with python extension (2025.2.0)
2025-03-19 20:34:31.708 [info] [Info  - 20:34:31] (29972) Server root directory: file:///home/shiv/.vscode/extensions/ms-python.vscode-pylance-2025.3.2/dist
2025-03-19 20:34:31.726 [info] [Info  - 20:34:31] (29972) Pylance language server 2025.3.2 (pyright version 1.1.396, commit 3e2236a7) starting
2025-03-19 20:34:31.815 [info] [Info  - 20:34:31] (29972) Starting service instance "<default>"
2025-03-19 20:34:31.872 [info] [Info  - 20:34:31] (29972) Setting environmentName for service "<default>": "3.13.2 (sip-dev venv)"
2025-03-19 20:34:31.872 [info] [Info  - 20:34:31] (29972) Setting pythonPath for service "<default>": "/home/shiv/devthon/sip-dev/bin/python"
2025-03-19 20:34:31.873 [info] [Info  - 20:34:31] (29972) No include entries specified; assuming /<default workspace root>
2025-03-19 20:34:31.874 [info] [Info  - 20:34:31] (29972) Auto-excluding **/node_modules
2025-03-19 20:34:31.874 [info] [Info  - 20:34:31] (29972) Auto-excluding **/__pycache__
2025-03-19 20:34:31.874 [info] [Info  - 20:34:31] (29972) Auto-excluding **/.*
2025-03-19 20:34:31.918 [info] [Info  - 20:34:31] (29972) Assuming Python version 3.13.2.final.0
2025-03-19 20:34:32.060 [info] [Error - 20:34:32] (29972) File or directory "/<default workspace root>" does not exist.
2025-03-19 20:34:32.061 [info] [Info  - 20:34:32] (29972) No source files found.
2025-03-19 20:34:32.144 [info] [Info  - 20:34:32] (29972) Setting environmentName for service "<default>": "3.13.2 (sip-dev venv)"
2025-03-19 20:34:32.145 [info] [Info  - 20:34:32] (29972) Setting pythonPath for service "<default>": "/home/shiv/devthon/sip-dev/bin/python"
2025-03-19 20:34:32.145 [info] [Info  - 20:34:32] (29972) No include entries specified; assuming /<default workspace root>
2025-03-19 20:34:32.145 [info] [Info  - 20:34:32] (29972) Auto-excluding **/node_modules
2025-03-19 20:34:32.145 [info] [Info  - 20:34:32] (29972) Auto-excluding **/__pycache__
2025-03-19 20:34:32.145 [info] [Info  - 20:34:32] (29972) Auto-excluding **/.*
2025-03-19 20:34:32.192 [info] [Info  - 20:34:32] (29972) Assuming Python version 3.13.2.final.0
2025-03-19 20:34:32.295 [info] [Error - 20:34:32] (29972) File or directory "/<default workspace root>" does not exist.
2025-03-19 20:34:32.296 [info] [Info  - 20:34:32] (29972) No source files found.
2025-03-19 20:34:33.113 [info] [Info  - 20:34:33] (29972) Priority queue background worker(2) root directory: file:///home/shiv/.vscode/extensions/ms-python.vscode-pylance-2025.3.2/dist
2025-03-19 20:34:33.166 [info] [Info  - 20:34:33] (29972) Priority queue background worker(2) started
